#
# A fatal error has been detected by the Java Runtime Environment:
#
#  SIGSEGV (0xb) at pc=0x6b923b07, pid=3654, tid=3061963584
#
# JRE version: 6.0_27-b27
# Java VM: OpenJDK Server VM (20.0-b12 mixed mode linux-x86 )
# Derivative: IcedTea6 1.12.5
# Distribution: Ubuntu 12.04 LTS, package 6b27-1.12.5-0ubuntu0.12.04.1
# Problematic frame:
# C  [libktb.so+0x1db07]  ktb_prng_fill_buffer+0x17
#
# If you would like to submit a bug report, please include
# instructions how to reproduce the bug and visit:
#   https://bugs.launchpad.net/ubuntu/+source/openjdk-6/
# The crash happened outside the Java Virtual Machine in native code.
# See problematic frame for where to report the bug.
#

---------------  T H R E A D  ---------------

Current thread (0xb6605400):  JavaThread "main" [_thread_in_native, id=3655, stack(0xb67cd000,0xb681e000)]

siginfo:si_signo=SIGSEGV: si_errno=0, si_code=1 (SEGV_MAPERR), si_addr=0x00000014

Registers:
EAX=0x00000000, EBX=0x6c923a98, ECX=0xb77c9000, EDX=0xb66be300
ESP=0xb681cf50, EBP=0xb681cfe8, ESI=0x6c923a98, EDI=0xb6605400
EIP=0x6b923b07, EFLAGS=0x00010286, CR2=0x00000014

Top of Stack: (sp=0xb681cf50)
0xb681cf50:   b71a3088 b66be300 00000032 6c923a98
0xb681cf60:   6c923a98 b6605400 b681cfe8 6c32dad6
0xb681cf70:   00000000 b66be300 00000032 b6ef63f5
0xb681cf80:   b71b0ff4 b6605400 b6605a68 6c923a98
0xb681cf90:   00000032 00000000 00000000 00000000
0xb681cfa0:   6b919bf0 6b919c20 00000032 00000000
0xb681cfb0:   6c925c10 b75d68a0 00000000 00000032
0xb681cfc0:   b66be300 b681d040 b36124d4 b3602688 

Instructions: (pc=0x6b923b07)
0x6b923ae7:   26 00 8d bc 27 00 00 00 00 83 ec 1c 8b 54 24 28
0x6b923af7:   8b 44 24 20 89 54 24 08 8b 54 24 24 89 54 24 04
0x6b923b07:   8b 50 14 89 14 24 ff 50 04 83 c4 1c c3 8d b6 00
0x6b923b17:   00 00 00 8d bf 00 00 00 00 83 ec 1c b8 0b 00 00 

Register to memory mapping:

EAX=0x00000000 is an unknown value
EBX=0x6c923a98 is an oop
{method} 
 - klass: {other class}
ECX=0xb77c9000 is an unknown value
EDX=0xb66be300 is an unknown value
ESP=0xb681cf50 is pointing into the stack for thread: 0xb6605400
EBP=0xb681cfe8 is pointing into the stack for thread: 0xb6605400
ESI=0x6c923a98 is an oop
{method} 
 - klass: {other class}
EDI=0xb6605400 is a thread


Stack: [0xb67cd000,0xb681e000],  sp=0xb681cf50,  free space=319k
Native frames: (J=compiled Java code, j=interpreted, Vv=VM code, C=native code)
C  [libktb.so+0x1db07]  ktb_prng_fill_buffer+0x17
j  ArcanaJNI.ktb_prng_fill_buffer(J[BJ)LArcanaJNI$ktb_errno;+0
j  prng.main([Ljava/lang/String;)V+28
v  ~StubRoutines::call_stub
V  [libjvm.so+0x39b0b6]  JavaCalls::call_helper(JavaValue*, methodHandle*, JavaCallArguments*, Thread*)+0x2c6

Java frames: (J=compiled Java code, j=interpreted, Vv=VM code)
j  ArcanaJNI.ktb_prng_fill_buffer(J[BJ)LArcanaJNI$ktb_errno;+0
j  prng.main([Ljava/lang/String;)V+28
v  ~StubRoutines::call_stub

---------------  P R O C E S S  ---------------

Java Threads: ( => current thread )
  0xb66a4000 JavaThread "Low Memory Detector" daemon [_thread_blocked, id=3664, stack(0x6b9c4000,0x6ba15000)]
  0xb66a2400 JavaThread "C2 CompilerThread1" daemon [_thread_blocked, id=3663, stack(0x6ba15000,0x6ba96000)]
  0xb66a0400 JavaThread "C2 CompilerThread0" daemon [_thread_blocked, id=3662, stack(0x6ba96000,0x6bb17000)]
  0xb669ec00 JavaThread "Signal Dispatcher" daemon [_thread_blocked, id=3661, stack(0x6bb17000,0x6bb68000)]
  0xb668f400 JavaThread "Finalizer" daemon [_thread_blocked, id=3660, stack(0x6c12e000,0x6c17f000)]
  0xb668dc00 JavaThread "Reference Handler" daemon [_thread_blocked, id=3659, stack(0x6bd68000,0x6bdb9000)]
=>0xb6605400 JavaThread "main" [_thread_in_native, id=3655, stack(0xb67cd000,0xb681e000)]

Other Threads:
  0xb668ac00 VMThread [stack: 0x6bdb9000,0x6be3a000] [id=3658]
  0xb66a5c00 WatcherThread [stack: 0x6b943000,0x6b9c4000] [id=3665]

VM state:not at safepoint (normal execution)

VM Mutex/Monitor currently owned by a thread: None

Heap
 PSYoungGen      total 18816K, used 323K [0x9e5f0000, 0x9fae0000, 0xb3540000)
  eden space 16192K, 2% used [0x9e5f0000,0x9e640f70,0x9f5c0000)
  from space 2624K, 0% used [0x9f850000,0x9f850000,0x9fae0000)
  to   space 2624K, 0% used [0x9f5c0000,0x9f5c0000,0x9f850000)
 PSOldGen        total 42944K, used 0K [0x74740000, 0x77130000, 0x9e5f0000)
  object space 42944K, 0% used [0x74740000,0x74740000,0x77130000)
 PSPermGen       total 16384K, used 1961K [0x6c740000, 0x6d740000, 0x74740000)
  object space 16384K, 11% used [0x6c740000,0x6c92a6d8,0x6d740000)

Code Cache  [0xb3600000, 0xb3840000, 0xb6600000)
 total_blobs=101 nmethods=0 adapters=69 free_code_cache=50034880 largest_free_block=0

Dynamic libraries:
08048000-08051000 r-xp 00000000 08:05 6034637    /usr/lib/jvm/java-6-openjdk-i386/jre/bin/java
08051000-08052000 r--p 00008000 08:05 6034637    /usr/lib/jvm/java-6-openjdk-i386/jre/bin/java
08052000-08053000 rw-p 00009000 08:05 6034637    /usr/lib/jvm/java-6-openjdk-i386/jre/bin/java
088c9000-088ea000 rw-p 00000000 00:00 0          [heap]
6b887000-6b8fe000 r-xp 00000000 08:05 3150504    /usr/lib/i386-linux-gnu/libgmp.so.10.0.2
6b8fe000-6b8ff000 r--p 00076000 08:05 3150504    /usr/lib/i386-linux-gnu/libgmp.so.10.0.2
6b8ff000-6b906000 rw-p 00077000 08:05 3150504    /usr/lib/i386-linux-gnu/libgmp.so.10.0.2
6b906000-6b940000 r-xp 00000000 08:05 12984509   /home/baptiste/git/ParserJNI/JNA/Java/libktb.so
6b940000-6b941000 r--p 0003a000 08:05 12984509   /home/baptiste/git/ParserJNI/JNA/Java/libktb.so
6b941000-6b942000 rw-p 0003b000 08:05 12984509   /home/baptiste/git/ParserJNI/JNA/Java/libktb.so
6b942000-6b943000 rw-p 00000000 00:00 0 
6b943000-6b944000 ---p 00000000 00:00 0 
6b944000-6b9c4000 rw-p 00000000 00:00 0 
6b9c4000-6b9c7000 ---p 00000000 00:00 0 
6b9c7000-6ba15000 rw-p 00000000 00:00 0 
6ba15000-6ba18000 ---p 00000000 00:00 0 
6ba18000-6ba96000 rw-p 00000000 00:00 0 
6ba96000-6ba99000 ---p 00000000 00:00 0 
6ba99000-6bb17000 rw-p 00000000 00:00 0 
6bb17000-6bb1a000 ---p 00000000 00:00 0 
6bb1a000-6bb68000 rw-p 00000000 00:00 0 
6bb68000-6bd68000 r--p 00000000 08:05 3152888    /usr/lib/locale/locale-archive
6bd68000-6bd6b000 ---p 00000000 00:00 0 
6bd6b000-6bdb9000 rw-p 00000000 00:00 0 
6bdb9000-6bdba000 ---p 00000000 00:00 0 
6bdba000-6be6d000 rw-p 00000000 00:00 0 
6be6d000-6c000000 r--s 037db000 08:05 6167155    /usr/lib/jvm/java-6-openjdk-i386/jre/lib/rt.jar
6c000000-6c021000 rw-p 00000000 00:00 0 
6c021000-6c100000 ---p 00000000 00:00 0 
6c12e000-6c131000 ---p 00000000 00:00 0 
6c131000-6c17f000 rw-p 00000000 00:00 0 
6c17f000-6c180000 ---p 00000000 00:00 0 
6c180000-6c200000 rw-p 00000000 00:00 0 
6c200000-6c221000 rw-p 00000000 00:00 0 
6c221000-6c300000 ---p 00000000 00:00 0 
6c328000-6c335000 r-xp 00000000 08:05 12976347   /home/baptiste/git/ParserJNI/JNA/Java/libarcanaJNI.so
6c335000-6c336000 r--p 0000c000 08:05 12976347   /home/baptiste/git/ParserJNI/JNA/Java/libarcanaJNI.so
6c336000-6c337000 rw-p 0000d000 08:05 12976347   /home/baptiste/git/ParserJNI/JNA/Java/libarcanaJNI.so
6c337000-6c338000 ---p 00000000 00:00 0 
6c338000-6c3cd000 rw-p 00000000 00:00 0 
6c3cd000-6c508000 rw-p 00000000 00:00 0 
6c508000-6c510000 rw-p 00000000 00:00 0 
6c510000-6c548000 rw-p 00000000 00:00 0 
6c548000-6c55d000 rw-p 00000000 00:00 0 
6c55d000-6c697000 rw-p 00000000 00:00 0 
6c697000-6c6a2000 rw-p 00000000 00:00 0 
6c6a2000-6c73f000 rw-p 00000000 00:00 0 
6c73f000-6d740000 rw-p 00000000 00:00 0 
6d740000-74740000 rw-p 00000000 00:00 0 
74740000-77130000 rw-p 00000000 00:00 0 
77130000-9e5f0000 rw-p 00000000 00:00 0 
9e5f0000-9fae0000 rw-p 00000000 00:00 0 
9fae0000-b3540000 rw-p 00000000 00:00 0 
b3540000-b3549000 rw-p 00000000 00:00 0 
b3549000-b3600000 rw-p 00000000 00:00 0 
b3600000-b3840000 rwxp 00000000 00:00 0 
b3840000-b66dd000 rw-p 00000000 00:00 0 
b66dd000-b6700000 ---p 00000000 00:00 0 
b6702000-b6705000 r--s 00077000 08:05 3411556    /usr/lib/jvm/java-6-openjdk-common/jre/lib/ext/localedata.jar
b6705000-b6708000 r--s 00031000 08:05 3416587    /usr/lib/jvm/java-6-openjdk-common/jre/lib/ext/sunjce_provider.jar
b6708000-b6710000 rw-p 00000000 00:00 0 
b6710000-b6748000 rw-p 00000000 00:00 0 
b6748000-b6753000 r-xp 00000000 08:05 10756485   /lib/i386-linux-gnu/libnss_files-2.15.so
b6753000-b6754000 r--p 0000a000 08:05 10756485   /lib/i386-linux-gnu/libnss_files-2.15.so
b6754000-b6755000 rw-p 0000b000 08:05 10756485   /lib/i386-linux-gnu/libnss_files-2.15.so
b6755000-b675f000 r-xp 00000000 08:05 10756489   /lib/i386-linux-gnu/libnss_nis-2.15.so
b675f000-b6760000 r--p 00009000 08:05 10756489   /lib/i386-linux-gnu/libnss_nis-2.15.so
b6760000-b6761000 rw-p 0000a000 08:05 10756489   /lib/i386-linux-gnu/libnss_nis-2.15.so
b6761000-b6777000 r-xp 00000000 08:05 10756501   /lib/i386-linux-gnu/libnsl-2.15.so
b6777000-b6778000 r--p 00015000 08:05 10756501   /lib/i386-linux-gnu/libnsl-2.15.so
b6778000-b6779000 rw-p 00016000 08:05 10756501   /lib/i386-linux-gnu/libnsl-2.15.so
b6779000-b677b000 rw-p 00000000 00:00 0 
b677b000-b6782000 r-xp 00000000 08:05 10756483   /lib/i386-linux-gnu/libnss_compat-2.15.so
b6782000-b6783000 r--p 00006000 08:05 10756483   /lib/i386-linux-gnu/libnss_compat-2.15.so
b6783000-b6784000 rw-p 00007000 08:05 10756483   /lib/i386-linux-gnu/libnss_compat-2.15.so
b6786000-b678a000 r--s 00039000 08:05 3410657    /usr/lib/jvm/java-6-openjdk-common/jre/lib/ext/sunpkcs11.jar
b678a000-b6791000 r-xp 00000000 08:05 6163400    /usr/lib/jvm/java-6-openjdk-i386/jre/lib/i386/libzip.so
b6791000-b6792000 r--p 00006000 08:05 6163400    /usr/lib/jvm/java-6-openjdk-i386/jre/lib/i386/libzip.so
b6792000-b6793000 rw-p 00007000 08:05 6163400    /usr/lib/jvm/java-6-openjdk-i386/jre/lib/i386/libzip.so
b6793000-b679b000 rw-s 00000000 08:05 4591915    /tmp/hsperfdata_baptiste/3654
b679b000-b67c1000 r-xp 00000000 08:05 6163394    /usr/lib/jvm/java-6-openjdk-i386/jre/lib/i386/libjava.so
b67c1000-b67c2000 r--p 00025000 08:05 6163394    /usr/lib/jvm/java-6-openjdk-i386/jre/lib/i386/libjava.so
b67c2000-b67c4000 rw-p 00026000 08:05 6163394    /usr/lib/jvm/java-6-openjdk-i386/jre/lib/i386/libjava.so
b67c4000-b67cb000 r-xp 00000000 08:05 10756488   /lib/i386-linux-gnu/librt-2.15.so
b67cb000-b67cc000 r--p 00006000 08:05 10756488   /lib/i386-linux-gnu/librt-2.15.so
b67cc000-b67cd000 rw-p 00007000 08:05 10756488   /lib/i386-linux-gnu/librt-2.15.so
b67cd000-b67d0000 ---p 00000000 00:00 0 
b67d0000-b681e000 rw-p 00000000 00:00 0 
b681e000-b683a000 r-xp 00000000 08:05 10748852   /lib/i386-linux-gnu/libgcc_s.so.1
b683a000-b683b000 r--p 0001b000 08:05 10748852   /lib/i386-linux-gnu/libgcc_s.so.1
b683b000-b683c000 rw-p 0001c000 08:05 10748852   /lib/i386-linux-gnu/libgcc_s.so.1
b683c000-b6866000 r-xp 00000000 08:05 10756492   /lib/i386-linux-gnu/libm-2.15.so
b6866000-b6867000 r--p 00029000 08:05 10756492   /lib/i386-linux-gnu/libm-2.15.so
b6867000-b6868000 rw-p 0002a000 08:05 10756492   /lib/i386-linux-gnu/libm-2.15.so
b6868000-b6940000 r-xp 00000000 08:05 3150797    /usr/lib/i386-linux-gnu/libstdc++.so.6.0.16
b6940000-b6941000 ---p 000d8000 08:05 3150797    /usr/lib/i386-linux-gnu/libstdc++.so.6.0.16
b6941000-b6945000 r--p 000d8000 08:05 3150797    /usr/lib/i386-linux-gnu/libstdc++.so.6.0.16
b6945000-b6946000 rw-p 000dc000 08:05 3150797    /usr/lib/i386-linux-gnu/libstdc++.so.6.0.16
b6946000-b694d000 rw-p 00000000 00:00 0 
b694d000-b716c000 r-xp 00000000 08:05 6164685    /usr/lib/jvm/java-6-openjdk-i386/jre/lib/i386/server/libjvm.so
b716c000-b71b1000 r--p 0081f000 08:05 6164685    /usr/lib/jvm/java-6-openjdk-i386/jre/lib/i386/server/libjvm.so
b71b1000-b71c0000 rw-p 00864000 08:05 6164685    /usr/lib/jvm/java-6-openjdk-i386/jre/lib/i386/server/libjvm.so
b71c0000-b75dc000 rw-p 00000000 00:00 0 
b75dc000-b75f0000 r-xp 00000000 08:05 10748942   /lib/i386-linux-gnu/libz.so.1.2.3.4
b75f0000-b75f1000 r--p 00013000 08:05 10748942   /lib/i386-linux-gnu/libz.so.1.2.3.4
b75f1000-b75f2000 rw-p 00014000 08:05 10748942   /lib/i386-linux-gnu/libz.so.1.2.3.4
b75f2000-b7795000 r-xp 00000000 08:05 10756481   /lib/i386-linux-gnu/libc-2.15.so
b7795000-b7797000 r--p 001a3000 08:05 10756481   /lib/i386-linux-gnu/libc-2.15.so
b7797000-b7798000 rw-p 001a5000 08:05 10756481   /lib/i386-linux-gnu/libc-2.15.so
b7798000-b779b000 rw-p 00000000 00:00 0 
b779b000-b779e000 r-xp 00000000 08:05 10756496   /lib/i386-linux-gnu/libdl-2.15.so
b779e000-b779f000 r--p 00002000 08:05 10756496   /lib/i386-linux-gnu/libdl-2.15.so
b779f000-b77a0000 rw-p 00003000 08:05 10756496   /lib/i386-linux-gnu/libdl-2.15.so
b77a0000-b77a4000 r-xp 00000000 08:05 6163403    /usr/lib/jvm/java-6-openjdk-i386/jre/lib/i386/jli/libjli.so
b77a4000-b77a5000 r--p 00003000 08:05 6163403    /usr/lib/jvm/java-6-openjdk-i386/jre/lib/i386/jli/libjli.so
b77a5000-b77a6000 rw-p 00004000 08:05 6163403    /usr/lib/jvm/java-6-openjdk-i386/jre/lib/i386/jli/libjli.so
b77a6000-b77a7000 rw-p 00000000 00:00 0 
b77a7000-b77be000 r-xp 00000000 08:05 10756490   /lib/i386-linux-gnu/libpthread-2.15.so
b77be000-b77bf000 r--p 00016000 08:05 10756490   /lib/i386-linux-gnu/libpthread-2.15.so
b77bf000-b77c0000 rw-p 00017000 08:05 10756490   /lib/i386-linux-gnu/libpthread-2.15.so
b77c0000-b77c2000 rw-p 00000000 00:00 0 
b77c3000-b77c5000 r--s 0000f000 08:05 3416589    /usr/lib/jvm/java-6-openjdk-common/jre/lib/ext/pulse-java.jar
b77c5000-b77c6000 r--s 00007000 08:05 3415217    /usr/share/java/java-atk-wrapper.jar
b77c6000-b77c8000 r--s 00001000 08:05 3416588    /usr/lib/jvm/java-6-openjdk-common/jre/lib/ext/dnsns.jar
b77c8000-b77c9000 r--p 00858000 08:05 3152888    /usr/lib/locale/locale-archive
b77c9000-b77ca000 rw-p 00000000 00:00 0 
b77ca000-b77cb000 r--p 00000000 00:00 0 
b77cb000-b77d6000 r-xp 00000000 08:05 6167144    /usr/lib/jvm/java-6-openjdk-i386/jre/lib/i386/libverify.so
b77d6000-b77d7000 ---p 0000b000 08:05 6167144    /usr/lib/jvm/java-6-openjdk-i386/jre/lib/i386/libverify.so
b77d7000-b77d8000 r--p 0000b000 08:05 6167144    /usr/lib/jvm/java-6-openjdk-i386/jre/lib/i386/libverify.so
b77d8000-b77d9000 rw-p 0000c000 08:05 6167144    /usr/lib/jvm/java-6-openjdk-i386/jre/lib/i386/libverify.so
b77d9000-b77db000 rw-p 00000000 00:00 0 
b77db000-b77dc000 r-xp 00000000 00:00 0          [vdso]
b77dc000-b77fc000 r-xp 00000000 08:05 10756493   /lib/i386-linux-gnu/ld-2.15.so
b77fc000-b77fd000 r--p 0001f000 08:05 10756493   /lib/i386-linux-gnu/ld-2.15.so
b77fd000-b77fe000 rw-p 00020000 08:05 10756493   /lib/i386-linux-gnu/ld-2.15.so
bfd12000-bfd33000 rw-p 00000000 00:00 0          [stack]

VM Arguments:
jvm_args: -Djava.library.path=. 
java_command: prng
Launcher Type: SUN_STANDARD

Environment Variables:
PATH=/home/baptiste/local/bin:/usr/lib/lightdm/lightdm:/usr/local/sbin:/usr/local/bin:/usr/sbin:/usr/bin:/sbin:/bin:/usr/games
LD_LIBRARY_PATH=/usr/lib/jvm/java-6-openjdk-i386/jre/lib/i386/server:/usr/lib/jvm/java-6-openjdk-i386/jre/lib/i386:/usr/lib/jvm/java-6-openjdk-i386/jre/../lib/i386:.
SHELL=/bin/bash
DISPLAY=:0.0

Signal Handlers:
SIGSEGV: [libjvm.so+0x66b2b0], sa_mask[0]=0x7ffbfeff, sa_flags=0x10000004
SIGBUS: [libjvm.so+0x66b2b0], sa_mask[0]=0x7ffbfeff, sa_flags=0x10000004
SIGFPE: [libjvm.so+0x52e950], sa_mask[0]=0x7ffbfeff, sa_flags=0x10000004
SIGPIPE: [libjvm.so+0x52e950], sa_mask[0]=0x7ffbfeff, sa_flags=0x10000004
SIGXFSZ: [libjvm.so+0x52e950], sa_mask[0]=0x7ffbfeff, sa_flags=0x10000004
SIGILL: [libjvm.so+0x52e950], sa_mask[0]=0x7ffbfeff, sa_flags=0x10000004
SIGUSR1: SIG_DFL, sa_mask[0]=0x00000000, sa_flags=0x00000000
SIGUSR2: [libjvm.so+0x52e7e0], sa_mask[0]=0x00000000, sa_flags=0x10000004
SIGHUP: [libjvm.so+0x531770], sa_mask[0]=0x7ffbfeff, sa_flags=0x10000004
SIGINT: [libjvm.so+0x531770], sa_mask[0]=0x7ffbfeff, sa_flags=0x10000004
SIGTERM: [libjvm.so+0x531770], sa_mask[0]=0x7ffbfeff, sa_flags=0x10000004
SIGQUIT: [libjvm.so+0x531770], sa_mask[0]=0x7ffbfeff, sa_flags=0x10000004


---------------  S Y S T E M  ---------------

OS:Ubuntu 12.04 (precise)
uname:Linux 3.2.0-48-generic-pae #74-Ubuntu SMP Thu Jun 6 20:05:01 UTC 2013 i686
libc:glibc 2.15 NPTL 2.15 
rlimit: STACK 8192k, CORE 0k, NPROC 32049, NOFILE 4096, AS infinity
load average:2.23 1.99 1.42

/proc/meminfo:
MemTotal:        4116908 kB
MemFree:         2315740 kB
Buffers:          129596 kB
Cached:           854020 kB
SwapCached:            0 kB
Active:          1046500 kB
Inactive:         630312 kB
Active(anon):     694488 kB
Inactive(anon):     9048 kB
Active(file):     352012 kB
Inactive(file):   621264 kB
Unevictable:          20 kB
Mlocked:              20 kB
HighTotal:       3276048 kB
HighFree:        1702984 kB
LowTotal:         840860 kB
LowFree:          612756 kB
SwapTotal:       3145724 kB
SwapFree:        3145724 kB
Dirty:              2864 kB
Writeback:             0 kB
AnonPages:        693480 kB
Mapped:           194964 kB
Shmem:             10016 kB
Slab:              58616 kB
SReclaimable:      41304 kB
SUnreclaim:        17312 kB
KernelStack:        3488 kB
PageTables:        10724 kB
NFS_Unstable:          0 kB
Bounce:                0 kB
WritebackTmp:          0 kB
CommitLimit:     5204176 kB
Committed_AS:    3183700 kB
VmallocTotal:     122880 kB
VmallocUsed:       50116 kB
VmallocChunk:      63364 kB
HardwareCorrupted:     0 kB
AnonHugePages:         0 kB
HugePages_Total:       0
HugePages_Free:        0
HugePages_Rsvd:        0
HugePages_Surp:        0
Hugepagesize:       2048 kB
DirectMap4k:       61432 kB
DirectMap2M:      851968 kB


CPU:total 2 (2 cores per cpu, 1 threads per core) family 6 model 23 stepping 6, cmov, cx8, fxsr, mmx, sse, sse2, sse3, ssse3, sse4.1

Memory: 4k page, physical 4116908k(2315740k free), swap 3145724k(3145724k free)

vm_info: OpenJDK Server VM (20.0-b12) for linux-x86 JRE (1.6.0_27-b27), built on Apr 25 2013 14:59:06 by "buildd" with gcc 4.6.3

time: Sun Jun 30 11:49:34 2013
elapsed time: 0 seconds

