#
# A fatal error has been detected by the Java Runtime Environment:
#
#  SIGSEGV (0xb) at pc=0x6b8d7b07, pid=3708, tid=3061730112
#
# JRE version: 6.0_27-b27
# Java VM: OpenJDK Server VM (20.0-b12 mixed mode linux-x86 )
# Derivative: IcedTea6 1.12.5
# Distribution: Ubuntu 12.04 LTS, package 6b27-1.12.5-0ubuntu0.12.04.1
# Problematic frame:
# C  [libktb.so+0x1db07]  ktb_prng_fill_buffer+0x17
#
# If you would like to submit a bug report, please include
# instructions how to reproduce the bug and visit:
#   https://bugs.launchpad.net/ubuntu/+source/openjdk-6/
# The crash happened outside the Java Virtual Machine in native code.
# See problematic frame for where to report the bug.
#

---------------  T H R E A D  ---------------

Current thread (0xb6605400):  JavaThread "main" [_thread_in_native, id=3709, stack(0xb6794000,0xb67e5000)]

siginfo:si_signo=SIGSEGV: si_errno=0, si_code=1 (SEGV_MAPERR), si_addr=0x00000014

Registers:
EAX=0x00000000, EBX=0x6c923a98, ECX=0xb7790000, EDX=0xb66be6f0
ESP=0xb67e3f50, EBP=0xb67e3fe8, ESI=0x6c923a98, EDI=0xb6605400
EIP=0x6b8d7b07, EFLAGS=0x00010286, CR2=0x00000014

Top of Stack: (sp=0xb67e3f50)
0xb67e3f50:   b716a088 b66be6f0 00000032 6c923a98
0xb67e3f60:   6c923a98 b6605400 b67e3fe8 6c239ab0
0xb67e3f70:   00000000 b66be6f0 00000032 b6ebd3f5
0xb67e3f80:   b7177ff4 b6605400 b6605a68 6c923a98
0xb67e3f90:   00000032 00000000 00000000 00000000
0xb67e3fa0:   6b8cdbf0 6b8cdc20 00000032 00000000
0xb67e3fb0:   6c925c10 b759d8a0 b67e4008 00000032
0xb67e3fc0:   b66be6f0 b67e4040 b36124d4 b3602688 

Instructions: (pc=0x6b8d7b07)
0x6b8d7ae7:   26 00 8d bc 27 00 00 00 00 83 ec 1c 8b 54 24 28
0x6b8d7af7:   8b 44 24 20 89 54 24 08 8b 54 24 24 89 54 24 04
0x6b8d7b07:   8b 50 14 89 14 24 ff 50 04 83 c4 1c c3 8d b6 00
0x6b8d7b17:   00 00 00 8d bf 00 00 00 00 83 ec 1c b8 0b 00 00 

Register to memory mapping:

EAX=0x00000000 is an unknown value
EBX=0x6c923a98 is an oop
{method} 
 - klass: {other class}
ECX=0xb7790000 is an unknown value
EDX=0xb66be6f0 is an unknown value
ESP=0xb67e3f50 is pointing into the stack for thread: 0xb6605400
EBP=0xb67e3fe8 is pointing into the stack for thread: 0xb6605400
ESI=0x6c923a98 is an oop
{method} 
 - klass: {other class}
EDI=0xb6605400 is a thread


Stack: [0xb6794000,0xb67e5000],  sp=0xb67e3f50,  free space=319k
Native frames: (J=compiled Java code, j=interpreted, Vv=VM code, C=native code)
C  [libktb.so+0x1db07]  ktb_prng_fill_buffer+0x17
j  ArcanaJNI.ktb_prng_fill_buffer(J[BJ)LArcanaJNI$ktb_errno;+0
j  prng.main([Ljava/lang/String;)V+28
v  ~StubRoutines::call_stub
V  [libjvm.so+0x39b0b6]  JavaCalls::call_helper(JavaValue*, methodHandle*, JavaCallArguments*, Thread*)+0x2c6

Java frames: (J=compiled Java code, j=interpreted, Vv=VM code)
j  ArcanaJNI.ktb_prng_fill_buffer(J[BJ)LArcanaJNI$ktb_errno;+0
j  prng.main([Ljava/lang/String;)V+28
v  ~StubRoutines::call_stub

---------------  P R O C E S S  ---------------

Java Threads: ( => current thread )
  0xb66a4000 JavaThread "Low Memory Detector" daemon [_thread_blocked, id=3719, stack(0x6b978000,0x6b9c9000)]
  0xb66a2400 JavaThread "C2 CompilerThread1" daemon [_thread_blocked, id=3718, stack(0x6b9c9000,0x6ba4a000)]
  0xb66a0400 JavaThread "C2 CompilerThread0" daemon [_thread_blocked, id=3717, stack(0x6ba4a000,0x6bacb000)]
  0xb669ec00 JavaThread "Signal Dispatcher" daemon [_thread_blocked, id=3716, stack(0x6bacb000,0x6bb1c000)]
  0xb668f400 JavaThread "Finalizer" daemon [_thread_blocked, id=3715, stack(0x6bd1c000,0x6bd6d000)]
  0xb668dc00 JavaThread "Reference Handler" daemon [_thread_blocked, id=3714, stack(0x6c02e000,0x6c07f000)]
=>0xb6605400 JavaThread "main" [_thread_in_native, id=3709, stack(0xb6794000,0xb67e5000)]

Other Threads:
  0xb668ac00 VMThread [stack: 0x6c07f000,0x6c100000] [id=3713]
  0xb66a6000 WatcherThread [stack: 0x6b8f7000,0x6b978000] [id=3720]

VM state:not at safepoint (normal execution)

VM Mutex/Monitor currently owned by a thread: None

Heap
 PSYoungGen      total 18816K, used 323K [0x9e5f0000, 0x9fae0000, 0xb3540000)
  eden space 16192K, 2% used [0x9e5f0000,0x9e640f70,0x9f5c0000)
  from space 2624K, 0% used [0x9f850000,0x9f850000,0x9fae0000)
  to   space 2624K, 0% used [0x9f5c0000,0x9f5c0000,0x9f850000)
 PSOldGen        total 42944K, used 0K [0x74740000, 0x77130000, 0x9e5f0000)
  object space 42944K, 0% used [0x74740000,0x74740000,0x77130000)
 PSPermGen       total 16384K, used 1961K [0x6c740000, 0x6d740000, 0x74740000)
  object space 16384K, 11% used [0x6c740000,0x6c92a6d8,0x6d740000)

Code Cache  [0xb3600000, 0xb3840000, 0xb6600000)
 total_blobs=101 nmethods=0 adapters=69 free_code_cache=50034880 largest_free_block=0

Dynamic libraries:
08048000-08051000 r-xp 00000000 08:05 6034637    /usr/lib/jvm/java-6-openjdk-i386/jre/bin/java
08051000-08052000 r--p 00008000 08:05 6034637    /usr/lib/jvm/java-6-openjdk-i386/jre/bin/java
08052000-08053000 rw-p 00009000 08:05 6034637    /usr/lib/jvm/java-6-openjdk-i386/jre/bin/java
099cd000-099ee000 rw-p 00000000 00:00 0          [heap]
6b83b000-6b8b2000 r-xp 00000000 08:05 3150504    /usr/lib/i386-linux-gnu/libgmp.so.10.0.2
6b8b2000-6b8b3000 r--p 00076000 08:05 3150504    /usr/lib/i386-linux-gnu/libgmp.so.10.0.2
6b8b3000-6b8ba000 rw-p 00077000 08:05 3150504    /usr/lib/i386-linux-gnu/libgmp.so.10.0.2
6b8ba000-6b8f4000 r-xp 00000000 08:05 12984509   /home/baptiste/git/ParserJNI/JNA/Java/libktb.so
6b8f4000-6b8f5000 r--p 0003a000 08:05 12984509   /home/baptiste/git/ParserJNI/JNA/Java/libktb.so
6b8f5000-6b8f6000 rw-p 0003b000 08:05 12984509   /home/baptiste/git/ParserJNI/JNA/Java/libktb.so
6b8f6000-6b8f7000 rw-p 00000000 00:00 0 
6b8f7000-6b8f8000 ---p 00000000 00:00 0 
6b8f8000-6b978000 rw-p 00000000 00:00 0 
6b978000-6b97b000 ---p 00000000 00:00 0 
6b97b000-6b9c9000 rw-p 00000000 00:00 0 
6b9c9000-6b9cc000 ---p 00000000 00:00 0 
6b9cc000-6ba4a000 rw-p 00000000 00:00 0 
6ba4a000-6ba4d000 ---p 00000000 00:00 0 
6ba4d000-6bacb000 rw-p 00000000 00:00 0 
6bacb000-6bace000 ---p 00000000 00:00 0 
6bace000-6bb1c000 rw-p 00000000 00:00 0 
6bb1c000-6bd1c000 r--p 00000000 08:05 3152888    /usr/lib/locale/locale-archive
6bd1c000-6bd1f000 ---p 00000000 00:00 0 
6bd1f000-6bd6d000 rw-p 00000000 00:00 0 
6bd6d000-6bf00000 r--s 037db000 08:05 6167155    /usr/lib/jvm/java-6-openjdk-i386/jre/lib/rt.jar
6bf00000-6bf21000 rw-p 00000000 00:00 0 
6bf21000-6c000000 ---p 00000000 00:00 0 
6c02e000-6c031000 ---p 00000000 00:00 0 
6c031000-6c07f000 rw-p 00000000 00:00 0 
6c07f000-6c080000 ---p 00000000 00:00 0 
6c080000-6c100000 rw-p 00000000 00:00 0 
6c100000-6c121000 rw-p 00000000 00:00 0 
6c121000-6c200000 ---p 00000000 00:00 0 
6c234000-6c241000 r-xp 00000000 08:05 12976347   /home/baptiste/git/ParserJNI/JNA/Java/libarcanaJNI.so
6c241000-6c242000 r--p 0000c000 08:05 12976347   /home/baptiste/git/ParserJNI/JNA/Java/libarcanaJNI.so
6c242000-6c243000 rw-p 0000d000 08:05 12976347   /home/baptiste/git/ParserJNI/JNA/Java/libarcanaJNI.so
6c243000-6c276000 rw-p 00000000 00:00 0 
6c276000-6c277000 ---p 00000000 00:00 0 
6c277000-6c2f7000 rw-p 00000000 00:00 0 
6c2f7000-6c2f8000 ---p 00000000 00:00 0 
6c2f8000-6c380000 rw-p 00000000 00:00 0 
6c380000-6c3b8000 rw-p 00000000 00:00 0 
6c3b8000-6c3cd000 rw-p 00000000 00:00 0 
6c3cd000-6c508000 rw-p 00000000 00:00 0 
6c508000-6c510000 rw-p 00000000 00:00 0 
6c510000-6c548000 rw-p 00000000 00:00 0 
6c548000-6c55d000 rw-p 00000000 00:00 0 
6c55d000-6c697000 rw-p 00000000 00:00 0 
6c697000-6c6a2000 rw-p 00000000 00:00 0 
6c6a2000-6c73f000 rw-p 00000000 00:00 0 
6c73f000-6d740000 rw-p 00000000 00:00 0 
6d740000-74740000 rw-p 00000000 00:00 0 
74740000-77130000 rw-p 00000000 00:00 0 
77130000-9e5f0000 rw-p 00000000 00:00 0 
9e5f0000-9fae0000 rw-p 00000000 00:00 0 
9fae0000-b3540000 rw-p 00000000 00:00 0 
b3540000-b3549000 rw-p 00000000 00:00 0 
b3549000-b3600000 rw-p 00000000 00:00 0 
b3600000-b3840000 rwxp 00000000 00:00 0 
b3840000-b66de000 rw-p 00000000 00:00 0 
b66de000-b6700000 ---p 00000000 00:00 0 
b6709000-b670c000 r--s 00077000 08:05 3411556    /usr/lib/jvm/java-6-openjdk-common/jre/lib/ext/localedata.jar
b670c000-b670f000 r--s 00031000 08:05 3416587    /usr/lib/jvm/java-6-openjdk-common/jre/lib/ext/sunjce_provider.jar
b670f000-b671a000 r-xp 00000000 08:05 10756485   /lib/i386-linux-gnu/libnss_files-2.15.so
b671a000-b671b000 r--p 0000a000 08:05 10756485   /lib/i386-linux-gnu/libnss_files-2.15.so
b671b000-b671c000 rw-p 0000b000 08:05 10756485   /lib/i386-linux-gnu/libnss_files-2.15.so
b671c000-b6726000 r-xp 00000000 08:05 10756489   /lib/i386-linux-gnu/libnss_nis-2.15.so
b6726000-b6727000 r--p 00009000 08:05 10756489   /lib/i386-linux-gnu/libnss_nis-2.15.so
b6727000-b6728000 rw-p 0000a000 08:05 10756489   /lib/i386-linux-gnu/libnss_nis-2.15.so
b6728000-b673e000 r-xp 00000000 08:05 10756501   /lib/i386-linux-gnu/libnsl-2.15.so
b673e000-b673f000 r--p 00015000 08:05 10756501   /lib/i386-linux-gnu/libnsl-2.15.so
b673f000-b6740000 rw-p 00016000 08:05 10756501   /lib/i386-linux-gnu/libnsl-2.15.so
b6740000-b6742000 rw-p 00000000 00:00 0 
b6742000-b6749000 r-xp 00000000 08:05 10756483   /lib/i386-linux-gnu/libnss_compat-2.15.so
b6749000-b674a000 r--p 00006000 08:05 10756483   /lib/i386-linux-gnu/libnss_compat-2.15.so
b674a000-b674b000 rw-p 00007000 08:05 10756483   /lib/i386-linux-gnu/libnss_compat-2.15.so
b674d000-b6751000 r--s 00039000 08:05 3410657    /usr/lib/jvm/java-6-openjdk-common/jre/lib/ext/sunpkcs11.jar
b6751000-b6758000 r-xp 00000000 08:05 6163400    /usr/lib/jvm/java-6-openjdk-i386/jre/lib/i386/libzip.so
b6758000-b6759000 r--p 00006000 08:05 6163400    /usr/lib/jvm/java-6-openjdk-i386/jre/lib/i386/libzip.so
b6759000-b675a000 rw-p 00007000 08:05 6163400    /usr/lib/jvm/java-6-openjdk-i386/jre/lib/i386/libzip.so
b675a000-b6762000 rw-s 00000000 08:05 4590735    /tmp/hsperfdata_baptiste/3708
b6762000-b6788000 r-xp 00000000 08:05 6163394    /usr/lib/jvm/java-6-openjdk-i386/jre/lib/i386/libjava.so
b6788000-b6789000 r--p 00025000 08:05 6163394    /usr/lib/jvm/java-6-openjdk-i386/jre/lib/i386/libjava.so
b6789000-b678b000 rw-p 00026000 08:05 6163394    /usr/lib/jvm/java-6-openjdk-i386/jre/lib/i386/libjava.so
b678b000-b6792000 r-xp 00000000 08:05 10756488   /lib/i386-linux-gnu/librt-2.15.so
b6792000-b6793000 r--p 00006000 08:05 10756488   /lib/i386-linux-gnu/librt-2.15.so
b6793000-b6794000 rw-p 00007000 08:05 10756488   /lib/i386-linux-gnu/librt-2.15.so
b6794000-b6797000 ---p 00000000 00:00 0 
b6797000-b67e5000 rw-p 00000000 00:00 0 
b67e5000-b6801000 r-xp 00000000 08:05 10748852   /lib/i386-linux-gnu/libgcc_s.so.1
b6801000-b6802000 r--p 0001b000 08:05 10748852   /lib/i386-linux-gnu/libgcc_s.so.1
b6802000-b6803000 rw-p 0001c000 08:05 10748852   /lib/i386-linux-gnu/libgcc_s.so.1
b6803000-b682d000 r-xp 00000000 08:05 10756492   /lib/i386-linux-gnu/libm-2.15.so
b682d000-b682e000 r--p 00029000 08:05 10756492   /lib/i386-linux-gnu/libm-2.15.so
b682e000-b682f000 rw-p 0002a000 08:05 10756492   /lib/i386-linux-gnu/libm-2.15.so
b682f000-b6907000 r-xp 00000000 08:05 3150797    /usr/lib/i386-linux-gnu/libstdc++.so.6.0.16
b6907000-b6908000 ---p 000d8000 08:05 3150797    /usr/lib/i386-linux-gnu/libstdc++.so.6.0.16
b6908000-b690c000 r--p 000d8000 08:05 3150797    /usr/lib/i386-linux-gnu/libstdc++.so.6.0.16
b690c000-b690d000 rw-p 000dc000 08:05 3150797    /usr/lib/i386-linux-gnu/libstdc++.so.6.0.16
b690d000-b6914000 rw-p 00000000 00:00 0 
b6914000-b7133000 r-xp 00000000 08:05 6164685    /usr/lib/jvm/java-6-openjdk-i386/jre/lib/i386/server/libjvm.so
b7133000-b7178000 r--p 0081f000 08:05 6164685    /usr/lib/jvm/java-6-openjdk-i386/jre/lib/i386/server/libjvm.so
b7178000-b7187000 rw-p 00864000 08:05 6164685    /usr/lib/jvm/java-6-openjdk-i386/jre/lib/i386/server/libjvm.so
b7187000-b75a3000 rw-p 00000000 00:00 0 
b75a3000-b75b7000 r-xp 00000000 08:05 10748942   /lib/i386-linux-gnu/libz.so.1.2.3.4
b75b7000-b75b8000 r--p 00013000 08:05 10748942   /lib/i386-linux-gnu/libz.so.1.2.3.4
b75b8000-b75b9000 rw-p 00014000 08:05 10748942   /lib/i386-linux-gnu/libz.so.1.2.3.4
b75b9000-b775c000 r-xp 00000000 08:05 10756481   /lib/i386-linux-gnu/libc-2.15.so
b775c000-b775e000 r--p 001a3000 08:05 10756481   /lib/i386-linux-gnu/libc-2.15.so
b775e000-b775f000 rw-p 001a5000 08:05 10756481   /lib/i386-linux-gnu/libc-2.15.so
b775f000-b7762000 rw-p 00000000 00:00 0 
b7762000-b7765000 r-xp 00000000 08:05 10756496   /lib/i386-linux-gnu/libdl-2.15.so
b7765000-b7766000 r--p 00002000 08:05 10756496   /lib/i386-linux-gnu/libdl-2.15.so
b7766000-b7767000 rw-p 00003000 08:05 10756496   /lib/i386-linux-gnu/libdl-2.15.so
b7767000-b776b000 r-xp 00000000 08:05 6163403    /usr/lib/jvm/java-6-openjdk-i386/jre/lib/i386/jli/libjli.so
b776b000-b776c000 r--p 00003000 08:05 6163403    /usr/lib/jvm/java-6-openjdk-i386/jre/lib/i386/jli/libjli.so
b776c000-b776d000 rw-p 00004000 08:05 6163403    /usr/lib/jvm/java-6-openjdk-i386/jre/lib/i386/jli/libjli.so
b776d000-b776e000 rw-p 00000000 00:00 0 
b776e000-b7785000 r-xp 00000000 08:05 10756490   /lib/i386-linux-gnu/libpthread-2.15.so
b7785000-b7786000 r--p 00016000 08:05 10756490   /lib/i386-linux-gnu/libpthread-2.15.so
b7786000-b7787000 rw-p 00017000 08:05 10756490   /lib/i386-linux-gnu/libpthread-2.15.so
b7787000-b7789000 rw-p 00000000 00:00 0 
b778a000-b778c000 r--s 0000f000 08:05 3416589    /usr/lib/jvm/java-6-openjdk-common/jre/lib/ext/pulse-java.jar
b778c000-b778d000 r--s 00007000 08:05 3415217    /usr/share/java/java-atk-wrapper.jar
b778d000-b778f000 r--s 00001000 08:05 3416588    /usr/lib/jvm/java-6-openjdk-common/jre/lib/ext/dnsns.jar
b778f000-b7790000 r--p 00858000 08:05 3152888    /usr/lib/locale/locale-archive
b7790000-b7791000 rw-p 00000000 00:00 0 
b7791000-b7792000 r--p 00000000 00:00 0 
b7792000-b779d000 r-xp 00000000 08:05 6167144    /usr/lib/jvm/java-6-openjdk-i386/jre/lib/i386/libverify.so
b779d000-b779e000 ---p 0000b000 08:05 6167144    /usr/lib/jvm/java-6-openjdk-i386/jre/lib/i386/libverify.so
b779e000-b779f000 r--p 0000b000 08:05 6167144    /usr/lib/jvm/java-6-openjdk-i386/jre/lib/i386/libverify.so
b779f000-b77a0000 rw-p 0000c000 08:05 6167144    /usr/lib/jvm/java-6-openjdk-i386/jre/lib/i386/libverify.so
b77a0000-b77a2000 rw-p 00000000 00:00 0 
b77a2000-b77a3000 r-xp 00000000 00:00 0          [vdso]
b77a3000-b77c3000 r-xp 00000000 08:05 10756493   /lib/i386-linux-gnu/ld-2.15.so
b77c3000-b77c4000 r--p 0001f000 08:05 10756493   /lib/i386-linux-gnu/ld-2.15.so
b77c4000-b77c5000 rw-p 00020000 08:05 10756493   /lib/i386-linux-gnu/ld-2.15.so
bf9f3000-bfa14000 rw-p 00000000 00:00 0          [stack]

VM Arguments:
jvm_args: -Djava.library.path=. 
java_command: prng
Launcher Type: SUN_STANDARD

Environment Variables:
PATH=/home/baptiste/local/bin:/usr/lib/lightdm/lightdm:/usr/local/sbin:/usr/local/bin:/usr/sbin:/usr/bin:/sbin:/bin:/usr/games
LD_LIBRARY_PATH=/usr/lib/jvm/java-6-openjdk-i386/jre/lib/i386/server:/usr/lib/jvm/java-6-openjdk-i386/jre/lib/i386:/usr/lib/jvm/java-6-openjdk-i386/jre/../lib/i386:.
SHELL=/bin/bash
DISPLAY=:0.0

Signal Handlers:
SIGSEGV: [libjvm.so+0x66b2b0], sa_mask[0]=0x7ffbfeff, sa_flags=0x10000004
SIGBUS: [libjvm.so+0x66b2b0], sa_mask[0]=0x7ffbfeff, sa_flags=0x10000004
SIGFPE: [libjvm.so+0x52e950], sa_mask[0]=0x7ffbfeff, sa_flags=0x10000004
SIGPIPE: [libjvm.so+0x52e950], sa_mask[0]=0x7ffbfeff, sa_flags=0x10000004
SIGXFSZ: [libjvm.so+0x52e950], sa_mask[0]=0x7ffbfeff, sa_flags=0x10000004
SIGILL: [libjvm.so+0x52e950], sa_mask[0]=0x7ffbfeff, sa_flags=0x10000004
SIGUSR1: SIG_DFL, sa_mask[0]=0x00000000, sa_flags=0x00000000
SIGUSR2: [libjvm.so+0x52e7e0], sa_mask[0]=0x00000000, sa_flags=0x10000004
SIGHUP: [libjvm.so+0x531770], sa_mask[0]=0x7ffbfeff, sa_flags=0x10000004
SIGINT: [libjvm.so+0x531770], sa_mask[0]=0x7ffbfeff, sa_flags=0x10000004
SIGTERM: [libjvm.so+0x531770], sa_mask[0]=0x7ffbfeff, sa_flags=0x10000004
SIGQUIT: [libjvm.so+0x531770], sa_mask[0]=0x7ffbfeff, sa_flags=0x10000004


---------------  S Y S T E M  ---------------

OS:Ubuntu 12.04 (precise)
uname:Linux 3.2.0-48-generic-pae #74-Ubuntu SMP Thu Jun 6 20:05:01 UTC 2013 i686
libc:glibc 2.15 NPTL 2.15 
rlimit: STACK 8192k, CORE 0k, NPROC 32049, NOFILE 4096, AS infinity
load average:2.79 2.19 1.54

/proc/meminfo:
MemTotal:        4116908 kB
MemFree:         2040744 kB
Buffers:          304048 kB
Cached:           884512 kB
SwapCached:            0 kB
Active:          1135968 kB
Inactive:         755752 kB
Active(anon):     704184 kB
Inactive(anon):     9048 kB
Active(file):     431784 kB
Inactive(file):   746704 kB
Unevictable:          20 kB
Mlocked:              20 kB
HighTotal:       3276048 kB
HighFree:        1662560 kB
LowTotal:         840860 kB
LowFree:          378184 kB
SwapTotal:       3145724 kB
SwapFree:        3145724 kB
Dirty:              4404 kB
Writeback:             0 kB
AnonPages:        703284 kB
Mapped:           194964 kB
Shmem:             10016 kB
Slab:             118756 kB
SReclaimable:     101464 kB
SUnreclaim:        17292 kB
KernelStack:        3464 kB
PageTables:        10752 kB
NFS_Unstable:          0 kB
Bounce:                0 kB
WritebackTmp:          0 kB
CommitLimit:     5204176 kB
Committed_AS:    3193412 kB
VmallocTotal:     122880 kB
VmallocUsed:       50116 kB
VmallocChunk:      63364 kB
HardwareCorrupted:     0 kB
AnonHugePages:         0 kB
HugePages_Total:       0
HugePages_Free:        0
HugePages_Rsvd:        0
HugePages_Surp:        0
Hugepagesize:       2048 kB
DirectMap4k:       61432 kB
DirectMap2M:      851968 kB


CPU:total 2 (2 cores per cpu, 1 threads per core) family 6 model 23 stepping 6, cmov, cx8, fxsr, mmx, sse, sse2, sse3, ssse3, sse4.1

Memory: 4k page, physical 4116908k(2040744k free), swap 3145724k(3145724k free)

vm_info: OpenJDK Server VM (20.0-b12) for linux-x86 JRE (1.6.0_27-b27), built on Apr 25 2013 14:59:06 by "buildd" with gcc 4.6.3

time: Sun Jun 30 11:51:05 2013
elapsed time: 0 seconds

