#
# A fatal error has been detected by the Java Runtime Environment:
#
#  SIGSEGV (0xb) at pc=0x6b8d7b07, pid=3507, tid=3061680960
#
# JRE version: 6.0_27-b27
# Java VM: OpenJDK Server VM (20.0-b12 mixed mode linux-x86 )
# Derivative: IcedTea6 1.12.5
# Distribution: Ubuntu 12.04 LTS, package 6b27-1.12.5-0ubuntu0.12.04.1
# Problematic frame:
# C  [libktb.so+0x1db07]  ktb_prng_fill_buffer+0x17
#
# If you would like to submit a bug report, please include
# instructions how to reproduce the bug and visit:
#   https://bugs.launchpad.net/ubuntu/+source/openjdk-6/
# The crash happened outside the Java Virtual Machine in native code.
# See problematic frame for where to report the bug.
#

---------------  T H R E A D  ---------------

Current thread (0xb6605400):  JavaThread "main" [_thread_in_native, id=3508, stack(0xb6788000,0xb67d9000)]

siginfo:si_signo=SIGSEGV: si_errno=0, si_code=1 (SEGV_MAPERR), si_addr=0x00000014

Registers:
EAX=0x00000000, EBX=0x6c923a98, ECX=0xb7784000, EDX=0xb66be310
ESP=0xb67d7f50, EBP=0xb67d7fe8, ESI=0x6c923a98, EDI=0xb6605400
EIP=0x6b8d7b07, EFLAGS=0x00010286, CR2=0x00000014

Top of Stack: (sp=0xb67d7f50)
0xb67d7f50:   b715e088 b66be310 00000032 6c923a98
0xb67d7f60:   6c923a98 b6605400 b67d7fe8 6c236ad5
0xb67d7f70:   00000000 b66be310 00000032 b6eb13f5
0xb67d7f80:   b716bff4 b6605400 b6605a68 6c923a98
0xb67d7f90:   00000032 00000000 00000000 00000000
0xb67d7fa0:   6b8cdbf0 6b8cdc20 00000032 00000000
0xb67d7fb0:   6c925c10 00000000 b67d8008 00000032
0xb67d7fc0:   b66be310 b67d8040 b36124d4 b3602688 

Instructions: (pc=0x6b8d7b07)
0x6b8d7ae7:   26 00 8d bc 27 00 00 00 00 83 ec 1c 8b 54 24 28
0x6b8d7af7:   8b 44 24 20 89 54 24 08 8b 54 24 24 89 54 24 04
0x6b8d7b07:   8b 50 14 89 14 24 ff 50 04 83 c4 1c c3 8d b6 00
0x6b8d7b17:   00 00 00 8d bf 00 00 00 00 83 ec 1c b8 0b 00 00 

Register to memory mapping:

EAX=0x00000000 is an unknown value
EBX=0x6c923a98 is an oop
{method} 
 - klass: {other class}
ECX=0xb7784000 is an unknown value
EDX=0xb66be310 is an unknown value
ESP=0xb67d7f50 is pointing into the stack for thread: 0xb6605400
EBP=0xb67d7fe8 is pointing into the stack for thread: 0xb6605400
ESI=0x6c923a98 is an oop
{method} 
 - klass: {other class}
EDI=0xb6605400 is a thread


Stack: [0xb6788000,0xb67d9000],  sp=0xb67d7f50,  free space=319k
Native frames: (J=compiled Java code, j=interpreted, Vv=VM code, C=native code)
C  [libktb.so+0x1db07]  ktb_prng_fill_buffer+0x17
j  ArcanaJNI.ktb_prng_fill_buffer(J[BJ)LArcanaJNI$ktb_errno;+0
j  prng.main([Ljava/lang/String;)V+28
v  ~StubRoutines::call_stub
V  [libjvm.so+0x39b0b6]  JavaCalls::call_helper(JavaValue*, methodHandle*, JavaCallArguments*, Thread*)+0x2c6

Java frames: (J=compiled Java code, j=interpreted, Vv=VM code)
j  ArcanaJNI.ktb_prng_fill_buffer(J[BJ)LArcanaJNI$ktb_errno;+0
j  prng.main([Ljava/lang/String;)V+28
v  ~StubRoutines::call_stub

---------------  P R O C E S S  ---------------

Java Threads: ( => current thread )
  0xb66a4000 JavaThread "Low Memory Detector" daemon [_thread_blocked, id=3517, stack(0x6b978000,0x6b9c9000)]
  0xb66a2400 JavaThread "C2 CompilerThread1" daemon [_thread_blocked, id=3516, stack(0x6b9c9000,0x6ba4a000)]
  0xb66a0400 JavaThread "C2 CompilerThread0" daemon [_thread_blocked, id=3515, stack(0x6ba4a000,0x6bacb000)]
  0xb669ec00 JavaThread "Signal Dispatcher" daemon [_thread_blocked, id=3514, stack(0x6bacb000,0x6bb1c000)]
  0xb668f400 JavaThread "Finalizer" daemon [_thread_blocked, id=3513, stack(0x6bd1c000,0x6bd6d000)]
  0xb668dc00 JavaThread "Reference Handler" daemon [_thread_blocked, id=3512, stack(0x6c02e000,0x6c07f000)]
=>0xb6605400 JavaThread "main" [_thread_in_native, id=3508, stack(0xb6788000,0xb67d9000)]

Other Threads:
  0xb668ac00 VMThread [stack: 0x6c07f000,0x6c100000] [id=3511]
  0xb66a5c00 WatcherThread [stack: 0x6b8f7000,0x6b978000] [id=3518]

VM state:not at safepoint (normal execution)

VM Mutex/Monitor currently owned by a thread: None

Heap
 PSYoungGen      total 18816K, used 323K [0x9e5f0000, 0x9fae0000, 0xb3540000)
  eden space 16192K, 2% used [0x9e5f0000,0x9e640f70,0x9f5c0000)
  from space 2624K, 0% used [0x9f850000,0x9f850000,0x9fae0000)
  to   space 2624K, 0% used [0x9f5c0000,0x9f5c0000,0x9f850000)
 PSOldGen        total 42944K, used 0K [0x74740000, 0x77130000, 0x9e5f0000)
  object space 42944K, 0% used [0x74740000,0x74740000,0x77130000)
 PSPermGen       total 16384K, used 1961K [0x6c740000, 0x6d740000, 0x74740000)
  object space 16384K, 11% used [0x6c740000,0x6c92a6d8,0x6d740000)

Code Cache  [0xb3600000, 0xb3840000, 0xb6600000)
 total_blobs=101 nmethods=0 adapters=69 free_code_cache=50034880 largest_free_block=0

Dynamic libraries:
08048000-08051000 r-xp 00000000 08:05 6034637    /usr/lib/jvm/java-6-openjdk-i386/jre/bin/java
08051000-08052000 r--p 00008000 08:05 6034637    /usr/lib/jvm/java-6-openjdk-i386/jre/bin/java
08052000-08053000 rw-p 00009000 08:05 6034637    /usr/lib/jvm/java-6-openjdk-i386/jre/bin/java
08681000-086a2000 rw-p 00000000 00:00 0          [heap]
6b83b000-6b8b2000 r-xp 00000000 08:05 3150504    /usr/lib/i386-linux-gnu/libgmp.so.10.0.2
6b8b2000-6b8b3000 r--p 00076000 08:05 3150504    /usr/lib/i386-linux-gnu/libgmp.so.10.0.2
6b8b3000-6b8ba000 rw-p 00077000 08:05 3150504    /usr/lib/i386-linux-gnu/libgmp.so.10.0.2
6b8ba000-6b8f4000 r-xp 00000000 08:05 12984509   /home/baptiste/git/ParserJNI/JNA/Java/libktb.so
6b8f4000-6b8f5000 r--p 0003a000 08:05 12984509   /home/baptiste/git/ParserJNI/JNA/Java/libktb.so
6b8f5000-6b8f6000 rw-p 0003b000 08:05 12984509   /home/baptiste/git/ParserJNI/JNA/Java/libktb.so
6b8f6000-6b8f7000 rw-p 00000000 00:00 0 
6b8f7000-6b8f8000 ---p 00000000 00:00 0 
6b8f8000-6b978000 rw-p 00000000 00:00 0 
6b978000-6b97b000 ---p 00000000 00:00 0 
6b97b000-6b9c9000 rw-p 00000000 00:00 0 
6b9c9000-6b9cc000 ---p 00000000 00:00 0 
6b9cc000-6ba4a000 rw-p 00000000 00:00 0 
6ba4a000-6ba4d000 ---p 00000000 00:00 0 
6ba4d000-6bacb000 rw-p 00000000 00:00 0 
6bacb000-6bace000 ---p 00000000 00:00 0 
6bace000-6bb1c000 rw-p 00000000 00:00 0 
6bb1c000-6bd1c000 r--p 00000000 08:05 3152888    /usr/lib/locale/locale-archive
6bd1c000-6bd1f000 ---p 00000000 00:00 0 
6bd1f000-6bd6d000 rw-p 00000000 00:00 0 
6bd6d000-6bf00000 r--s 037db000 08:05 6167155    /usr/lib/jvm/java-6-openjdk-i386/jre/lib/rt.jar
6bf00000-6bf21000 rw-p 00000000 00:00 0 
6bf21000-6c000000 ---p 00000000 00:00 0 
6c02e000-6c031000 ---p 00000000 00:00 0 
6c031000-6c07f000 rw-p 00000000 00:00 0 
6c07f000-6c080000 ---p 00000000 00:00 0 
6c080000-6c100000 rw-p 00000000 00:00 0 
6c100000-6c121000 rw-p 00000000 00:00 0 
6c121000-6c200000 ---p 00000000 00:00 0 
6c231000-6c23e000 r-xp 00000000 08:05 12976347   /home/baptiste/git/ParserJNI/JNA/Java/libarcanaJNI.so
6c23e000-6c23f000 r--p 0000c000 08:05 12976347   /home/baptiste/git/ParserJNI/JNA/Java/libarcanaJNI.so
6c23f000-6c240000 rw-p 0000d000 08:05 12976347   /home/baptiste/git/ParserJNI/JNA/Java/libarcanaJNI.so
6c240000-6c243000 r--s 00077000 08:05 3411556    /usr/lib/jvm/java-6-openjdk-common/jre/lib/ext/localedata.jar
6c243000-6c276000 rw-p 00000000 00:00 0 
6c276000-6c277000 ---p 00000000 00:00 0 
6c277000-6c2f7000 rw-p 00000000 00:00 0 
6c2f7000-6c2f8000 ---p 00000000 00:00 0 
6c2f8000-6c380000 rw-p 00000000 00:00 0 
6c380000-6c3b8000 rw-p 00000000 00:00 0 
6c3b8000-6c3cd000 rw-p 00000000 00:00 0 
6c3cd000-6c508000 rw-p 00000000 00:00 0 
6c508000-6c510000 rw-p 00000000 00:00 0 
6c510000-6c548000 rw-p 00000000 00:00 0 
6c548000-6c55d000 rw-p 00000000 00:00 0 
6c55d000-6c697000 rw-p 00000000 00:00 0 
6c697000-6c6a2000 rw-p 00000000 00:00 0 
6c6a2000-6c73f000 rw-p 00000000 00:00 0 
6c73f000-6d740000 rw-p 00000000 00:00 0 
6d740000-74740000 rw-p 00000000 00:00 0 
74740000-77130000 rw-p 00000000 00:00 0 
77130000-9e5f0000 rw-p 00000000 00:00 0 
9e5f0000-9fae0000 rw-p 00000000 00:00 0 
9fae0000-b3540000 rw-p 00000000 00:00 0 
b3540000-b3549000 rw-p 00000000 00:00 0 
b3549000-b3600000 rw-p 00000000 00:00 0 
b3600000-b3840000 rwxp 00000000 00:00 0 
b3840000-b66dd000 rw-p 00000000 00:00 0 
b66dd000-b6700000 ---p 00000000 00:00 0 
b6700000-b6703000 r--s 00031000 08:05 3416587    /usr/lib/jvm/java-6-openjdk-common/jre/lib/ext/sunjce_provider.jar
b6703000-b670e000 r-xp 00000000 08:05 10756485   /lib/i386-linux-gnu/libnss_files-2.15.so
b670e000-b670f000 r--p 0000a000 08:05 10756485   /lib/i386-linux-gnu/libnss_files-2.15.so
b670f000-b6710000 rw-p 0000b000 08:05 10756485   /lib/i386-linux-gnu/libnss_files-2.15.so
b6710000-b671a000 r-xp 00000000 08:05 10756489   /lib/i386-linux-gnu/libnss_nis-2.15.so
b671a000-b671b000 r--p 00009000 08:05 10756489   /lib/i386-linux-gnu/libnss_nis-2.15.so
b671b000-b671c000 rw-p 0000a000 08:05 10756489   /lib/i386-linux-gnu/libnss_nis-2.15.so
b671c000-b6732000 r-xp 00000000 08:05 10756501   /lib/i386-linux-gnu/libnsl-2.15.so
b6732000-b6733000 r--p 00015000 08:05 10756501   /lib/i386-linux-gnu/libnsl-2.15.so
b6733000-b6734000 rw-p 00016000 08:05 10756501   /lib/i386-linux-gnu/libnsl-2.15.so
b6734000-b6736000 rw-p 00000000 00:00 0 
b6736000-b673d000 r-xp 00000000 08:05 10756483   /lib/i386-linux-gnu/libnss_compat-2.15.so
b673d000-b673e000 r--p 00006000 08:05 10756483   /lib/i386-linux-gnu/libnss_compat-2.15.so
b673e000-b673f000 rw-p 00007000 08:05 10756483   /lib/i386-linux-gnu/libnss_compat-2.15.so
b6741000-b6745000 r--s 00039000 08:05 3410657    /usr/lib/jvm/java-6-openjdk-common/jre/lib/ext/sunpkcs11.jar
b6745000-b674c000 r-xp 00000000 08:05 6163400    /usr/lib/jvm/java-6-openjdk-i386/jre/lib/i386/libzip.so
b674c000-b674d000 r--p 00006000 08:05 6163400    /usr/lib/jvm/java-6-openjdk-i386/jre/lib/i386/libzip.so
b674d000-b674e000 rw-p 00007000 08:05 6163400    /usr/lib/jvm/java-6-openjdk-i386/jre/lib/i386/libzip.so
b674e000-b6756000 rw-s 00000000 08:05 4591915    /tmp/hsperfdata_baptiste/3507
b6756000-b677c000 r-xp 00000000 08:05 6163394    /usr/lib/jvm/java-6-openjdk-i386/jre/lib/i386/libjava.so
b677c000-b677d000 r--p 00025000 08:05 6163394    /usr/lib/jvm/java-6-openjdk-i386/jre/lib/i386/libjava.so
b677d000-b677f000 rw-p 00026000 08:05 6163394    /usr/lib/jvm/java-6-openjdk-i386/jre/lib/i386/libjava.so
b677f000-b6786000 r-xp 00000000 08:05 10756488   /lib/i386-linux-gnu/librt-2.15.so
b6786000-b6787000 r--p 00006000 08:05 10756488   /lib/i386-linux-gnu/librt-2.15.so
b6787000-b6788000 rw-p 00007000 08:05 10756488   /lib/i386-linux-gnu/librt-2.15.so
b6788000-b678b000 ---p 00000000 00:00 0 
b678b000-b67d9000 rw-p 00000000 00:00 0 
b67d9000-b67f5000 r-xp 00000000 08:05 10748852   /lib/i386-linux-gnu/libgcc_s.so.1
b67f5000-b67f6000 r--p 0001b000 08:05 10748852   /lib/i386-linux-gnu/libgcc_s.so.1
b67f6000-b67f7000 rw-p 0001c000 08:05 10748852   /lib/i386-linux-gnu/libgcc_s.so.1
b67f7000-b6821000 r-xp 00000000 08:05 10756492   /lib/i386-linux-gnu/libm-2.15.so
b6821000-b6822000 r--p 00029000 08:05 10756492   /lib/i386-linux-gnu/libm-2.15.so
b6822000-b6823000 rw-p 0002a000 08:05 10756492   /lib/i386-linux-gnu/libm-2.15.so
b6823000-b68fb000 r-xp 00000000 08:05 3150797    /usr/lib/i386-linux-gnu/libstdc++.so.6.0.16
b68fb000-b68fc000 ---p 000d8000 08:05 3150797    /usr/lib/i386-linux-gnu/libstdc++.so.6.0.16
b68fc000-b6900000 r--p 000d8000 08:05 3150797    /usr/lib/i386-linux-gnu/libstdc++.so.6.0.16
b6900000-b6901000 rw-p 000dc000 08:05 3150797    /usr/lib/i386-linux-gnu/libstdc++.so.6.0.16
b6901000-b6908000 rw-p 00000000 00:00 0 
b6908000-b7127000 r-xp 00000000 08:05 6164685    /usr/lib/jvm/java-6-openjdk-i386/jre/lib/i386/server/libjvm.so
b7127000-b716c000 r--p 0081f000 08:05 6164685    /usr/lib/jvm/java-6-openjdk-i386/jre/lib/i386/server/libjvm.so
b716c000-b717b000 rw-p 00864000 08:05 6164685    /usr/lib/jvm/java-6-openjdk-i386/jre/lib/i386/server/libjvm.so
b717b000-b7597000 rw-p 00000000 00:00 0 
b7597000-b75ab000 r-xp 00000000 08:05 10748942   /lib/i386-linux-gnu/libz.so.1.2.3.4
b75ab000-b75ac000 r--p 00013000 08:05 10748942   /lib/i386-linux-gnu/libz.so.1.2.3.4
b75ac000-b75ad000 rw-p 00014000 08:05 10748942   /lib/i386-linux-gnu/libz.so.1.2.3.4
b75ad000-b7750000 r-xp 00000000 08:05 10756481   /lib/i386-linux-gnu/libc-2.15.so
b7750000-b7752000 r--p 001a3000 08:05 10756481   /lib/i386-linux-gnu/libc-2.15.so
b7752000-b7753000 rw-p 001a5000 08:05 10756481   /lib/i386-linux-gnu/libc-2.15.so
b7753000-b7756000 rw-p 00000000 00:00 0 
b7756000-b7759000 r-xp 00000000 08:05 10756496   /lib/i386-linux-gnu/libdl-2.15.so
b7759000-b775a000 r--p 00002000 08:05 10756496   /lib/i386-linux-gnu/libdl-2.15.so
b775a000-b775b000 rw-p 00003000 08:05 10756496   /lib/i386-linux-gnu/libdl-2.15.so
b775b000-b775f000 r-xp 00000000 08:05 6163403    /usr/lib/jvm/java-6-openjdk-i386/jre/lib/i386/jli/libjli.so
b775f000-b7760000 r--p 00003000 08:05 6163403    /usr/lib/jvm/java-6-openjdk-i386/jre/lib/i386/jli/libjli.so
b7760000-b7761000 rw-p 00004000 08:05 6163403    /usr/lib/jvm/java-6-openjdk-i386/jre/lib/i386/jli/libjli.so
b7761000-b7762000 rw-p 00000000 00:00 0 
b7762000-b7779000 r-xp 00000000 08:05 10756490   /lib/i386-linux-gnu/libpthread-2.15.so
b7779000-b777a000 r--p 00016000 08:05 10756490   /lib/i386-linux-gnu/libpthread-2.15.so
b777a000-b777b000 rw-p 00017000 08:05 10756490   /lib/i386-linux-gnu/libpthread-2.15.so
b777b000-b777d000 rw-p 00000000 00:00 0 
b777e000-b7780000 r--s 0000f000 08:05 3416589    /usr/lib/jvm/java-6-openjdk-common/jre/lib/ext/pulse-java.jar
b7780000-b7781000 r--s 00007000 08:05 3415217    /usr/share/java/java-atk-wrapper.jar
b7781000-b7783000 r--s 00001000 08:05 3416588    /usr/lib/jvm/java-6-openjdk-common/jre/lib/ext/dnsns.jar
b7783000-b7784000 r--p 00858000 08:05 3152888    /usr/lib/locale/locale-archive
b7784000-b7785000 rw-p 00000000 00:00 0 
b7785000-b7786000 r--p 00000000 00:00 0 
b7786000-b7791000 r-xp 00000000 08:05 6167144    /usr/lib/jvm/java-6-openjdk-i386/jre/lib/i386/libverify.so
b7791000-b7792000 ---p 0000b000 08:05 6167144    /usr/lib/jvm/java-6-openjdk-i386/jre/lib/i386/libverify.so
b7792000-b7793000 r--p 0000b000 08:05 6167144    /usr/lib/jvm/java-6-openjdk-i386/jre/lib/i386/libverify.so
b7793000-b7794000 rw-p 0000c000 08:05 6167144    /usr/lib/jvm/java-6-openjdk-i386/jre/lib/i386/libverify.so
b7794000-b7796000 rw-p 00000000 00:00 0 
b7796000-b7797000 r-xp 00000000 00:00 0          [vdso]
b7797000-b77b7000 r-xp 00000000 08:05 10756493   /lib/i386-linux-gnu/ld-2.15.so
b77b7000-b77b8000 r--p 0001f000 08:05 10756493   /lib/i386-linux-gnu/ld-2.15.so
b77b8000-b77b9000 rw-p 00020000 08:05 10756493   /lib/i386-linux-gnu/ld-2.15.so
bfa2a000-bfa4b000 rw-p 00000000 00:00 0          [stack]

VM Arguments:
jvm_args: -Djava.library.path=. 
java_command: prng
Launcher Type: SUN_STANDARD

Environment Variables:
PATH=/home/baptiste/local/bin:/usr/lib/lightdm/lightdm:/usr/local/sbin:/usr/local/bin:/usr/sbin:/usr/bin:/sbin:/bin:/usr/games
LD_LIBRARY_PATH=/usr/lib/jvm/java-6-openjdk-i386/jre/lib/i386/server:/usr/lib/jvm/java-6-openjdk-i386/jre/lib/i386:/usr/lib/jvm/java-6-openjdk-i386/jre/../lib/i386:.
SHELL=/bin/bash
DISPLAY=:0.0

Signal Handlers:
SIGSEGV: [libjvm.so+0x66b2b0], sa_mask[0]=0x7ffbfeff, sa_flags=0x10000004
SIGBUS: [libjvm.so+0x66b2b0], sa_mask[0]=0x7ffbfeff, sa_flags=0x10000004
SIGFPE: [libjvm.so+0x52e950], sa_mask[0]=0x7ffbfeff, sa_flags=0x10000004
SIGPIPE: [libjvm.so+0x52e950], sa_mask[0]=0x7ffbfeff, sa_flags=0x10000004
SIGXFSZ: [libjvm.so+0x52e950], sa_mask[0]=0x7ffbfeff, sa_flags=0x10000004
SIGILL: [libjvm.so+0x52e950], sa_mask[0]=0x7ffbfeff, sa_flags=0x10000004
SIGUSR1: SIG_DFL, sa_mask[0]=0x00000000, sa_flags=0x00000000
SIGUSR2: [libjvm.so+0x52e7e0], sa_mask[0]=0x00000000, sa_flags=0x10000004
SIGHUP: [libjvm.so+0x531770], sa_mask[0]=0x7ffbfeff, sa_flags=0x10000004
SIGINT: [libjvm.so+0x531770], sa_mask[0]=0x7ffbfeff, sa_flags=0x10000004
SIGTERM: [libjvm.so+0x531770], sa_mask[0]=0x7ffbfeff, sa_flags=0x10000004
SIGQUIT: [libjvm.so+0x531770], sa_mask[0]=0x7ffbfeff, sa_flags=0x10000004


---------------  S Y S T E M  ---------------

OS:Ubuntu 12.04 (precise)
uname:Linux 3.2.0-48-generic-pae #74-Ubuntu SMP Thu Jun 6 20:05:01 UTC 2013 i686
libc:glibc 2.15 NPTL 2.15 
rlimit: STACK 8192k, CORE 0k, NPROC 32049, NOFILE 4096, AS infinity
load average:2.54 2.01 1.40

/proc/meminfo:
MemTotal:        4116908 kB
MemFree:         2340400 kB
Buffers:          113832 kB
Cached:           836060 kB
SwapCached:            0 kB
Active:          1050092 kB
Inactive:         606644 kB
Active(anon):     707808 kB
Inactive(anon):     9052 kB
Active(file):     342284 kB
Inactive(file):   597592 kB
Unevictable:          20 kB
Mlocked:              20 kB
HighTotal:       3276048 kB
HighFree:        1707448 kB
LowTotal:         840860 kB
LowFree:          632952 kB
SwapTotal:       3145724 kB
SwapFree:        3145724 kB
Dirty:               364 kB
Writeback:             0 kB
AnonPages:        706812 kB
Mapped:           195068 kB
Shmem:             10020 kB
Slab:              54108 kB
SReclaimable:      36812 kB
SUnreclaim:        17296 kB
KernelStack:        3496 kB
PageTables:        10804 kB
NFS_Unstable:          0 kB
Bounce:                0 kB
WritebackTmp:          0 kB
CommitLimit:     5204176 kB
Committed_AS:    3188436 kB
VmallocTotal:     122880 kB
VmallocUsed:       50116 kB
VmallocChunk:      63364 kB
HardwareCorrupted:     0 kB
AnonHugePages:         0 kB
HugePages_Total:       0
HugePages_Free:        0
HugePages_Rsvd:        0
HugePages_Surp:        0
Hugepagesize:       2048 kB
DirectMap4k:       61432 kB
DirectMap2M:      851968 kB


CPU:total 2 (2 cores per cpu, 1 threads per core) family 6 model 23 stepping 6, cmov, cx8, fxsr, mmx, sse, sse2, sse3, ssse3, sse4.1

Memory: 4k page, physical 4116908k(2340400k free), swap 3145724k(3145724k free)

vm_info: OpenJDK Server VM (20.0-b12) for linux-x86 JRE (1.6.0_27-b27), built on Apr 25 2013 14:59:06 by "buildd" with gcc 4.6.3

time: Sun Jun 30 11:48:54 2013
elapsed time: 0 seconds

