#
# A fatal error has been detected by the Java Runtime Environment:
#
#  SIGSEGV (0xb) at pc=0xb6c1eeb1, pid=7249, tid=3061013312
#
# JRE version: 6.0_27-b27
# Java VM: OpenJDK Server VM (20.0-b12 mixed mode linux-x86 )
# Derivative: IcedTea6 1.12.5
# Distribution: Ubuntu 12.04 LTS, package 6b27-1.12.5-0ubuntu0.12.04.1
# Problematic frame:
# V  [libjvm.so+0x3b9eb1]  ThreadInVMfromNative::ThreadInVMfromNative(JavaThread*)+0x21
#
# If you would like to submit a bug report, please include
# instructions how to reproduce the bug and visit:
#   https://bugs.launchpad.net/ubuntu/+source/openjdk-6/
# The crash happened outside the Java Virtual Machine in native code.
# See problematic frame for where to report the bug.
#

---------------  T H R E A D  ---------------

Current thread (0xb6505400):  JavaThread "main" [_thread_in_native, id=7250, stack(0xb66e5000,0xb6736000)]

siginfo:si_signo=SIGSEGV: si_errno=0, si_code=1 (SEGV_MAPERR), si_addr=0x0000015c

Registers:
EAX=0xb70e0344, EBX=0xb70c8ff4, ECX=0xb76e1000, EDX=0xb6c17cc0
ESP=0xb6734f10, EBP=0xb65af228, ESI=0x00000000, EDI=0xb6734f98
EIP=0xb6c1eeb1, EFLAGS=0x00210292, CR2=0x0000015c

Top of Stack: (sp=0xb6734f10)
0xb6734f10:   b6505a78 b6505a74 6c645e38 b76c8d10
0xb6734f20:   6b840ff4 b70c8ff4 00000000 b6c17d1b
0xb6734f30:   b6734f98 00000000 b6735008 b70bd5c8
0xb6734f40:   6c82ab60 b6505400 b6615c36 00c1ef3a
0xb6734f50:   b658bfe8 6c82ab60 b6505400 b6c1ef3a
0xb6734f60:   b70c8ff4 b70c8ff4 b6734f98 b6bfc6c8
0xb6734f70:   b70c8ff4 b70c8ff4 b6734fa8 b6c10e3d
0xb6734f80:   b6734fa8 00000000 b6505400 00000000 

Instructions: (pc=0xb6c1eeb1)
0xb6c1ee91:   53 83 ec 14 e8 00 00 00 00 5b 81 c3 5a a1 4a 00
0xb6c1eea1:   8b 44 24 20 8b 74 24 24 89 30 8b 83 8c d1 ff ff
0xb6c1eeb1:   c7 86 5c 01 00 00 05 00 00 00 83 38 01 7e 10 8b
0xb6c1eec1:   83 24 e0 ff ff 80 38 00 74 35 f0 83 04 24 00 8b 

Register to memory mapping:

EAX=0xb70e0344: <offset 0x87b344> in /usr/lib/jvm/java-6-openjdk-i386/jre/lib/i386/server/libjvm.so at 0xb6865000
EBX=0xb70c8ff4: <offset 0x863ff4> in /usr/lib/jvm/java-6-openjdk-i386/jre/lib/i386/server/libjvm.so at 0xb6865000
ECX=0xb76e1000 is an unknown value
EDX=0xb6c17cc0: <offset 0x3b2cc0> in /usr/lib/jvm/java-6-openjdk-i386/jre/lib/i386/server/libjvm.so at 0xb6865000
ESP=0xb6734f10 is pointing into the stack for thread: 0xb6505400
EBP=0xb65af228 is an unknown value
ESI=0x00000000 is an unknown value
EDI=0xb6734f98 is pointing into the stack for thread: 0xb6505400


Stack: [0xb66e5000,0xb6736000],  sp=0xb6734f10,  free space=319k
Native frames: (J=compiled Java code, j=interpreted, Vv=VM code, C=native code)
V  [libjvm.so+0x3b9eb1]  ThreadInVMfromNative::ThreadInVMfromNative(JavaThread*)+0x21
C  0xb6505520

Java frames: (J=compiled Java code, j=interpreted, Vv=VM code)
j  ArcanaJNI.ktb_sign_init(LArcanaJNI$AddressWrapper;LArcanaJNI$ktb_hash_algo_t;)LArcanaJNI$ktb_errno;+0
j  test.main([Ljava/lang/String;)V+26
v  ~StubRoutines::call_stub

---------------  P R O C E S S  ---------------

Java Threads: ( => current thread )
  0xb65a4000 JavaThread "Low Memory Detector" daemon [_thread_blocked, id=7259, stack(0x6b8c4000,0x6b915000)]
  0xb65a2400 JavaThread "C2 CompilerThread1" daemon [_thread_blocked, id=7258, stack(0x6b915000,0x6b996000)]
  0xb65a0400 JavaThread "C2 CompilerThread0" daemon [_thread_blocked, id=7257, stack(0x6b996000,0x6ba17000)]
  0xb659ec00 JavaThread "Signal Dispatcher" daemon [_thread_blocked, id=7256, stack(0x6c02e000,0x6c07f000)]
  0xb658f400 JavaThread "Finalizer" daemon [_thread_blocked, id=7255, stack(0x6bc17000,0x6bc68000)]
  0xb658dc00 JavaThread "Reference Handler" daemon [_thread_blocked, id=7254, stack(0x6bc68000,0x6bcb9000)]
=>0xb6505400 JavaThread "main" [_thread_in_native, id=7250, stack(0xb66e5000,0xb6736000)]

Other Threads:
  0xb658ac00 VMThread [stack: 0x6bcb9000,0x6bd3a000] [id=7253]
  0xb65a5c00 WatcherThread [stack: 0x6b843000,0x6b8c4000] [id=7260]

VM state:not at safepoint (normal execution)

VM Mutex/Monitor currently owned by a thread: None

Heap
 PSYoungGen      total 18816K, used 323K [0x9e4f0000, 0x9f9e0000, 0xb3440000)
  eden space 16192K, 2% used [0x9e4f0000,0x9e540f70,0x9f4c0000)
  from space 2624K, 0% used [0x9f750000,0x9f750000,0x9f9e0000)
  to   space 2624K, 0% used [0x9f4c0000,0x9f4c0000,0x9f750000)
 PSOldGen        total 42944K, used 0K [0x74640000, 0x77030000, 0x9e4f0000)
  object space 42944K, 0% used [0x74640000,0x74640000,0x77030000)
 PSPermGen       total 16384K, used 1968K [0x6c640000, 0x6d640000, 0x74640000)
  object space 16384K, 12% used [0x6c640000,0x6c82c080,0x6d640000)

Code Cache  [0xb3500000, 0xb3740000, 0xb6500000)
 total_blobs=101 nmethods=0 adapters=69 free_code_cache=50034880 largest_free_block=0

Dynamic libraries:
08048000-08051000 r-xp 00000000 08:05 6034637    /usr/lib/jvm/java-6-openjdk-i386/jre/bin/java
08051000-08052000 r--p 00008000 08:05 6034637    /usr/lib/jvm/java-6-openjdk-i386/jre/bin/java
08052000-08053000 rw-p 00009000 08:05 6034637    /usr/lib/jvm/java-6-openjdk-i386/jre/bin/java
09ffd000-0a01e000 rw-p 00000000 00:00 0          [heap]
6b787000-6b7fe000 r-xp 00000000 08:05 3150504    /usr/lib/i386-linux-gnu/libgmp.so.10.0.2
6b7fe000-6b7ff000 r--p 00076000 08:05 3150504    /usr/lib/i386-linux-gnu/libgmp.so.10.0.2
6b7ff000-6b806000 rw-p 00077000 08:05 3150504    /usr/lib/i386-linux-gnu/libgmp.so.10.0.2
6b806000-6b840000 r-xp 00000000 08:05 12984509   /home/baptiste/git/ParserJNI/JNA/Java/libktb.so
6b840000-6b841000 r--p 0003a000 08:05 12984509   /home/baptiste/git/ParserJNI/JNA/Java/libktb.so
6b841000-6b842000 rw-p 0003b000 08:05 12984509   /home/baptiste/git/ParserJNI/JNA/Java/libktb.so
6b842000-6b843000 rw-p 00000000 00:00 0 
6b843000-6b844000 ---p 00000000 00:00 0 
6b844000-6b8c4000 rw-p 00000000 00:00 0 
6b8c4000-6b8c7000 ---p 00000000 00:00 0 
6b8c7000-6b915000 rw-p 00000000 00:00 0 
6b915000-6b918000 ---p 00000000 00:00 0 
6b918000-6b996000 rw-p 00000000 00:00 0 
6b996000-6b999000 ---p 00000000 00:00 0 
6b999000-6ba17000 rw-p 00000000 00:00 0 
6ba17000-6bc17000 r--p 00000000 08:05 3152888    /usr/lib/locale/locale-archive
6bc17000-6bc1a000 ---p 00000000 00:00 0 
6bc1a000-6bc68000 rw-p 00000000 00:00 0 
6bc68000-6bc6b000 ---p 00000000 00:00 0 
6bc6b000-6bcb9000 rw-p 00000000 00:00 0 
6bcb9000-6bcba000 ---p 00000000 00:00 0 
6bcba000-6bd6d000 rw-p 00000000 00:00 0 
6bd6d000-6bf00000 r--s 037db000 08:05 6167155    /usr/lib/jvm/java-6-openjdk-i386/jre/lib/rt.jar
6bf00000-6bf21000 rw-p 00000000 00:00 0 
6bf21000-6c000000 ---p 00000000 00:00 0 
6c02e000-6c031000 ---p 00000000 00:00 0 
6c031000-6c07f000 rw-p 00000000 00:00 0 
6c07f000-6c080000 ---p 00000000 00:00 0 
6c080000-6c100000 rw-p 00000000 00:00 0 
6c100000-6c121000 rw-p 00000000 00:00 0 
6c121000-6c200000 ---p 00000000 00:00 0 
6c237000-6c238000 ---p 00000000 00:00 0 
6c238000-6c2cd000 rw-p 00000000 00:00 0 
6c2cd000-6c408000 rw-p 00000000 00:00 0 
6c408000-6c410000 rw-p 00000000 00:00 0 
6c410000-6c448000 rw-p 00000000 00:00 0 
6c448000-6c45d000 rw-p 00000000 00:00 0 
6c45d000-6c597000 rw-p 00000000 00:00 0 
6c597000-6c5a2000 rw-p 00000000 00:00 0 
6c5a2000-6c63f000 rw-p 00000000 00:00 0 
6c63f000-6d640000 rw-p 00000000 00:00 0 
6d640000-74640000 rw-p 00000000 00:00 0 
74640000-77030000 rw-p 00000000 00:00 0 
77030000-9e4f0000 rw-p 00000000 00:00 0 
9e4f0000-9f9e0000 rw-p 00000000 00:00 0 
9f9e0000-b3440000 rw-p 00000000 00:00 0 
b3440000-b3449000 rw-p 00000000 00:00 0 
b3449000-b3500000 rw-p 00000000 00:00 0 
b3500000-b3740000 rwxp 00000000 00:00 0 
b3740000-b65dd000 rw-p 00000000 00:00 0 
b65dd000-b6600000 ---p 00000000 00:00 0 
b660c000-b6618000 r-xp 00000000 08:05 12976367   /home/baptiste/git/ParserJNI/JNA/Java/libarcanaJNI.so
b6618000-b6619000 r--p 0000b000 08:05 12976367   /home/baptiste/git/ParserJNI/JNA/Java/libarcanaJNI.so
b6619000-b661a000 rw-p 0000c000 08:05 12976367   /home/baptiste/git/ParserJNI/JNA/Java/libarcanaJNI.so
b661a000-b661d000 r--s 00077000 08:05 3411556    /usr/lib/jvm/java-6-openjdk-common/jre/lib/ext/localedata.jar
b661d000-b6620000 r--s 00031000 08:05 3416587    /usr/lib/jvm/java-6-openjdk-common/jre/lib/ext/sunjce_provider.jar
b6620000-b6628000 rw-p 00000000 00:00 0 
b6628000-b6660000 rw-p 00000000 00:00 0 
b6660000-b666b000 r-xp 00000000 08:05 10756485   /lib/i386-linux-gnu/libnss_files-2.15.so
b666b000-b666c000 r--p 0000a000 08:05 10756485   /lib/i386-linux-gnu/libnss_files-2.15.so
b666c000-b666d000 rw-p 0000b000 08:05 10756485   /lib/i386-linux-gnu/libnss_files-2.15.so
b666d000-b6677000 r-xp 00000000 08:05 10756489   /lib/i386-linux-gnu/libnss_nis-2.15.so
b6677000-b6678000 r--p 00009000 08:05 10756489   /lib/i386-linux-gnu/libnss_nis-2.15.so
b6678000-b6679000 rw-p 0000a000 08:05 10756489   /lib/i386-linux-gnu/libnss_nis-2.15.so
b6679000-b668f000 r-xp 00000000 08:05 10756501   /lib/i386-linux-gnu/libnsl-2.15.so
b668f000-b6690000 r--p 00015000 08:05 10756501   /lib/i386-linux-gnu/libnsl-2.15.so
b6690000-b6691000 rw-p 00016000 08:05 10756501   /lib/i386-linux-gnu/libnsl-2.15.so
b6691000-b6693000 rw-p 00000000 00:00 0 
b6693000-b669a000 r-xp 00000000 08:05 10756483   /lib/i386-linux-gnu/libnss_compat-2.15.so
b669a000-b669b000 r--p 00006000 08:05 10756483   /lib/i386-linux-gnu/libnss_compat-2.15.so
b669b000-b669c000 rw-p 00007000 08:05 10756483   /lib/i386-linux-gnu/libnss_compat-2.15.so
b669e000-b66a2000 r--s 00039000 08:05 3410657    /usr/lib/jvm/java-6-openjdk-common/jre/lib/ext/sunpkcs11.jar
b66a2000-b66a9000 r-xp 00000000 08:05 6163400    /usr/lib/jvm/java-6-openjdk-i386/jre/lib/i386/libzip.so
b66a9000-b66aa000 r--p 00006000 08:05 6163400    /usr/lib/jvm/java-6-openjdk-i386/jre/lib/i386/libzip.so
b66aa000-b66ab000 rw-p 00007000 08:05 6163400    /usr/lib/jvm/java-6-openjdk-i386/jre/lib/i386/libzip.so
b66ab000-b66b3000 rw-s 00000000 08:05 4590735    /tmp/hsperfdata_baptiste/7249
b66b3000-b66d9000 r-xp 00000000 08:05 6163394    /usr/lib/jvm/java-6-openjdk-i386/jre/lib/i386/libjava.so
b66d9000-b66da000 r--p 00025000 08:05 6163394    /usr/lib/jvm/java-6-openjdk-i386/jre/lib/i386/libjava.so
b66da000-b66dc000 rw-p 00026000 08:05 6163394    /usr/lib/jvm/java-6-openjdk-i386/jre/lib/i386/libjava.so
b66dc000-b66e3000 r-xp 00000000 08:05 10756488   /lib/i386-linux-gnu/librt-2.15.so
b66e3000-b66e4000 r--p 00006000 08:05 10756488   /lib/i386-linux-gnu/librt-2.15.so
b66e4000-b66e5000 rw-p 00007000 08:05 10756488   /lib/i386-linux-gnu/librt-2.15.so
b66e5000-b66e8000 ---p 00000000 00:00 0 
b66e8000-b6736000 rw-p 00000000 00:00 0 
b6736000-b6752000 r-xp 00000000 08:05 10748852   /lib/i386-linux-gnu/libgcc_s.so.1
b6752000-b6753000 r--p 0001b000 08:05 10748852   /lib/i386-linux-gnu/libgcc_s.so.1
b6753000-b6754000 rw-p 0001c000 08:05 10748852   /lib/i386-linux-gnu/libgcc_s.so.1
b6754000-b677e000 r-xp 00000000 08:05 10756492   /lib/i386-linux-gnu/libm-2.15.so
b677e000-b677f000 r--p 00029000 08:05 10756492   /lib/i386-linux-gnu/libm-2.15.so
b677f000-b6780000 rw-p 0002a000 08:05 10756492   /lib/i386-linux-gnu/libm-2.15.so
b6780000-b6858000 r-xp 00000000 08:05 3150797    /usr/lib/i386-linux-gnu/libstdc++.so.6.0.16
b6858000-b6859000 ---p 000d8000 08:05 3150797    /usr/lib/i386-linux-gnu/libstdc++.so.6.0.16
b6859000-b685d000 r--p 000d8000 08:05 3150797    /usr/lib/i386-linux-gnu/libstdc++.so.6.0.16
b685d000-b685e000 rw-p 000dc000 08:05 3150797    /usr/lib/i386-linux-gnu/libstdc++.so.6.0.16
b685e000-b6865000 rw-p 00000000 00:00 0 
b6865000-b7084000 r-xp 00000000 08:05 6164685    /usr/lib/jvm/java-6-openjdk-i386/jre/lib/i386/server/libjvm.so
b7084000-b70c9000 r--p 0081f000 08:05 6164685    /usr/lib/jvm/java-6-openjdk-i386/jre/lib/i386/server/libjvm.so
b70c9000-b70d8000 rw-p 00864000 08:05 6164685    /usr/lib/jvm/java-6-openjdk-i386/jre/lib/i386/server/libjvm.so
b70d8000-b74f4000 rw-p 00000000 00:00 0 
b74f4000-b7508000 r-xp 00000000 08:05 10748942   /lib/i386-linux-gnu/libz.so.1.2.3.4
b7508000-b7509000 r--p 00013000 08:05 10748942   /lib/i386-linux-gnu/libz.so.1.2.3.4
b7509000-b750a000 rw-p 00014000 08:05 10748942   /lib/i386-linux-gnu/libz.so.1.2.3.4
b750a000-b76ad000 r-xp 00000000 08:05 10756481   /lib/i386-linux-gnu/libc-2.15.so
b76ad000-b76af000 r--p 001a3000 08:05 10756481   /lib/i386-linux-gnu/libc-2.15.so
b76af000-b76b0000 rw-p 001a5000 08:05 10756481   /lib/i386-linux-gnu/libc-2.15.so
b76b0000-b76b3000 rw-p 00000000 00:00 0 
b76b3000-b76b6000 r-xp 00000000 08:05 10756496   /lib/i386-linux-gnu/libdl-2.15.so
b76b6000-b76b7000 r--p 00002000 08:05 10756496   /lib/i386-linux-gnu/libdl-2.15.so
b76b7000-b76b8000 rw-p 00003000 08:05 10756496   /lib/i386-linux-gnu/libdl-2.15.so
b76b8000-b76bc000 r-xp 00000000 08:05 6163403    /usr/lib/jvm/java-6-openjdk-i386/jre/lib/i386/jli/libjli.so
b76bc000-b76bd000 r--p 00003000 08:05 6163403    /usr/lib/jvm/java-6-openjdk-i386/jre/lib/i386/jli/libjli.so
b76bd000-b76be000 rw-p 00004000 08:05 6163403    /usr/lib/jvm/java-6-openjdk-i386/jre/lib/i386/jli/libjli.so
b76be000-b76bf000 rw-p 00000000 00:00 0 
b76bf000-b76d6000 r-xp 00000000 08:05 10756490   /lib/i386-linux-gnu/libpthread-2.15.so
b76d6000-b76d7000 r--p 00016000 08:05 10756490   /lib/i386-linux-gnu/libpthread-2.15.so
b76d7000-b76d8000 rw-p 00017000 08:05 10756490   /lib/i386-linux-gnu/libpthread-2.15.so
b76d8000-b76da000 rw-p 00000000 00:00 0 
b76db000-b76dd000 r--s 0000f000 08:05 3416589    /usr/lib/jvm/java-6-openjdk-common/jre/lib/ext/pulse-java.jar
b76dd000-b76de000 r--s 00007000 08:05 3415217    /usr/share/java/java-atk-wrapper.jar
b76de000-b76e0000 r--s 00001000 08:05 3416588    /usr/lib/jvm/java-6-openjdk-common/jre/lib/ext/dnsns.jar
b76e0000-b76e1000 r--p 00858000 08:05 3152888    /usr/lib/locale/locale-archive
b76e1000-b76e2000 rw-p 00000000 00:00 0 
b76e2000-b76e3000 r--p 00000000 00:00 0 
b76e3000-b76ee000 r-xp 00000000 08:05 6167144    /usr/lib/jvm/java-6-openjdk-i386/jre/lib/i386/libverify.so
b76ee000-b76ef000 ---p 0000b000 08:05 6167144    /usr/lib/jvm/java-6-openjdk-i386/jre/lib/i386/libverify.so
b76ef000-b76f0000 r--p 0000b000 08:05 6167144    /usr/lib/jvm/java-6-openjdk-i386/jre/lib/i386/libverify.so
b76f0000-b76f1000 rw-p 0000c000 08:05 6167144    /usr/lib/jvm/java-6-openjdk-i386/jre/lib/i386/libverify.so
b76f1000-b76f3000 rw-p 00000000 00:00 0 
b76f3000-b76f4000 r-xp 00000000 00:00 0          [vdso]
b76f4000-b7714000 r-xp 00000000 08:05 10756493   /lib/i386-linux-gnu/ld-2.15.so
b7714000-b7715000 r--p 0001f000 08:05 10756493   /lib/i386-linux-gnu/ld-2.15.so
b7715000-b7716000 rw-p 00020000 08:05 10756493   /lib/i386-linux-gnu/ld-2.15.so
bf878000-bf899000 rw-p 00000000 00:00 0          [stack]

VM Arguments:
jvm_args: -Djava.library.path=. 
java_command: test
Launcher Type: SUN_STANDARD

Environment Variables:
PATH=/home/baptiste/local/bin:/usr/lib/lightdm/lightdm:/usr/local/sbin:/usr/local/bin:/usr/sbin:/usr/bin:/sbin:/bin:/usr/games
LD_LIBRARY_PATH=/usr/lib/jvm/java-6-openjdk-i386/jre/lib/i386/server:/usr/lib/jvm/java-6-openjdk-i386/jre/lib/i386:/usr/lib/jvm/java-6-openjdk-i386/jre/../lib/i386:.
SHELL=/bin/bash
DISPLAY=:0.0

Signal Handlers:
SIGSEGV: [libjvm.so+0x66b2b0], sa_mask[0]=0x7ffbfeff, sa_flags=0x10000004
SIGBUS: [libjvm.so+0x66b2b0], sa_mask[0]=0x7ffbfeff, sa_flags=0x10000004
SIGFPE: [libjvm.so+0x52e950], sa_mask[0]=0x7ffbfeff, sa_flags=0x10000004
SIGPIPE: [libjvm.so+0x52e950], sa_mask[0]=0x7ffbfeff, sa_flags=0x10000004
SIGXFSZ: [libjvm.so+0x52e950], sa_mask[0]=0x7ffbfeff, sa_flags=0x10000004
SIGILL: [libjvm.so+0x52e950], sa_mask[0]=0x7ffbfeff, sa_flags=0x10000004
SIGUSR1: SIG_DFL, sa_mask[0]=0x00000000, sa_flags=0x00000000
SIGUSR2: [libjvm.so+0x52e7e0], sa_mask[0]=0x00000000, sa_flags=0x10000004
SIGHUP: [libjvm.so+0x531770], sa_mask[0]=0x7ffbfeff, sa_flags=0x10000004
SIGINT: [libjvm.so+0x531770], sa_mask[0]=0x7ffbfeff, sa_flags=0x10000004
SIGTERM: [libjvm.so+0x531770], sa_mask[0]=0x7ffbfeff, sa_flags=0x10000004
SIGQUIT: [libjvm.so+0x531770], sa_mask[0]=0x7ffbfeff, sa_flags=0x10000004


---------------  S Y S T E M  ---------------

OS:Ubuntu 12.04 (precise)
uname:Linux 3.2.0-48-generic-pae #74-Ubuntu SMP Thu Jun 6 20:05:01 UTC 2013 i686
libc:glibc 2.15 NPTL 2.15 
rlimit: STACK 8192k, CORE 0k, NPROC 32049, NOFILE 4096, AS infinity
load average:1.91 2.28 2.13

/proc/meminfo:
MemTotal:        4116908 kB
MemFree:         2649416 kB
Buffers:          125064 kB
Cached:           713284 kB
SwapCached:            0 kB
Active:           901376 kB
Inactive:         474648 kB
Active(anon):     538628 kB
Inactive(anon):    19644 kB
Active(file):     362748 kB
Inactive(file):   455004 kB
Unevictable:          20 kB
Mlocked:              20 kB
HighTotal:       3276048 kB
HighFree:        2002072 kB
LowTotal:         840860 kB
LowFree:          647344 kB
SwapTotal:       3145724 kB
SwapFree:        3145724 kB
Dirty:               360 kB
Writeback:             0 kB
AnonPages:        537808 kB
Mapped:           161340 kB
Shmem:             20600 kB
Slab:              46964 kB
SReclaimable:      30996 kB
SUnreclaim:        15968 kB
KernelStack:        3080 kB
PageTables:         8444 kB
NFS_Unstable:          0 kB
Bounce:                0 kB
WritebackTmp:          0 kB
CommitLimit:     5204176 kB
Committed_AS:    2530412 kB
VmallocTotal:     122880 kB
VmallocUsed:       49960 kB
VmallocChunk:      63876 kB
HardwareCorrupted:     0 kB
AnonHugePages:         0 kB
HugePages_Total:       0
HugePages_Free:        0
HugePages_Rsvd:        0
HugePages_Surp:        0
Hugepagesize:       2048 kB
DirectMap4k:       53240 kB
DirectMap2M:      860160 kB


CPU:total 2 (2 cores per cpu, 1 threads per core) family 6 model 23 stepping 6, cmov, cx8, fxsr, mmx, sse, sse2, sse3, ssse3, sse4.1

Memory: 4k page, physical 4116908k(2649452k free), swap 3145724k(3145724k free)

vm_info: OpenJDK Server VM (20.0-b12) for linux-x86 JRE (1.6.0_27-b27), built on Apr 25 2013 14:59:06 by "buildd" with gcc 4.6.3

time: Sat Jun 29 16:32:21 2013
elapsed time: 0 seconds

