#
# A fatal error has been detected by the Java Runtime Environment:
#
#  SIGSEGV (0xb) at pc=0x6b80b0c6, pid=6653, tid=3060968256
#
# JRE version: 6.0_27-b27
# Java VM: OpenJDK Server VM (20.0-b12 mixed mode linux-x86 )
# Derivative: IcedTea6 1.12.5
# Distribution: Ubuntu 12.04 LTS, package 6b27-1.12.5-0ubuntu0.12.04.1
# Problematic frame:
# C  [libktb.so+0x50c6]  ktb_radix64_verify+0xe26
#
# If you would like to submit a bug report, please include
# instructions how to reproduce the bug and visit:
#   https://bugs.launchpad.net/ubuntu/+source/openjdk-6/
# The crash happened outside the Java Virtual Machine in native code.
# See problematic frame for where to report the bug.
#

---------------  T H R E A D  ---------------

Current thread (0xb6505400):  JavaThread "main" [_thread_in_native, id=6654, stack(0xb66da000,0xb672b000)]

siginfo:si_signo=SIGSEGV: si_errno=0, si_code=1 (SEGV_MAPERR), si_addr=0x00000014

Registers:
EAX=0x00000000, EBX=0x6b840ff4, ECX=0xb672abcc, EDX=0x00000000
ESP=0xb6729f30, EBP=0xb6729ff8, ESI=0x00000020, EDI=0xb6505400
EIP=0x6b80b0c6, EFLAGS=0x00210282, CR2=0x00000014

Top of Stack: (sp=0xb6729f30)
0xb6729f30:   00000003 b6505a68 b6729f68 00000000
0xb6729f40:   0000000a 6b840ff4 b6729fac 6b80a9c4
0xb6729f50:   00000020 00000000 b6505400 0000000a
0xb6729f60:   00000007 6b80a9a6 6b840ff4 6b823bb7
0xb6729f70:   00000020 00000003 b6505400 6c823050
0xb6729f80:   6c823050 6c823050 6c823050 b660421d
0xb6729f90:   b6729fac 00000007 b655185c b660ad74
0xb6729fa0:   b6bf1620 b6505a68 b672a080 b672a054 

Instructions: (pc=0x6b80b0c6)
0x6b80b0a6:   14 e8 8b e9 ff ff 81 c3 48 5f 03 00 89 74 24 18
0x6b80b0b6:   8b 74 24 20 c7 04 24 03 00 00 00 e8 4a f7 ff ff
0x6b80b0c6:   8b 50 14 85 d2 75 23 89 74 24 04 89 34 24 c7 44
0x6b80b0d6:   24 08 03 00 00 00 e8 cf f4 ff ff 8b 5c 24 14 8b 

Register to memory mapping:

EAX=0x00000000 is an unknown value
EBX=0x6b840ff4: <offset 0x3aff4> in ./libktb.so at 0x6b806000
ECX=0xb672abcc is pointing into the stack for thread: 0xb6505400
EDX=0x00000000 is an unknown value
ESP=0xb6729f30 is pointing into the stack for thread: 0xb6505400
EBP=0xb6729ff8 is pointing into the stack for thread: 0xb6505400
ESI=0x00000020 is an unknown value
EDI=0xb6505400 is a thread


Stack: [0xb66da000,0xb672b000],  sp=0xb6729f30,  free space=319k
Native frames: (J=compiled Java code, j=interpreted, Vv=VM code, C=native code)
C  [libktb.so+0x50c6]  ktb_radix64_verify+0xe26
j  ArcanaJNI.ktb_sign_init(LArcanaJNI$AddressWrapper;LArcanaJNI$ktb_hash_algo_t;)LArcanaJNI$ktb_errno;+0
j  test.main([Ljava/lang/String;)V+24
v  ~StubRoutines::call_stub
V  [libjvm.so+0x39b0b6]  JavaCalls::call_helper(JavaValue*, methodHandle*, JavaCallArguments*, Thread*)+0x2c6

Java frames: (J=compiled Java code, j=interpreted, Vv=VM code)
j  ArcanaJNI.ktb_sign_init(LArcanaJNI$AddressWrapper;LArcanaJNI$ktb_hash_algo_t;)LArcanaJNI$ktb_errno;+0
j  test.main([Ljava/lang/String;)V+24
v  ~StubRoutines::call_stub

---------------  P R O C E S S  ---------------

Java Threads: ( => current thread )
  0xb65a4000 JavaThread "Low Memory Detector" daemon [_thread_blocked, id=6663, stack(0x6b8c4000,0x6b915000)]
  0xb65a2400 JavaThread "C2 CompilerThread1" daemon [_thread_blocked, id=6662, stack(0x6b915000,0x6b996000)]
  0xb65a0400 JavaThread "C2 CompilerThread0" daemon [_thread_blocked, id=6661, stack(0x6b996000,0x6ba17000)]
  0xb659ec00 JavaThread "Signal Dispatcher" daemon [_thread_blocked, id=6660, stack(0x6c02e000,0x6c07f000)]
  0xb658f400 JavaThread "Finalizer" daemon [_thread_blocked, id=6659, stack(0x6bc17000,0x6bc68000)]
  0xb658dc00 JavaThread "Reference Handler" daemon [_thread_blocked, id=6658, stack(0x6bc68000,0x6bcb9000)]
=>0xb6505400 JavaThread "main" [_thread_in_native, id=6654, stack(0xb66da000,0xb672b000)]

Other Threads:
  0xb658ac00 VMThread [stack: 0x6bcb9000,0x6bd3a000] [id=6657]
  0xb65a5c00 WatcherThread [stack: 0x6b843000,0x6b8c4000] [id=6664]

VM state:not at safepoint (normal execution)

VM Mutex/Monitor currently owned by a thread: None

Heap
 PSYoungGen      total 18816K, used 323K [0x9e4f0000, 0x9f9e0000, 0xb3440000)
  eden space 16192K, 2% used [0x9e4f0000,0x9e540f70,0x9f4c0000)
  from space 2624K, 0% used [0x9f750000,0x9f750000,0x9f9e0000)
  to   space 2624K, 0% used [0x9f4c0000,0x9f4c0000,0x9f750000)
 PSOldGen        total 42944K, used 0K [0x74640000, 0x77030000, 0x9e4f0000)
  object space 42944K, 0% used [0x74640000,0x74640000,0x77030000)
 PSPermGen       total 16384K, used 1968K [0x6c640000, 0x6d640000, 0x74640000)
  object space 16384K, 12% used [0x6c640000,0x6c82c128,0x6d640000)

Code Cache  [0xb3500000, 0xb3740000, 0xb6500000)
 total_blobs=101 nmethods=0 adapters=69 free_code_cache=50034880 largest_free_block=0

Dynamic libraries:
08048000-08051000 r-xp 00000000 08:05 6034637    /usr/lib/jvm/java-6-openjdk-i386/jre/bin/java
08051000-08052000 r--p 00008000 08:05 6034637    /usr/lib/jvm/java-6-openjdk-i386/jre/bin/java
08052000-08053000 rw-p 00009000 08:05 6034637    /usr/lib/jvm/java-6-openjdk-i386/jre/bin/java
092a3000-092c4000 rw-p 00000000 00:00 0          [heap]
6b787000-6b7fe000 r-xp 00000000 08:05 3150504    /usr/lib/i386-linux-gnu/libgmp.so.10.0.2
6b7fe000-6b7ff000 r--p 00076000 08:05 3150504    /usr/lib/i386-linux-gnu/libgmp.so.10.0.2
6b7ff000-6b806000 rw-p 00077000 08:05 3150504    /usr/lib/i386-linux-gnu/libgmp.so.10.0.2
6b806000-6b840000 r-xp 00000000 08:05 12984509   /home/baptiste/git/ParserJNI/JNA/Java/libktb.so
6b840000-6b841000 r--p 0003a000 08:05 12984509   /home/baptiste/git/ParserJNI/JNA/Java/libktb.so
6b841000-6b842000 rw-p 0003b000 08:05 12984509   /home/baptiste/git/ParserJNI/JNA/Java/libktb.so
6b842000-6b843000 rw-p 00000000 00:00 0 
6b843000-6b844000 ---p 00000000 00:00 0 
6b844000-6b8c4000 rw-p 00000000 00:00 0 
6b8c4000-6b8c7000 ---p 00000000 00:00 0 
6b8c7000-6b915000 rw-p 00000000 00:00 0 
6b915000-6b918000 ---p 00000000 00:00 0 
6b918000-6b996000 rw-p 00000000 00:00 0 
6b996000-6b999000 ---p 00000000 00:00 0 
6b999000-6ba17000 rw-p 00000000 00:00 0 
6ba17000-6bc17000 r--p 00000000 08:05 3152888    /usr/lib/locale/locale-archive
6bc17000-6bc1a000 ---p 00000000 00:00 0 
6bc1a000-6bc68000 rw-p 00000000 00:00 0 
6bc68000-6bc6b000 ---p 00000000 00:00 0 
6bc6b000-6bcb9000 rw-p 00000000 00:00 0 
6bcb9000-6bcba000 ---p 00000000 00:00 0 
6bcba000-6bd6d000 rw-p 00000000 00:00 0 
6bd6d000-6bf00000 r--s 037db000 08:05 6167155    /usr/lib/jvm/java-6-openjdk-i386/jre/lib/rt.jar
6bf00000-6bf21000 rw-p 00000000 00:00 0 
6bf21000-6c000000 ---p 00000000 00:00 0 
6c02e000-6c031000 ---p 00000000 00:00 0 
6c031000-6c07f000 rw-p 00000000 00:00 0 
6c07f000-6c080000 ---p 00000000 00:00 0 
6c080000-6c100000 rw-p 00000000 00:00 0 
6c100000-6c121000 rw-p 00000000 00:00 0 
6c121000-6c200000 ---p 00000000 00:00 0 
6c237000-6c238000 ---p 00000000 00:00 0 
6c238000-6c2cd000 rw-p 00000000 00:00 0 
6c2cd000-6c408000 rw-p 00000000 00:00 0 
6c408000-6c410000 rw-p 00000000 00:00 0 
6c410000-6c448000 rw-p 00000000 00:00 0 
6c448000-6c45d000 rw-p 00000000 00:00 0 
6c45d000-6c597000 rw-p 00000000 00:00 0 
6c597000-6c5a2000 rw-p 00000000 00:00 0 
6c5a2000-6c63f000 rw-p 00000000 00:00 0 
6c63f000-6d640000 rw-p 00000000 00:00 0 
6d640000-74640000 rw-p 00000000 00:00 0 
74640000-77030000 rw-p 00000000 00:00 0 
77030000-9e4f0000 rw-p 00000000 00:00 0 
9e4f0000-9f9e0000 rw-p 00000000 00:00 0 
9f9e0000-b3440000 rw-p 00000000 00:00 0 
b3440000-b3449000 rw-p 00000000 00:00 0 
b3449000-b3500000 rw-p 00000000 00:00 0 
b3500000-b3740000 rwxp 00000000 00:00 0 
b3740000-b65dd000 rw-p 00000000 00:00 0 
b65dd000-b6600000 ---p 00000000 00:00 0 
b6601000-b660d000 r-xp 00000000 08:05 12976367   /home/baptiste/git/ParserJNI/JNA/Java/libarcanaJNI.so
b660d000-b660e000 r--p 0000b000 08:05 12976367   /home/baptiste/git/ParserJNI/JNA/Java/libarcanaJNI.so
b660e000-b660f000 rw-p 0000c000 08:05 12976367   /home/baptiste/git/ParserJNI/JNA/Java/libarcanaJNI.so
b660f000-b6612000 r--s 00077000 08:05 3411556    /usr/lib/jvm/java-6-openjdk-common/jre/lib/ext/localedata.jar
b6612000-b6615000 r--s 00031000 08:05 3416587    /usr/lib/jvm/java-6-openjdk-common/jre/lib/ext/sunjce_provider.jar
b6615000-b661d000 rw-p 00000000 00:00 0 
b661d000-b6655000 rw-p 00000000 00:00 0 
b6655000-b6660000 r-xp 00000000 08:05 10756485   /lib/i386-linux-gnu/libnss_files-2.15.so
b6660000-b6661000 r--p 0000a000 08:05 10756485   /lib/i386-linux-gnu/libnss_files-2.15.so
b6661000-b6662000 rw-p 0000b000 08:05 10756485   /lib/i386-linux-gnu/libnss_files-2.15.so
b6662000-b666c000 r-xp 00000000 08:05 10756489   /lib/i386-linux-gnu/libnss_nis-2.15.so
b666c000-b666d000 r--p 00009000 08:05 10756489   /lib/i386-linux-gnu/libnss_nis-2.15.so
b666d000-b666e000 rw-p 0000a000 08:05 10756489   /lib/i386-linux-gnu/libnss_nis-2.15.so
b666e000-b6684000 r-xp 00000000 08:05 10756501   /lib/i386-linux-gnu/libnsl-2.15.so
b6684000-b6685000 r--p 00015000 08:05 10756501   /lib/i386-linux-gnu/libnsl-2.15.so
b6685000-b6686000 rw-p 00016000 08:05 10756501   /lib/i386-linux-gnu/libnsl-2.15.so
b6686000-b6688000 rw-p 00000000 00:00 0 
b6688000-b668f000 r-xp 00000000 08:05 10756483   /lib/i386-linux-gnu/libnss_compat-2.15.so
b668f000-b6690000 r--p 00006000 08:05 10756483   /lib/i386-linux-gnu/libnss_compat-2.15.so
b6690000-b6691000 rw-p 00007000 08:05 10756483   /lib/i386-linux-gnu/libnss_compat-2.15.so
b6693000-b6697000 r--s 00039000 08:05 3410657    /usr/lib/jvm/java-6-openjdk-common/jre/lib/ext/sunpkcs11.jar
b6697000-b669e000 r-xp 00000000 08:05 6163400    /usr/lib/jvm/java-6-openjdk-i386/jre/lib/i386/libzip.so
b669e000-b669f000 r--p 00006000 08:05 6163400    /usr/lib/jvm/java-6-openjdk-i386/jre/lib/i386/libzip.so
b669f000-b66a0000 rw-p 00007000 08:05 6163400    /usr/lib/jvm/java-6-openjdk-i386/jre/lib/i386/libzip.so
b66a0000-b66a8000 rw-s 00000000 08:05 4590735    /tmp/hsperfdata_baptiste/6653
b66a8000-b66ce000 r-xp 00000000 08:05 6163394    /usr/lib/jvm/java-6-openjdk-i386/jre/lib/i386/libjava.so
b66ce000-b66cf000 r--p 00025000 08:05 6163394    /usr/lib/jvm/java-6-openjdk-i386/jre/lib/i386/libjava.so
b66cf000-b66d1000 rw-p 00026000 08:05 6163394    /usr/lib/jvm/java-6-openjdk-i386/jre/lib/i386/libjava.so
b66d1000-b66d8000 r-xp 00000000 08:05 10756488   /lib/i386-linux-gnu/librt-2.15.so
b66d8000-b66d9000 r--p 00006000 08:05 10756488   /lib/i386-linux-gnu/librt-2.15.so
b66d9000-b66da000 rw-p 00007000 08:05 10756488   /lib/i386-linux-gnu/librt-2.15.so
b66da000-b66dd000 ---p 00000000 00:00 0 
b66dd000-b672b000 rw-p 00000000 00:00 0 
b672b000-b6747000 r-xp 00000000 08:05 10748852   /lib/i386-linux-gnu/libgcc_s.so.1
b6747000-b6748000 r--p 0001b000 08:05 10748852   /lib/i386-linux-gnu/libgcc_s.so.1
b6748000-b6749000 rw-p 0001c000 08:05 10748852   /lib/i386-linux-gnu/libgcc_s.so.1
b6749000-b6773000 r-xp 00000000 08:05 10756492   /lib/i386-linux-gnu/libm-2.15.so
b6773000-b6774000 r--p 00029000 08:05 10756492   /lib/i386-linux-gnu/libm-2.15.so
b6774000-b6775000 rw-p 0002a000 08:05 10756492   /lib/i386-linux-gnu/libm-2.15.so
b6775000-b684d000 r-xp 00000000 08:05 3150797    /usr/lib/i386-linux-gnu/libstdc++.so.6.0.16
b684d000-b684e000 ---p 000d8000 08:05 3150797    /usr/lib/i386-linux-gnu/libstdc++.so.6.0.16
b684e000-b6852000 r--p 000d8000 08:05 3150797    /usr/lib/i386-linux-gnu/libstdc++.so.6.0.16
b6852000-b6853000 rw-p 000dc000 08:05 3150797    /usr/lib/i386-linux-gnu/libstdc++.so.6.0.16
b6853000-b685a000 rw-p 00000000 00:00 0 
b685a000-b7079000 r-xp 00000000 08:05 6164685    /usr/lib/jvm/java-6-openjdk-i386/jre/lib/i386/server/libjvm.so
b7079000-b70be000 r--p 0081f000 08:05 6164685    /usr/lib/jvm/java-6-openjdk-i386/jre/lib/i386/server/libjvm.so
b70be000-b70cd000 rw-p 00864000 08:05 6164685    /usr/lib/jvm/java-6-openjdk-i386/jre/lib/i386/server/libjvm.so
b70cd000-b74e9000 rw-p 00000000 00:00 0 
b74e9000-b74fd000 r-xp 00000000 08:05 10748942   /lib/i386-linux-gnu/libz.so.1.2.3.4
b74fd000-b74fe000 r--p 00013000 08:05 10748942   /lib/i386-linux-gnu/libz.so.1.2.3.4
b74fe000-b74ff000 rw-p 00014000 08:05 10748942   /lib/i386-linux-gnu/libz.so.1.2.3.4
b74ff000-b76a2000 r-xp 00000000 08:05 10756481   /lib/i386-linux-gnu/libc-2.15.so
b76a2000-b76a4000 r--p 001a3000 08:05 10756481   /lib/i386-linux-gnu/libc-2.15.so
b76a4000-b76a5000 rw-p 001a5000 08:05 10756481   /lib/i386-linux-gnu/libc-2.15.so
b76a5000-b76a8000 rw-p 00000000 00:00 0 
b76a8000-b76ab000 r-xp 00000000 08:05 10756496   /lib/i386-linux-gnu/libdl-2.15.so
b76ab000-b76ac000 r--p 00002000 08:05 10756496   /lib/i386-linux-gnu/libdl-2.15.so
b76ac000-b76ad000 rw-p 00003000 08:05 10756496   /lib/i386-linux-gnu/libdl-2.15.so
b76ad000-b76b1000 r-xp 00000000 08:05 6163403    /usr/lib/jvm/java-6-openjdk-i386/jre/lib/i386/jli/libjli.so
b76b1000-b76b2000 r--p 00003000 08:05 6163403    /usr/lib/jvm/java-6-openjdk-i386/jre/lib/i386/jli/libjli.so
b76b2000-b76b3000 rw-p 00004000 08:05 6163403    /usr/lib/jvm/java-6-openjdk-i386/jre/lib/i386/jli/libjli.so
b76b3000-b76b4000 rw-p 00000000 00:00 0 
b76b4000-b76cb000 r-xp 00000000 08:05 10756490   /lib/i386-linux-gnu/libpthread-2.15.so
b76cb000-b76cc000 r--p 00016000 08:05 10756490   /lib/i386-linux-gnu/libpthread-2.15.so
b76cc000-b76cd000 rw-p 00017000 08:05 10756490   /lib/i386-linux-gnu/libpthread-2.15.so
b76cd000-b76cf000 rw-p 00000000 00:00 0 
b76d0000-b76d2000 r--s 0000f000 08:05 3416589    /usr/lib/jvm/java-6-openjdk-common/jre/lib/ext/pulse-java.jar
b76d2000-b76d3000 r--s 00007000 08:05 3415217    /usr/share/java/java-atk-wrapper.jar
b76d3000-b76d5000 r--s 00001000 08:05 3416588    /usr/lib/jvm/java-6-openjdk-common/jre/lib/ext/dnsns.jar
b76d5000-b76d6000 r--p 00858000 08:05 3152888    /usr/lib/locale/locale-archive
b76d6000-b76d7000 rw-p 00000000 00:00 0 
b76d7000-b76d8000 r--p 00000000 00:00 0 
b76d8000-b76e3000 r-xp 00000000 08:05 6167144    /usr/lib/jvm/java-6-openjdk-i386/jre/lib/i386/libverify.so
b76e3000-b76e4000 ---p 0000b000 08:05 6167144    /usr/lib/jvm/java-6-openjdk-i386/jre/lib/i386/libverify.so
b76e4000-b76e5000 r--p 0000b000 08:05 6167144    /usr/lib/jvm/java-6-openjdk-i386/jre/lib/i386/libverify.so
b76e5000-b76e6000 rw-p 0000c000 08:05 6167144    /usr/lib/jvm/java-6-openjdk-i386/jre/lib/i386/libverify.so
b76e6000-b76e8000 rw-p 00000000 00:00 0 
b76e8000-b76e9000 r-xp 00000000 00:00 0          [vdso]
b76e9000-b7709000 r-xp 00000000 08:05 10756493   /lib/i386-linux-gnu/ld-2.15.so
b7709000-b770a000 r--p 0001f000 08:05 10756493   /lib/i386-linux-gnu/ld-2.15.so
b770a000-b770b000 rw-p 00020000 08:05 10756493   /lib/i386-linux-gnu/ld-2.15.so
bfab9000-bfada000 rw-p 00000000 00:00 0          [stack]

VM Arguments:
jvm_args: -Djava.library.path=. 
java_command: test
Launcher Type: SUN_STANDARD

Environment Variables:
PATH=/home/baptiste/local/bin:/usr/lib/lightdm/lightdm:/usr/local/sbin:/usr/local/bin:/usr/sbin:/usr/bin:/sbin:/bin:/usr/games
LD_LIBRARY_PATH=/usr/lib/jvm/java-6-openjdk-i386/jre/lib/i386/server:/usr/lib/jvm/java-6-openjdk-i386/jre/lib/i386:/usr/lib/jvm/java-6-openjdk-i386/jre/../lib/i386:.
SHELL=/bin/bash
DISPLAY=:0.0

Signal Handlers:
SIGSEGV: [libjvm.so+0x66b2b0], sa_mask[0]=0x7ffbfeff, sa_flags=0x10000004
SIGBUS: [libjvm.so+0x66b2b0], sa_mask[0]=0x7ffbfeff, sa_flags=0x10000004
SIGFPE: [libjvm.so+0x52e950], sa_mask[0]=0x7ffbfeff, sa_flags=0x10000004
SIGPIPE: [libjvm.so+0x52e950], sa_mask[0]=0x7ffbfeff, sa_flags=0x10000004
SIGXFSZ: [libjvm.so+0x52e950], sa_mask[0]=0x7ffbfeff, sa_flags=0x10000004
SIGILL: [libjvm.so+0x52e950], sa_mask[0]=0x7ffbfeff, sa_flags=0x10000004
SIGUSR1: SIG_DFL, sa_mask[0]=0x00000000, sa_flags=0x00000000
SIGUSR2: [libjvm.so+0x52e7e0], sa_mask[0]=0x00000000, sa_flags=0x10000004
SIGHUP: [libjvm.so+0x531770], sa_mask[0]=0x7ffbfeff, sa_flags=0x10000004
SIGINT: [libjvm.so+0x531770], sa_mask[0]=0x7ffbfeff, sa_flags=0x10000004
SIGTERM: [libjvm.so+0x531770], sa_mask[0]=0x7ffbfeff, sa_flags=0x10000004
SIGQUIT: [libjvm.so+0x531770], sa_mask[0]=0x7ffbfeff, sa_flags=0x10000004


---------------  S Y S T E M  ---------------

OS:Ubuntu 12.04 (precise)
uname:Linux 3.2.0-48-generic-pae #74-Ubuntu SMP Thu Jun 6 20:05:01 UTC 2013 i686
libc:glibc 2.15 NPTL 2.15 
rlimit: STACK 8192k, CORE 0k, NPROC 32049, NOFILE 4096, AS infinity
load average:2.18 2.26 2.00

/proc/meminfo:
MemTotal:        4116908 kB
MemFree:         2703288 kB
Buffers:          122536 kB
Cached:           695348 kB
SwapCached:            0 kB
Active:           855152 kB
Inactive:         467396 kB
Active(anon):     505684 kB
Inactive(anon):    19640 kB
Active(file):     349468 kB
Inactive(file):   447756 kB
Unevictable:          20 kB
Mlocked:              20 kB
HighTotal:       3276048 kB
HighFree:        2053160 kB
LowTotal:         840860 kB
LowFree:          650128 kB
SwapTotal:       3145724 kB
SwapFree:        3145724 kB
Dirty:                80 kB
Writeback:             0 kB
AnonPages:        504624 kB
Mapped:           160768 kB
Shmem:             20596 kB
Slab:              46804 kB
SReclaimable:      30668 kB
SUnreclaim:        16136 kB
KernelStack:        2968 kB
PageTables:         8192 kB
NFS_Unstable:          0 kB
Bounce:                0 kB
WritebackTmp:          0 kB
CommitLimit:     5204176 kB
Committed_AS:    2479460 kB
VmallocTotal:     122880 kB
VmallocUsed:       49960 kB
VmallocChunk:      63876 kB
HardwareCorrupted:     0 kB
AnonHugePages:         0 kB
HugePages_Total:       0
HugePages_Free:        0
HugePages_Rsvd:        0
HugePages_Surp:        0
Hugepagesize:       2048 kB
DirectMap4k:       53240 kB
DirectMap2M:      860160 kB


CPU:total 2 (2 cores per cpu, 1 threads per core) family 6 model 23 stepping 6, cmov, cx8, fxsr, mmx, sse, sse2, sse3, ssse3, sse4.1

Memory: 4k page, physical 4116908k(2703288k free), swap 3145724k(3145724k free)

vm_info: OpenJDK Server VM (20.0-b12) for linux-x86 JRE (1.6.0_27-b27), built on Apr 25 2013 14:59:06 by "buildd" with gcc 4.6.3

time: Sat Jun 29 16:23:44 2013
elapsed time: 0 seconds

