#
# A fatal error has been detected by the Java Runtime Environment:
#
#  SIGSEGV (0xb) at pc=0x6c209a3d, pid=4011, tid=3061300032
#
# JRE version: 6.0_27-b27
# Java VM: OpenJDK Server VM (20.0-b12 mixed mode linux-x86 )
# Derivative: IcedTea6 1.12.5
# Distribution: Ubuntu 12.04 LTS, package 6b27-1.12.5-0ubuntu0.12.04.1
# Problematic frame:
# C  [libarcanaJNI.so+0x5a3d]  JNI_ktb_prng_fill_buffer+0x21
#
# If you would like to submit a bug report, please include
# instructions how to reproduce the bug and visit:
#   https://bugs.launchpad.net/ubuntu/+source/openjdk-6/
# The crash happened outside the Java Virtual Machine in native code.
# See problematic frame for where to report the bug.
#

---------------  T H R E A D  ---------------

Current thread (0xb6605400):  JavaThread "main" [_thread_in_native, id=4012, stack(0xb672b000,0xb677c000)]

siginfo:si_signo=SIGSEGV: si_errno=0, si_code=1 (SEGV_MAPERR), si_addr=0x00000000

Registers:
EAX=0x00000000, EBX=0x6c8c3c80, ECX=0xb6605520, EDX=0xb712634c
ESP=0xb677af50, EBP=0xb677afc8, ESI=0x6c8c3c80, EDI=0xb6605400
EIP=0x6c209a3d, EFLAGS=0x00010286, CR2=0x00000000

Top of Stack: (sp=0xb677af50)
0xb677af50:   b6605a68 b35b64d4 b35a6688 b6e543f5
0xb677af60:   b710eff4 b6605400 b6605a68 6c8c3c80
0xb677af70:   00000032 00000000 00000000 00000000
0xb677af80:   b66091a8 b6605400 b6605400 b6605400
0xb677af90:   b710eff4 b6605400 b6605400 6c8c5df8
0xb677afa0:   b75348a0 b6605400 b677aff8 6c20e95b
0xb677afb0:   6c8c3c80 6c8c3c80 b6605400 b677b01c
0xb677afc0:   b35ae548 b6605400 b677b01c b35ae64a 

Instructions: (pc=0x6c209a3d)
0x6c209a1d:   89 e5 83 ec 78 8b 45 10 89 45 b0 8b 45 14 89 45
0x6c209a2d:   b4 8b 45 1c 89 45 a8 8b 45 20 89 45 ac 8b 45 b0
0x6c209a3d:   8b 00 89 45 d0 8b 45 b0 8b 55 08 89 50 04 8b 45
0x6c209a4d:   08 8b 00 8b 90 ac 02 00 00 8b 45 18 89 44 24 04 

Register to memory mapping:

EAX=0x00000000 is an unknown value
EBX=0x6c8c3c80 is an oop
{method} 
 - klass: {other class}
ECX=0xb6605520 is an unknown value
EDX=0xb712634c: <offset 0x87b34c> in /usr/lib/jvm/java-6-openjdk-i386/jre/lib/i386/server/libjvm.so at 0xb68ab000
ESP=0xb677af50 is pointing into the stack for thread: 0xb6605400
EBP=0xb677afc8 is pointing into the stack for thread: 0xb6605400
ESI=0x6c8c3c80 is an oop
{method} 
 - klass: {other class}
EDI=0xb6605400 is a thread


Stack: [0xb672b000,0xb677c000],  sp=0xb677af50,  free space=319k
Native frames: (J=compiled Java code, j=interpreted, Vv=VM code, C=native code)
C  [libarcanaJNI.so+0x5a3d]  JNI_ktb_prng_fill_buffer+0x21
j  ArcanaJNI.ktb_prng_fill_buffer(J[BJ)LArcanaJNI$ktb_errno;+0
j  prng.main([Ljava/lang/String;)V+28
v  ~StubRoutines::call_stub
V  [libjvm.so+0x39b0b6]  JavaCalls::call_helper(JavaValue*, methodHandle*, JavaCallArguments*, Thread*)+0x2c6

Java frames: (J=compiled Java code, j=interpreted, Vv=VM code)
j  ArcanaJNI.ktb_prng_fill_buffer(J[BJ)LArcanaJNI$ktb_errno;+0
j  prng.main([Ljava/lang/String;)V+28
v  ~StubRoutines::call_stub

---------------  P R O C E S S  ---------------

Java Threads: ( => current thread )
  0xb66a4000 JavaThread "Low Memory Detector" daemon [_thread_blocked, id=4021, stack(0x6b927000,0x6b978000)]
  0xb66a2400 JavaThread "C2 CompilerThread1" daemon [_thread_blocked, id=4020, stack(0x6b978000,0x6b9f9000)]
  0xb66a0400 JavaThread "C2 CompilerThread0" daemon [_thread_blocked, id=4019, stack(0x6b9f9000,0x6ba7a000)]
  0xb669ec00 JavaThread "Signal Dispatcher" daemon [_thread_blocked, id=4018, stack(0x6ba7a000,0x6bacb000)]
  0xb668f400 JavaThread "Finalizer" daemon [_thread_blocked, id=4017, stack(0x6bccb000,0x6bd1c000)]
  0xb668dc00 JavaThread "Reference Handler" daemon [_thread_blocked, id=4016, stack(0x6bd1c000,0x6bd6d000)]
=>0xb6605400 JavaThread "main" [_thread_in_native, id=4012, stack(0xb672b000,0xb677c000)]

Other Threads:
  0xb668ac00 VMThread [stack: 0x6c04c000,0x6c0cd000] [id=4015]
  0xb66a5c00 WatcherThread [stack: 0x6b8a6000,0x6b927000] [id=4022]

VM state:not at safepoint (normal execution)

VM Mutex/Monitor currently owned by a thread: None

Heap
 PSYoungGen      total 18816K, used 323K [0x9e590000, 0x9fa80000, 0xb34e0000)
  eden space 16192K, 2% used [0x9e590000,0x9e5e0f70,0x9f560000)
  from space 2624K, 0% used [0x9f7f0000,0x9f7f0000,0x9fa80000)
  to   space 2624K, 0% used [0x9f560000,0x9f560000,0x9f7f0000)
 PSOldGen        total 42944K, used 0K [0x746e0000, 0x770d0000, 0x9e590000)
  object space 42944K, 0% used [0x746e0000,0x746e0000,0x770d0000)
 PSPermGen       total 16384K, used 1962K [0x6c6e0000, 0x6d6e0000, 0x746e0000)
  object space 16384K, 11% used [0x6c6e0000,0x6c8ca8c0,0x6d6e0000)

Code Cache  [0xb35a4000, 0xb37e4000, 0xb65a4000)
 total_blobs=101 nmethods=0 adapters=69 free_code_cache=50034880 largest_free_block=0

Dynamic libraries:
08048000-08051000 r-xp 00000000 08:05 6034637    /usr/lib/jvm/java-6-openjdk-i386/jre/bin/java
08051000-08052000 r--p 00008000 08:05 6034637    /usr/lib/jvm/java-6-openjdk-i386/jre/bin/java
08052000-08053000 rw-p 00009000 08:05 6034637    /usr/lib/jvm/java-6-openjdk-i386/jre/bin/java
090b4000-090d5000 rw-p 00000000 00:00 0          [heap]
6b810000-6b887000 r-xp 00000000 08:05 3150504    /usr/lib/i386-linux-gnu/libgmp.so.10.0.2
6b887000-6b888000 r--p 00076000 08:05 3150504    /usr/lib/i386-linux-gnu/libgmp.so.10.0.2
6b888000-6b88f000 rw-p 00077000 08:05 3150504    /usr/lib/i386-linux-gnu/libgmp.so.10.0.2
6b8a6000-6b8a7000 ---p 00000000 00:00 0 
6b8a7000-6b927000 rw-p 00000000 00:00 0 
6b927000-6b92a000 ---p 00000000 00:00 0 
6b92a000-6b978000 rw-p 00000000 00:00 0 
6b978000-6b97b000 ---p 00000000 00:00 0 
6b97b000-6b9f9000 rw-p 00000000 00:00 0 
6b9f9000-6b9fc000 ---p 00000000 00:00 0 
6b9fc000-6ba7a000 rw-p 00000000 00:00 0 
6ba7a000-6ba7d000 ---p 00000000 00:00 0 
6ba7d000-6bacb000 rw-p 00000000 00:00 0 
6bacb000-6bccb000 r--p 00000000 08:05 3152888    /usr/lib/locale/locale-archive
6bccb000-6bcce000 ---p 00000000 00:00 0 
6bcce000-6bd1c000 rw-p 00000000 00:00 0 
6bd1c000-6bd1f000 ---p 00000000 00:00 0 
6bd1f000-6bd6d000 rw-p 00000000 00:00 0 
6bd6d000-6bf00000 r--s 037db000 08:05 6167155    /usr/lib/jvm/java-6-openjdk-i386/jre/lib/rt.jar
6bf00000-6bf21000 rw-p 00000000 00:00 0 
6bf21000-6c000000 ---p 00000000 00:00 0 
6c00f000-6c049000 r-xp 00000000 08:05 12985967   /home/baptiste/git/ParserJNI/JNA/Java/libktb.so
6c049000-6c04b000 rw-p 00039000 08:05 12985967   /home/baptiste/git/ParserJNI/JNA/Java/libktb.so
6c04b000-6c04c000 rw-p 00000000 00:00 0 
6c04c000-6c04d000 ---p 00000000 00:00 0 
6c04d000-6c100000 rw-p 00000000 00:00 0 
6c100000-6c121000 rw-p 00000000 00:00 0 
6c121000-6c200000 ---p 00000000 00:00 0 
6c204000-6c211000 r-xp 00000000 08:05 12976347   /home/baptiste/git/ParserJNI/JNA/Java/libarcanaJNI.so
6c211000-6c212000 r--p 0000c000 08:05 12976347   /home/baptiste/git/ParserJNI/JNA/Java/libarcanaJNI.so
6c212000-6c213000 rw-p 0000d000 08:05 12976347   /home/baptiste/git/ParserJNI/JNA/Java/libarcanaJNI.so
6c213000-6c216000 r--s 00077000 08:05 3411556    /usr/lib/jvm/java-6-openjdk-common/jre/lib/ext/localedata.jar
6c216000-6c217000 ---p 00000000 00:00 0 
6c217000-6c297000 rw-p 00000000 00:00 0 
6c297000-6c298000 ---p 00000000 00:00 0 
6c298000-6c320000 rw-p 00000000 00:00 0 
6c320000-6c358000 rw-p 00000000 00:00 0 
6c358000-6c36d000 rw-p 00000000 00:00 0 
6c36d000-6c4a8000 rw-p 00000000 00:00 0 
6c4a8000-6c4b0000 rw-p 00000000 00:00 0 
6c4b0000-6c4e8000 rw-p 00000000 00:00 0 
6c4e8000-6c4fd000 rw-p 00000000 00:00 0 
6c4fd000-6c637000 rw-p 00000000 00:00 0 
6c637000-6c642000 rw-p 00000000 00:00 0 
6c642000-6c6df000 rw-p 00000000 00:00 0 
6c6df000-6d6e0000 rw-p 00000000 00:00 0 
6d6e0000-746e0000 rw-p 00000000 00:00 0 
746e0000-770d0000 rw-p 00000000 00:00 0 
770d0000-9e590000 rw-p 00000000 00:00 0 
9e590000-9fa80000 rw-p 00000000 00:00 0 
9fa80000-b34e0000 rw-p 00000000 00:00 0 
b34e1000-b34e4000 r--s 00031000 08:05 3416587    /usr/lib/jvm/java-6-openjdk-common/jre/lib/ext/sunjce_provider.jar
b34e4000-b34ed000 rw-p 00000000 00:00 0 
b34ed000-b35a4000 rw-p 00000000 00:00 0 
b35a4000-b37e4000 rwxp 00000000 00:00 0 
b37e4000-b65a4000 rw-p 00000000 00:00 0 
b65a4000-b65af000 r-xp 00000000 08:05 10756485   /lib/i386-linux-gnu/libnss_files-2.15.so
b65af000-b65b0000 r--p 0000a000 08:05 10756485   /lib/i386-linux-gnu/libnss_files-2.15.so
b65b0000-b65b1000 rw-p 0000b000 08:05 10756485   /lib/i386-linux-gnu/libnss_files-2.15.so
b65b1000-b65bb000 r-xp 00000000 08:05 10756489   /lib/i386-linux-gnu/libnss_nis-2.15.so
b65bb000-b65bc000 r--p 00009000 08:05 10756489   /lib/i386-linux-gnu/libnss_nis-2.15.so
b65bc000-b65bd000 rw-p 0000a000 08:05 10756489   /lib/i386-linux-gnu/libnss_nis-2.15.so
b65bd000-b65d3000 r-xp 00000000 08:05 10756501   /lib/i386-linux-gnu/libnsl-2.15.so
b65d3000-b65d4000 r--p 00015000 08:05 10756501   /lib/i386-linux-gnu/libnsl-2.15.so
b65d4000-b65d5000 rw-p 00016000 08:05 10756501   /lib/i386-linux-gnu/libnsl-2.15.so
b65d5000-b65d7000 rw-p 00000000 00:00 0 
b65d7000-b65fd000 r-xp 00000000 08:05 6163394    /usr/lib/jvm/java-6-openjdk-i386/jre/lib/i386/libjava.so
b65fd000-b65fe000 r--p 00025000 08:05 6163394    /usr/lib/jvm/java-6-openjdk-i386/jre/lib/i386/libjava.so
b65fe000-b6600000 rw-p 00026000 08:05 6163394    /usr/lib/jvm/java-6-openjdk-i386/jre/lib/i386/libjava.so
b6600000-b66dd000 rw-p 00000000 00:00 0 
b66dd000-b6700000 ---p 00000000 00:00 0 
b6702000-b6709000 r-xp 00000000 08:05 10756483   /lib/i386-linux-gnu/libnss_compat-2.15.so
b6709000-b670a000 r--p 00006000 08:05 10756483   /lib/i386-linux-gnu/libnss_compat-2.15.so
b670a000-b670b000 rw-p 00007000 08:05 10756483   /lib/i386-linux-gnu/libnss_compat-2.15.so
b670d000-b6711000 r--s 00039000 08:05 3410657    /usr/lib/jvm/java-6-openjdk-common/jre/lib/ext/sunpkcs11.jar
b6711000-b6718000 r-xp 00000000 08:05 6163400    /usr/lib/jvm/java-6-openjdk-i386/jre/lib/i386/libzip.so
b6718000-b6719000 r--p 00006000 08:05 6163400    /usr/lib/jvm/java-6-openjdk-i386/jre/lib/i386/libzip.so
b6719000-b671a000 rw-p 00007000 08:05 6163400    /usr/lib/jvm/java-6-openjdk-i386/jre/lib/i386/libzip.so
b671a000-b6722000 rw-s 00000000 08:05 4594911    /tmp/hsperfdata_baptiste/4011
b6722000-b6729000 r-xp 00000000 08:05 10756488   /lib/i386-linux-gnu/librt-2.15.so
b6729000-b672a000 r--p 00006000 08:05 10756488   /lib/i386-linux-gnu/librt-2.15.so
b672a000-b672b000 rw-p 00007000 08:05 10756488   /lib/i386-linux-gnu/librt-2.15.so
b672b000-b672e000 ---p 00000000 00:00 0 
b672e000-b677c000 rw-p 00000000 00:00 0 
b677c000-b6798000 r-xp 00000000 08:05 10748852   /lib/i386-linux-gnu/libgcc_s.so.1
b6798000-b6799000 r--p 0001b000 08:05 10748852   /lib/i386-linux-gnu/libgcc_s.so.1
b6799000-b679a000 rw-p 0001c000 08:05 10748852   /lib/i386-linux-gnu/libgcc_s.so.1
b679a000-b67c4000 r-xp 00000000 08:05 10756492   /lib/i386-linux-gnu/libm-2.15.so
b67c4000-b67c5000 r--p 00029000 08:05 10756492   /lib/i386-linux-gnu/libm-2.15.so
b67c5000-b67c6000 rw-p 0002a000 08:05 10756492   /lib/i386-linux-gnu/libm-2.15.so
b67c6000-b689e000 r-xp 00000000 08:05 3150797    /usr/lib/i386-linux-gnu/libstdc++.so.6.0.16
b689e000-b689f000 ---p 000d8000 08:05 3150797    /usr/lib/i386-linux-gnu/libstdc++.so.6.0.16
b689f000-b68a3000 r--p 000d8000 08:05 3150797    /usr/lib/i386-linux-gnu/libstdc++.so.6.0.16
b68a3000-b68a4000 rw-p 000dc000 08:05 3150797    /usr/lib/i386-linux-gnu/libstdc++.so.6.0.16
b68a4000-b68ab000 rw-p 00000000 00:00 0 
b68ab000-b70ca000 r-xp 00000000 08:05 6164685    /usr/lib/jvm/java-6-openjdk-i386/jre/lib/i386/server/libjvm.so
b70ca000-b710f000 r--p 0081f000 08:05 6164685    /usr/lib/jvm/java-6-openjdk-i386/jre/lib/i386/server/libjvm.so
b710f000-b711e000 rw-p 00864000 08:05 6164685    /usr/lib/jvm/java-6-openjdk-i386/jre/lib/i386/server/libjvm.so
b711e000-b753a000 rw-p 00000000 00:00 0 
b753a000-b754e000 r-xp 00000000 08:05 10748942   /lib/i386-linux-gnu/libz.so.1.2.3.4
b754e000-b754f000 r--p 00013000 08:05 10748942   /lib/i386-linux-gnu/libz.so.1.2.3.4
b754f000-b7550000 rw-p 00014000 08:05 10748942   /lib/i386-linux-gnu/libz.so.1.2.3.4
b7550000-b76f3000 r-xp 00000000 08:05 10756481   /lib/i386-linux-gnu/libc-2.15.so
b76f3000-b76f5000 r--p 001a3000 08:05 10756481   /lib/i386-linux-gnu/libc-2.15.so
b76f5000-b76f6000 rw-p 001a5000 08:05 10756481   /lib/i386-linux-gnu/libc-2.15.so
b76f6000-b76f9000 rw-p 00000000 00:00 0 
b76f9000-b76fc000 r-xp 00000000 08:05 10756496   /lib/i386-linux-gnu/libdl-2.15.so
b76fc000-b76fd000 r--p 00002000 08:05 10756496   /lib/i386-linux-gnu/libdl-2.15.so
b76fd000-b76fe000 rw-p 00003000 08:05 10756496   /lib/i386-linux-gnu/libdl-2.15.so
b76fe000-b7702000 r-xp 00000000 08:05 6163403    /usr/lib/jvm/java-6-openjdk-i386/jre/lib/i386/jli/libjli.so
b7702000-b7703000 r--p 00003000 08:05 6163403    /usr/lib/jvm/java-6-openjdk-i386/jre/lib/i386/jli/libjli.so
b7703000-b7704000 rw-p 00004000 08:05 6163403    /usr/lib/jvm/java-6-openjdk-i386/jre/lib/i386/jli/libjli.so
b7704000-b7705000 rw-p 00000000 00:00 0 
b7705000-b771c000 r-xp 00000000 08:05 10756490   /lib/i386-linux-gnu/libpthread-2.15.so
b771c000-b771d000 r--p 00016000 08:05 10756490   /lib/i386-linux-gnu/libpthread-2.15.so
b771d000-b771e000 rw-p 00017000 08:05 10756490   /lib/i386-linux-gnu/libpthread-2.15.so
b771e000-b7720000 rw-p 00000000 00:00 0 
b7721000-b7723000 r--s 0000f000 08:05 3416589    /usr/lib/jvm/java-6-openjdk-common/jre/lib/ext/pulse-java.jar
b7723000-b7724000 r--s 00007000 08:05 3415217    /usr/share/java/java-atk-wrapper.jar
b7724000-b7726000 r--s 00001000 08:05 3416588    /usr/lib/jvm/java-6-openjdk-common/jre/lib/ext/dnsns.jar
b7726000-b7727000 r--p 00858000 08:05 3152888    /usr/lib/locale/locale-archive
b7727000-b7728000 rw-p 00000000 00:00 0 
b7728000-b7729000 r--p 00000000 00:00 0 
b7729000-b7734000 r-xp 00000000 08:05 6167144    /usr/lib/jvm/java-6-openjdk-i386/jre/lib/i386/libverify.so
b7734000-b7735000 ---p 0000b000 08:05 6167144    /usr/lib/jvm/java-6-openjdk-i386/jre/lib/i386/libverify.so
b7735000-b7736000 r--p 0000b000 08:05 6167144    /usr/lib/jvm/java-6-openjdk-i386/jre/lib/i386/libverify.so
b7736000-b7737000 rw-p 0000c000 08:05 6167144    /usr/lib/jvm/java-6-openjdk-i386/jre/lib/i386/libverify.so
b7737000-b7739000 rw-p 00000000 00:00 0 
b7739000-b773a000 r-xp 00000000 00:00 0          [vdso]
b773a000-b775a000 r-xp 00000000 08:05 10756493   /lib/i386-linux-gnu/ld-2.15.so
b775a000-b775b000 r--p 0001f000 08:05 10756493   /lib/i386-linux-gnu/ld-2.15.so
b775b000-b775c000 rw-p 00020000 08:05 10756493   /lib/i386-linux-gnu/ld-2.15.so
bfd8f000-bfdb0000 rw-p 00000000 00:00 0          [stack]

VM Arguments:
jvm_args: -Djava.library.path=. 
java_command: prng
Launcher Type: SUN_STANDARD

Environment Variables:
PATH=/home/baptiste/local/bin:/usr/lib/lightdm/lightdm:/usr/local/sbin:/usr/local/bin:/usr/sbin:/usr/bin:/sbin:/bin:/usr/games
LD_LIBRARY_PATH=/usr/lib/jvm/java-6-openjdk-i386/jre/lib/i386/server:/usr/lib/jvm/java-6-openjdk-i386/jre/lib/i386:/usr/lib/jvm/java-6-openjdk-i386/jre/../lib/i386:.
SHELL=/bin/bash
DISPLAY=:0.0

Signal Handlers:
SIGSEGV: [libjvm.so+0x66b2b0], sa_mask[0]=0x7ffbfeff, sa_flags=0x10000004
SIGBUS: [libjvm.so+0x66b2b0], sa_mask[0]=0x7ffbfeff, sa_flags=0x10000004
SIGFPE: [libjvm.so+0x52e950], sa_mask[0]=0x7ffbfeff, sa_flags=0x10000004
SIGPIPE: [libjvm.so+0x52e950], sa_mask[0]=0x7ffbfeff, sa_flags=0x10000004
SIGXFSZ: [libjvm.so+0x52e950], sa_mask[0]=0x7ffbfeff, sa_flags=0x10000004
SIGILL: [libjvm.so+0x52e950], sa_mask[0]=0x7ffbfeff, sa_flags=0x10000004
SIGUSR1: SIG_DFL, sa_mask[0]=0x00000000, sa_flags=0x00000000
SIGUSR2: [libjvm.so+0x52e7e0], sa_mask[0]=0x00000000, sa_flags=0x10000004
SIGHUP: [libjvm.so+0x531770], sa_mask[0]=0x7ffbfeff, sa_flags=0x10000004
SIGINT: [libjvm.so+0x531770], sa_mask[0]=0x7ffbfeff, sa_flags=0x10000004
SIGTERM: [libjvm.so+0x531770], sa_mask[0]=0x7ffbfeff, sa_flags=0x10000004
SIGQUIT: [libjvm.so+0x531770], sa_mask[0]=0x7ffbfeff, sa_flags=0x10000004


---------------  S Y S T E M  ---------------

OS:Ubuntu 12.04 (precise)
uname:Linux 3.2.0-48-generic-pae #74-Ubuntu SMP Thu Jun 6 20:05:01 UTC 2013 i686
libc:glibc 2.15 NPTL 2.15 
rlimit: STACK 8192k, CORE 0k, NPROC 32049, NOFILE 4096, AS infinity
load average:1.70 1.78 1.55

/proc/meminfo:
MemTotal:        4116908 kB
MemFree:         2018984 kB
Buffers:          319032 kB
Cached:           877480 kB
SwapCached:            0 kB
Active:          1150924 kB
Inactive:         756892 kB
Active(anon):     712268 kB
Inactive(anon):     9048 kB
Active(file):     438656 kB
Inactive(file):   747844 kB
Unevictable:          20 kB
Mlocked:              20 kB
HighTotal:       3276048 kB
HighFree:        1661568 kB
LowTotal:         840860 kB
LowFree:          357416 kB
SwapTotal:       3145724 kB
SwapFree:        3145724 kB
Dirty:               192 kB
Writeback:             0 kB
AnonPages:        711364 kB
Mapped:           195272 kB
Shmem:             10016 kB
Slab:             124192 kB
SReclaimable:     106764 kB
SUnreclaim:        17428 kB
KernelStack:        3464 kB
PageTables:        10796 kB
NFS_Unstable:          0 kB
Bounce:                0 kB
WritebackTmp:          0 kB
CommitLimit:     5204176 kB
Committed_AS:    3230140 kB
VmallocTotal:     122880 kB
VmallocUsed:       50116 kB
VmallocChunk:      63364 kB
HardwareCorrupted:     0 kB
AnonHugePages:         0 kB
HugePages_Total:       0
HugePages_Free:        0
HugePages_Rsvd:        0
HugePages_Surp:        0
Hugepagesize:       2048 kB
DirectMap4k:       61432 kB
DirectMap2M:      851968 kB


CPU:total 2 (2 cores per cpu, 1 threads per core) family 6 model 23 stepping 6, cmov, cx8, fxsr, mmx, sse, sse2, sse3, ssse3, sse4.1

Memory: 4k page, physical 4116908k(2018984k free), swap 3145724k(3145724k free)

vm_info: OpenJDK Server VM (20.0-b12) for linux-x86 JRE (1.6.0_27-b27), built on Apr 25 2013 14:59:06 by "buildd" with gcc 4.6.3

time: Sun Jun 30 11:56:26 2013
elapsed time: 0 seconds

