#
# A fatal error has been detected by the Java Runtime Environment:
#
#  SIGSEGV (0xb) at pc=0xb6cd549e, pid=12596, tid=3061799744
#
# JRE version: 6.0_27-b27
# Java VM: OpenJDK Server VM (20.0-b12 mixed mode linux-x86 )
# Derivative: IcedTea6 1.12.5
# Distribution: Ubuntu 12.04 LTS, package 6b27-1.12.5-0ubuntu0.12.04.1
# Problematic frame:
# V  [libjvm.so+0x3b049e]  jni_CallStaticObjectMethod+0x7e
#
# If you would like to submit a bug report, please include
# instructions how to reproduce the bug and visit:
#   https://bugs.launchpad.net/ubuntu/+source/openjdk-6/
#

---------------  T H R E A D  ---------------

Current thread (0xb6605400):  JavaThread "main" [_thread_in_vm, id=12597, stack(0xb67a5000,0xb67f6000)]

siginfo:si_signo=SIGSEGV: si_errno=0, si_code=1 (SEGV_MAPERR), si_addr=0x00000000

Registers:
EAX=0xb6605400, EBX=0xb7188ff4, ECX=0xb77a1000, EDX=0xb6605400
ESP=0xb67f4f50, EBP=0x00000000, ESI=0xb6605400, EDI=0xb67f4fa8
EIP=0xb6cd549e, EFLAGS=0x00210286, CR2=0x00000000

Top of Stack: (sp=0xb67f4f50)
0xb67f4f50:   b67f4f8c b6605400 b67160dd 01000000
0xb67f4f60:   b6605400 b67f5018 1052e6fe b6cdef3a
0xb67f4f70:   00000000 b67f5018 00000000 b6cbc6c8
0xb67f4f80:   b7188ff4 b7188ff4 b67f4fb8 b6605400
0xb67f4f90:   b6605a68 00000504 b6fd076c 6b880ed0
0xb67f4fa0:   6b880edf 6c20a976 b6605400 b6605400
0xb67f4fb0:   6c219bf0 6c219c20 b6605400 6c925cb0
0xb67f4fc0:   6c925cb0 b6605400 b67f5018 b6715ed4 

Instructions: (pc=0xb6cd549e)
0xb6cd547e:   89 74 24 5c 89 74 24 3c c7 44 24 40 00 00 00 00
0xb6cd548e:   85 c0 74 0c 8d 44 24 3c 89 04 24 e8 52 29 1c 00
0xb6cd549e:   8b 45 00 c7 44 24 4c 0c 00 00 00 8d 94 24 8c 00
0xb6cd54ae:   00 00 8b 48 08 8b 40 0c 66 8b 49 2a 81 e1 ff ff 

Register to memory mapping:

EAX=0xb6605400 is a thread
EBX=0xb7188ff4: <offset 0x863ff4> in /usr/lib/jvm/java-6-openjdk-i386/jre/lib/i386/server/libjvm.so at 0xb6925000
ECX=0xb77a1000 is an unknown value
EDX=0xb6605400 is a thread
ESP=0xb67f4f50 is pointing into the stack for thread: 0xb6605400
EBP=0x00000000 is an unknown value
ESI=0xb6605400 is a thread
EDI=0xb67f4fa8 is pointing into the stack for thread: 0xb6605400


Stack: [0xb67a5000,0xb67f6000],  sp=0xb67f4f50,  free space=319k
Native frames: (J=compiled Java code, j=interpreted, Vv=VM code, C=native code)
V  [libjvm.so+0x3b049e]  jni_CallStaticObjectMethod+0x7e

[error occurred during error reporting (printing native stack), id 0xb]

Java frames: (J=compiled Java code, j=interpreted, Vv=VM code)
j  ArcanaJNI.ktb_init()LArcanaJNI$ktb_errno;+0
j  test.main([Ljava/lang/String;)V+12
v  ~StubRoutines::call_stub

---------------  P R O C E S S  ---------------

Java Threads: ( => current thread )
  0xb66a4000 JavaThread "Low Memory Detector" daemon [_thread_blocked, id=12606, stack(0x6b978000,0x6b9c9000)]
  0xb66a2400 JavaThread "C2 CompilerThread1" daemon [_thread_blocked, id=12605, stack(0x6b9c9000,0x6ba4a000)]
  0xb66a0400 JavaThread "C2 CompilerThread0" daemon [_thread_blocked, id=12604, stack(0x6ba4a000,0x6bacb000)]
  0xb669ec00 JavaThread "Signal Dispatcher" daemon [_thread_blocked, id=12603, stack(0x6bacb000,0x6bb1c000)]
  0xb668f400 JavaThread "Finalizer" daemon [_thread_blocked, id=12602, stack(0x6bd1c000,0x6bd6d000)]
  0xb668dc00 JavaThread "Reference Handler" daemon [_thread_blocked, id=12601, stack(0x6c02e000,0x6c07f000)]
=>0xb6605400 JavaThread "main" [_thread_in_vm, id=12597, stack(0xb67a5000,0xb67f6000)]

Other Threads:
  0xb668ac00 VMThread [stack: 0x6c07f000,0x6c100000] [id=12600]
  0xb66a5c00 WatcherThread [stack: 0x6b8f7000,0x6b978000] [id=12607]

VM state:not at safepoint (normal execution)

VM Mutex/Monitor currently owned by a thread: None

Heap
 PSYoungGen      total 18816K, used 323K [0x9e5f0000, 0x9fae0000, 0xb3540000)
  eden space 16192K, 2% used [0x9e5f0000,0x9e640f70,0x9f5c0000)
  from space 2624K, 0% used [0x9f850000,0x9f850000,0x9fae0000)
  to   space 2624K, 0% used [0x9f5c0000,0x9f5c0000,0x9f850000)
 PSOldGen        total 42944K, used 0K [0x74740000, 0x77130000, 0x9e5f0000)
  object space 42944K, 0% used [0x74740000,0x74740000,0x77130000)
 PSPermGen       total 16384K, used 1961K [0x6c740000, 0x6d740000, 0x74740000)
  object space 16384K, 11% used [0x6c740000,0x6c92a738,0x6d740000)

Code Cache  [0xb3600000, 0xb3840000, 0xb6600000)
 total_blobs=101 nmethods=0 adapters=69 free_code_cache=50034880 largest_free_block=0

Dynamic libraries:
08048000-08051000 r-xp 00000000 08:05 6034637    /usr/lib/jvm/java-6-openjdk-i386/jre/bin/java
08051000-08052000 r--p 00008000 08:05 6034637    /usr/lib/jvm/java-6-openjdk-i386/jre/bin/java
08052000-08053000 rw-p 00009000 08:05 6034637    /usr/lib/jvm/java-6-openjdk-i386/jre/bin/java
09f3b000-09f5c000 rw-p 00000000 00:00 0          [heap]
6b6bd000-6b878000 rw-p 00000000 00:00 0 
6b878000-6b8ef000 r-xp 00000000 08:05 3150504    /usr/lib/i386-linux-gnu/libgmp.so.10.0.2
6b8ef000-6b8f0000 r--p 00076000 08:05 3150504    /usr/lib/i386-linux-gnu/libgmp.so.10.0.2
6b8f0000-6b8f7000 rw-p 00077000 08:05 3150504    /usr/lib/i386-linux-gnu/libgmp.so.10.0.2
6b8f7000-6b8f8000 ---p 00000000 00:00 0 
6b8f8000-6b978000 rw-p 00000000 00:00 0 
6b978000-6b97b000 ---p 00000000 00:00 0 
6b97b000-6b9c9000 rw-p 00000000 00:00 0 
6b9c9000-6b9cc000 ---p 00000000 00:00 0 
6b9cc000-6ba4a000 rw-p 00000000 00:00 0 
6ba4a000-6ba4d000 ---p 00000000 00:00 0 
6ba4d000-6bacb000 rw-p 00000000 00:00 0 
6bacb000-6bace000 ---p 00000000 00:00 0 
6bace000-6bb1c000 rw-p 00000000 00:00 0 
6bb1c000-6bd1c000 r--p 00000000 08:05 3152888    /usr/lib/locale/locale-archive
6bd1c000-6bd1f000 ---p 00000000 00:00 0 
6bd1f000-6bd6d000 rw-p 00000000 00:00 0 
6bd6d000-6bf00000 r--s 037db000 08:05 6167155    /usr/lib/jvm/java-6-openjdk-i386/jre/lib/rt.jar
6bf00000-6bf21000 rw-p 00000000 00:00 0 
6bf21000-6c000000 ---p 00000000 00:00 0 
6c02e000-6c031000 ---p 00000000 00:00 0 
6c031000-6c07f000 rw-p 00000000 00:00 0 
6c07f000-6c080000 ---p 00000000 00:00 0 
6c080000-6c100000 rw-p 00000000 00:00 0 
6c100000-6c121000 rw-p 00000000 00:00 0 
6c121000-6c200000 ---p 00000000 00:00 0 
6c206000-6c240000 r-xp 00000000 08:05 12984509   /home/baptiste/git/ParserJNI/JNA/Java/libktb.so
6c240000-6c241000 r--p 0003a000 08:05 12984509   /home/baptiste/git/ParserJNI/JNA/Java/libktb.so
6c241000-6c242000 rw-p 0003b000 08:05 12984509   /home/baptiste/git/ParserJNI/JNA/Java/libktb.so
6c242000-6c276000 rw-p 00000000 00:00 0 
6c276000-6c277000 ---p 00000000 00:00 0 
6c277000-6c2f7000 rw-p 00000000 00:00 0 
6c2f7000-6c2f8000 ---p 00000000 00:00 0 
6c2f8000-6c380000 rw-p 00000000 00:00 0 
6c380000-6c3b8000 rw-p 00000000 00:00 0 
6c3b8000-6c3cd000 rw-p 00000000 00:00 0 
6c3cd000-6c508000 rw-p 00000000 00:00 0 
6c508000-6c510000 rw-p 00000000 00:00 0 
6c510000-6c548000 rw-p 00000000 00:00 0 
6c548000-6c55d000 rw-p 00000000 00:00 0 
6c55d000-6c697000 rw-p 00000000 00:00 0 
6c697000-6c6a2000 rw-p 00000000 00:00 0 
6c6a2000-6c73f000 rw-p 00000000 00:00 0 
6c73f000-6d740000 rw-p 00000000 00:00 0 
6d740000-74740000 rw-p 00000000 00:00 0 
74740000-77130000 rw-p 00000000 00:00 0 
77130000-9e5f0000 rw-p 00000000 00:00 0 
9e5f0000-9fae0000 rw-p 00000000 00:00 0 
9fae0000-b3540000 rw-p 00000000 00:00 0 
b3540000-b3549000 rw-p 00000000 00:00 0 
b3549000-b3600000 rw-p 00000000 00:00 0 
b3600000-b3840000 rwxp 00000000 00:00 0 
b3840000-b66dd000 rw-p 00000000 00:00 0 
b66dd000-b6700000 ---p 00000000 00:00 0 
b670d000-b6718000 r-xp 00000000 08:05 12976367   /home/baptiste/git/ParserJNI/JNA/Java/libarcanaJNI.so
b6718000-b6719000 r--p 0000a000 08:05 12976367   /home/baptiste/git/ParserJNI/JNA/Java/libarcanaJNI.so
b6719000-b671a000 rw-p 0000b000 08:05 12976367   /home/baptiste/git/ParserJNI/JNA/Java/libarcanaJNI.so
b671a000-b671d000 r--s 00077000 08:05 3411556    /usr/lib/jvm/java-6-openjdk-common/jre/lib/ext/localedata.jar
b671d000-b6720000 r--s 00031000 08:05 3416587    /usr/lib/jvm/java-6-openjdk-common/jre/lib/ext/sunjce_provider.jar
b6720000-b672b000 r-xp 00000000 08:05 10756485   /lib/i386-linux-gnu/libnss_files-2.15.so
b672b000-b672c000 r--p 0000a000 08:05 10756485   /lib/i386-linux-gnu/libnss_files-2.15.so
b672c000-b672d000 rw-p 0000b000 08:05 10756485   /lib/i386-linux-gnu/libnss_files-2.15.so
b672d000-b6737000 r-xp 00000000 08:05 10756489   /lib/i386-linux-gnu/libnss_nis-2.15.so
b6737000-b6738000 r--p 00009000 08:05 10756489   /lib/i386-linux-gnu/libnss_nis-2.15.so
b6738000-b6739000 rw-p 0000a000 08:05 10756489   /lib/i386-linux-gnu/libnss_nis-2.15.so
b6739000-b674f000 r-xp 00000000 08:05 10756501   /lib/i386-linux-gnu/libnsl-2.15.so
b674f000-b6750000 r--p 00015000 08:05 10756501   /lib/i386-linux-gnu/libnsl-2.15.so
b6750000-b6751000 rw-p 00016000 08:05 10756501   /lib/i386-linux-gnu/libnsl-2.15.so
b6751000-b6753000 rw-p 00000000 00:00 0 
b6753000-b675a000 r-xp 00000000 08:05 10756483   /lib/i386-linux-gnu/libnss_compat-2.15.so
b675a000-b675b000 r--p 00006000 08:05 10756483   /lib/i386-linux-gnu/libnss_compat-2.15.so
b675b000-b675c000 rw-p 00007000 08:05 10756483   /lib/i386-linux-gnu/libnss_compat-2.15.so
b675e000-b6762000 r--s 00039000 08:05 3410657    /usr/lib/jvm/java-6-openjdk-common/jre/lib/ext/sunpkcs11.jar
b6762000-b6769000 r-xp 00000000 08:05 6163400    /usr/lib/jvm/java-6-openjdk-i386/jre/lib/i386/libzip.so
b6769000-b676a000 r--p 00006000 08:05 6163400    /usr/lib/jvm/java-6-openjdk-i386/jre/lib/i386/libzip.so
b676a000-b676b000 rw-p 00007000 08:05 6163400    /usr/lib/jvm/java-6-openjdk-i386/jre/lib/i386/libzip.so
b676b000-b6773000 rw-s 00000000 08:05 4594912    /tmp/hsperfdata_baptiste/12596
b6773000-b6799000 r-xp 00000000 08:05 6163394    /usr/lib/jvm/java-6-openjdk-i386/jre/lib/i386/libjava.so
b6799000-b679a000 r--p 00025000 08:05 6163394    /usr/lib/jvm/java-6-openjdk-i386/jre/lib/i386/libjava.so
b679a000-b679c000 rw-p 00026000 08:05 6163394    /usr/lib/jvm/java-6-openjdk-i386/jre/lib/i386/libjava.so
b679c000-b67a3000 r-xp 00000000 08:05 10756488   /lib/i386-linux-gnu/librt-2.15.so
b67a3000-b67a4000 r--p 00006000 08:05 10756488   /lib/i386-linux-gnu/librt-2.15.so
b67a4000-b67a5000 rw-p 00007000 08:05 10756488   /lib/i386-linux-gnu/librt-2.15.so
b67a5000-b67a8000 ---p 00000000 00:00 0 
b67a8000-b67f6000 rw-p 00000000 00:00 0 
b67f6000-b6812000 r-xp 00000000 08:05 10748852   /lib/i386-linux-gnu/libgcc_s.so.1
b6812000-b6813000 r--p 0001b000 08:05 10748852   /lib/i386-linux-gnu/libgcc_s.so.1
b6813000-b6814000 rw-p 0001c000 08:05 10748852   /lib/i386-linux-gnu/libgcc_s.so.1
b6814000-b683e000 r-xp 00000000 08:05 10756492   /lib/i386-linux-gnu/libm-2.15.so
b683e000-b683f000 r--p 00029000 08:05 10756492   /lib/i386-linux-gnu/libm-2.15.so
b683f000-b6840000 rw-p 0002a000 08:05 10756492   /lib/i386-linux-gnu/libm-2.15.so
b6840000-b6918000 r-xp 00000000 08:05 3150797    /usr/lib/i386-linux-gnu/libstdc++.so.6.0.16
b6918000-b6919000 ---p 000d8000 08:05 3150797    /usr/lib/i386-linux-gnu/libstdc++.so.6.0.16
b6919000-b691d000 r--p 000d8000 08:05 3150797    /usr/lib/i386-linux-gnu/libstdc++.so.6.0.16
b691d000-b691e000 rw-p 000dc000 08:05 3150797    /usr/lib/i386-linux-gnu/libstdc++.so.6.0.16
b691e000-b6925000 rw-p 00000000 00:00 0 
b6925000-b7144000 r-xp 00000000 08:05 6164685    /usr/lib/jvm/java-6-openjdk-i386/jre/lib/i386/server/libjvm.so
b7144000-b7189000 r--p 0081f000 08:05 6164685    /usr/lib/jvm/java-6-openjdk-i386/jre/lib/i386/server/libjvm.so
b7189000-b7198000 rw-p 00864000 08:05 6164685    /usr/lib/jvm/java-6-openjdk-i386/jre/lib/i386/server/libjvm.so
b7198000-b75b4000 rw-p 00000000 00:00 0 
b75b4000-b75c8000 r-xp 00000000 08:05 10748942   /lib/i386-linux-gnu/libz.so.1.2.3.4
b75c8000-b75c9000 r--p 00013000 08:05 10748942   /lib/i386-linux-gnu/libz.so.1.2.3.4
b75c9000-b75ca000 rw-p 00014000 08:05 10748942   /lib/i386-linux-gnu/libz.so.1.2.3.4
b75ca000-b776d000 r-xp 00000000 08:05 10756481   /lib/i386-linux-gnu/libc-2.15.so
b776d000-b776f000 r--p 001a3000 08:05 10756481   /lib/i386-linux-gnu/libc-2.15.so
b776f000-b7770000 rw-p 001a5000 08:05 10756481   /lib/i386-linux-gnu/libc-2.15.so
b7770000-b7773000 rw-p 00000000 00:00 0 
b7773000-b7776000 r-xp 00000000 08:05 10756496   /lib/i386-linux-gnu/libdl-2.15.so
b7776000-b7777000 r--p 00002000 08:05 10756496   /lib/i386-linux-gnu/libdl-2.15.so
b7777000-b7778000 rw-p 00003000 08:05 10756496   /lib/i386-linux-gnu/libdl-2.15.so
b7778000-b777c000 r-xp 00000000 08:05 6163403    /usr/lib/jvm/java-6-openjdk-i386/jre/lib/i386/jli/libjli.so
b777c000-b777d000 r--p 00003000 08:05 6163403    /usr/lib/jvm/java-6-openjdk-i386/jre/lib/i386/jli/libjli.so
b777d000-b777e000 rw-p 00004000 08:05 6163403    /usr/lib/jvm/java-6-openjdk-i386/jre/lib/i386/jli/libjli.so
b777e000-b777f000 rw-p 00000000 00:00 0 
b777f000-b7796000 r-xp 00000000 08:05 10756490   /lib/i386-linux-gnu/libpthread-2.15.so
b7796000-b7797000 r--p 00016000 08:05 10756490   /lib/i386-linux-gnu/libpthread-2.15.so
b7797000-b7798000 rw-p 00017000 08:05 10756490   /lib/i386-linux-gnu/libpthread-2.15.so
b7798000-b779b000 rw-p 00000000 00:00 0 
b779b000-b779d000 r--s 0000f000 08:05 3416589    /usr/lib/jvm/java-6-openjdk-common/jre/lib/ext/pulse-java.jar
b779d000-b779e000 r--s 00007000 08:05 3415217    /usr/share/java/java-atk-wrapper.jar
b779e000-b77a0000 r--s 00001000 08:05 3416588    /usr/lib/jvm/java-6-openjdk-common/jre/lib/ext/dnsns.jar
b77a0000-b77a1000 r--p 00858000 08:05 3152888    /usr/lib/locale/locale-archive
b77a1000-b77a2000 rw-p 00000000 00:00 0 
b77a2000-b77a3000 r--p 00000000 00:00 0 
b77a3000-b77ae000 r-xp 00000000 08:05 6167144    /usr/lib/jvm/java-6-openjdk-i386/jre/lib/i386/libverify.so
b77ae000-b77af000 ---p 0000b000 08:05 6167144    /usr/lib/jvm/java-6-openjdk-i386/jre/lib/i386/libverify.so
b77af000-b77b0000 r--p 0000b000 08:05 6167144    /usr/lib/jvm/java-6-openjdk-i386/jre/lib/i386/libverify.so
b77b0000-b77b1000 rw-p 0000c000 08:05 6167144    /usr/lib/jvm/java-6-openjdk-i386/jre/lib/i386/libverify.so
b77b1000-b77b3000 rw-p 00000000 00:00 0 
b77b3000-b77b4000 r-xp 00000000 00:00 0          [vdso]
b77b4000-b77d4000 r-xp 00000000 08:05 10756493   /lib/i386-linux-gnu/ld-2.15.so
b77d4000-b77d5000 r--p 0001f000 08:05 10756493   /lib/i386-linux-gnu/ld-2.15.so
b77d5000-b77d6000 rw-p 00020000 08:05 10756493   /lib/i386-linux-gnu/ld-2.15.so
bf90f000-bf930000 rw-p 00000000 00:00 0          [stack]

VM Arguments:
jvm_args: -Djava.library.path=. 
java_command: test
Launcher Type: SUN_STANDARD

Environment Variables:
PATH=/home/baptiste/local/bin:/usr/lib/lightdm/lightdm:/usr/local/sbin:/usr/local/bin:/usr/sbin:/usr/bin:/sbin:/bin:/usr/games
LD_LIBRARY_PATH=/usr/lib/jvm/java-6-openjdk-i386/jre/lib/i386/server:/usr/lib/jvm/java-6-openjdk-i386/jre/lib/i386:/usr/lib/jvm/java-6-openjdk-i386/jre/../lib/i386:.
SHELL=/bin/bash
DISPLAY=:0.0

Signal Handlers:
SIGSEGV: [libjvm.so+0x66b2b0], sa_mask[0]=0x7ffbfeff, sa_flags=0x10000004
SIGBUS: [libjvm.so+0x66b2b0], sa_mask[0]=0x7ffbfeff, sa_flags=0x10000004
SIGFPE: [libjvm.so+0x52e950], sa_mask[0]=0x7ffbfeff, sa_flags=0x10000004
SIGPIPE: [libjvm.so+0x52e950], sa_mask[0]=0x7ffbfeff, sa_flags=0x10000004
SIGXFSZ: [libjvm.so+0x52e950], sa_mask[0]=0x7ffbfeff, sa_flags=0x10000004
SIGILL: [libjvm.so+0x52e950], sa_mask[0]=0x7ffbfeff, sa_flags=0x10000004
SIGUSR1: SIG_DFL, sa_mask[0]=0x00000000, sa_flags=0x00000000
SIGUSR2: [libjvm.so+0x52e7e0], sa_mask[0]=0x00000000, sa_flags=0x10000004
SIGHUP: [libjvm.so+0x531770], sa_mask[0]=0x7ffbfeff, sa_flags=0x10000004
SIGINT: [libjvm.so+0x531770], sa_mask[0]=0x7ffbfeff, sa_flags=0x10000004
SIGTERM: [libjvm.so+0x531770], sa_mask[0]=0x7ffbfeff, sa_flags=0x10000004
SIGQUIT: [libjvm.so+0x531770], sa_mask[0]=0x7ffbfeff, sa_flags=0x10000004


---------------  S Y S T E M  ---------------

OS:Ubuntu 12.04 (precise)
uname:Linux 3.2.0-48-generic-pae #74-Ubuntu SMP Thu Jun 6 20:05:01 UTC 2013 i686
libc:glibc 2.15 NPTL 2.15 
rlimit: STACK 8192k, CORE 0k, NPROC 32049, NOFILE 4096, AS infinity
load average:0.24 0.27 0.28

/proc/meminfo:
MemTotal:        4116908 kB
MemFree:         2145492 kB
Buffers:          134196 kB
Cached:           995876 kB
SwapCached:            0 kB
Active:          1078292 kB
Inactive:         786908 kB
Active(anon):     736212 kB
Inactive(anon):     2276 kB
Active(file):     342080 kB
Inactive(file):   784632 kB
Unevictable:          20 kB
Mlocked:              20 kB
HighTotal:       3276048 kB
HighFree:        1520332 kB
LowTotal:         840860 kB
LowFree:          625160 kB
SwapTotal:       3145724 kB
SwapFree:        3145724 kB
Dirty:                52 kB
Writeback:             0 kB
AnonPages:        735292 kB
Mapped:           149136 kB
Shmem:              3236 kB
Slab:              55724 kB
SReclaimable:      38868 kB
SUnreclaim:        16856 kB
KernelStack:        3080 kB
PageTables:        10336 kB
NFS_Unstable:          0 kB
Bounce:                0 kB
WritebackTmp:          0 kB
CommitLimit:     5204176 kB
Committed_AS:    2836480 kB
VmallocTotal:     122880 kB
VmallocUsed:       49976 kB
VmallocChunk:      64388 kB
HardwareCorrupted:     0 kB
AnonHugePages:         0 kB
HugePages_Total:       0
HugePages_Free:        0
HugePages_Rsvd:        0
HugePages_Surp:        0
Hugepagesize:       2048 kB
DirectMap4k:       51192 kB
DirectMap2M:      862208 kB


CPU:total 2 (2 cores per cpu, 1 threads per core) family 6 model 23 stepping 6, cmov, cx8, fxsr, mmx, sse, sse2, sse3, ssse3, sse4.1

Memory: 4k page, physical 4116908k(2145492k free), swap 3145724k(3145724k free)

vm_info: OpenJDK Server VM (20.0-b12) for linux-x86 JRE (1.6.0_27-b27), built on Apr 25 2013 14:59:06 by "buildd" with gcc 4.6.3

time: Sat Jun 29 01:58:39 2013
elapsed time: 0 seconds

