#
# A fatal error has been detected by the Java Runtime Environment:
#
#  SIGSEGV (0xb) at pc=0xb6cdceb1, pid=7119, tid=3061791552
#
# JRE version: 6.0_27-b27
# Java VM: OpenJDK Server VM (20.0-b12 mixed mode linux-x86 )
# Derivative: IcedTea6 1.12.5
# Distribution: Ubuntu 12.04 LTS, package 6b27-1.12.5-0ubuntu0.12.04.1
# Problematic frame:
# V  [libjvm.so+0x3b9eb1]  ThreadInVMfromNative::ThreadInVMfromNative(JavaThread*)+0x21
#
# If you would like to submit a bug report, please include
# instructions how to reproduce the bug and visit:
#   https://bugs.launchpad.net/ubuntu/+source/openjdk-6/
# The crash happened outside the Java Virtual Machine in native code.
# See problematic frame for where to report the bug.
#

---------------  T H R E A D  ---------------

Current thread (0xb6605400):  JavaThread "main" [_thread_in_native, id=7120, stack(0xb67a3000,0xb67f4000)]

siginfo:si_signo=SIGSEGV: si_errno=0, si_code=1 (SEGV_MAPERR), si_addr=0x0000015c

Registers:
EAX=0xb719e344, EBX=0xb7186ff4, ECX=0xb779f000, EDX=0xb6cd5cc0
ESP=0xb67f2f10, EBP=0xb66a71e0, ESI=0x00000000, EDI=0xb67f2f98
EIP=0xb6cdceb1, EFLAGS=0x00210292, CR2=0x0000015c

Top of Stack: (sp=0xb67f2f10)
0xb67f2f10:   b6605a78 b6605a74 6c745e38 b7786d10
0xb67f2f20:   6c240ff4 b7186ff4 00000000 b6cd5d1b
0xb67f2f30:   b67f2f98 00000000 b67f3008 b717b5c8
0xb67f2f40:   6c92ab60 b6605400 b6713c36 00cdcf3a
0xb67f2f50:   b668bfe8 6c92ab60 b6605400 b6cdcf3a
0xb67f2f60:   b7186ff4 b7186ff4 b67f2f98 b6cba6c8
0xb67f2f70:   b7186ff4 b7186ff4 b67f2fa8 b6ccee3d
0xb67f2f80:   b67f2fa8 00000000 b6605400 00000000 

Instructions: (pc=0xb6cdceb1)
0xb6cdce91:   53 83 ec 14 e8 00 00 00 00 5b 81 c3 5a a1 4a 00
0xb6cdcea1:   8b 44 24 20 8b 74 24 24 89 30 8b 83 8c d1 ff ff
0xb6cdceb1:   c7 86 5c 01 00 00 05 00 00 00 83 38 01 7e 10 8b
0xb6cdcec1:   83 24 e0 ff ff 80 38 00 74 35 f0 83 04 24 00 8b 

Register to memory mapping:

EAX=0xb719e344: <offset 0x87b344> in /usr/lib/jvm/java-6-openjdk-i386/jre/lib/i386/server/libjvm.so at 0xb6923000
EBX=0xb7186ff4: <offset 0x863ff4> in /usr/lib/jvm/java-6-openjdk-i386/jre/lib/i386/server/libjvm.so at 0xb6923000
ECX=0xb779f000 is an unknown value
EDX=0xb6cd5cc0: <offset 0x3b2cc0> in /usr/lib/jvm/java-6-openjdk-i386/jre/lib/i386/server/libjvm.so at 0xb6923000
ESP=0xb67f2f10 is pointing into the stack for thread: 0xb6605400
EBP=0xb66a71e0 is an unknown value
ESI=0x00000000 is an unknown value
EDI=0xb67f2f98 is pointing into the stack for thread: 0xb6605400


Stack: [0xb67a3000,0xb67f4000],  sp=0xb67f2f10,  free space=319k
Native frames: (J=compiled Java code, j=interpreted, Vv=VM code, C=native code)
V  [libjvm.so+0x3b9eb1]  ThreadInVMfromNative::ThreadInVMfromNative(JavaThread*)+0x21

Java frames: (J=compiled Java code, j=interpreted, Vv=VM code)
j  ArcanaJNI.ktb_sign_init(LArcanaJNI$AddressWrapper;LArcanaJNI$ktb_hash_algo_t;)LArcanaJNI$ktb_errno;+0
j  test.main([Ljava/lang/String;)V+26
v  ~StubRoutines::call_stub

---------------  P R O C E S S  ---------------

Java Threads: ( => current thread )
  0xb66a4000 JavaThread "Low Memory Detector" daemon [_thread_blocked, id=7129, stack(0x6b978000,0x6b9c9000)]
  0xb66a2400 JavaThread "C2 CompilerThread1" daemon [_thread_blocked, id=7128, stack(0x6b9c9000,0x6ba4a000)]
  0xb66a0400 JavaThread "C2 CompilerThread0" daemon [_thread_blocked, id=7127, stack(0x6ba4a000,0x6bacb000)]
  0xb669ec00 JavaThread "Signal Dispatcher" daemon [_thread_blocked, id=7126, stack(0x6bacb000,0x6bb1c000)]
  0xb668f400 JavaThread "Finalizer" daemon [_thread_blocked, id=7125, stack(0x6bd1c000,0x6bd6d000)]
  0xb668dc00 JavaThread "Reference Handler" daemon [_thread_blocked, id=7124, stack(0x6c02e000,0x6c07f000)]
=>0xb6605400 JavaThread "main" [_thread_in_native, id=7120, stack(0xb67a3000,0xb67f4000)]

Other Threads:
  0xb668ac00 VMThread [stack: 0x6c07f000,0x6c100000] [id=7123]
  0xb66a5c00 WatcherThread [stack: 0x6b8f7000,0x6b978000] [id=7130]

VM state:not at safepoint (normal execution)

VM Mutex/Monitor currently owned by a thread: None

Heap
 PSYoungGen      total 18816K, used 323K [0x9e5f0000, 0x9fae0000, 0xb3540000)
  eden space 16192K, 2% used [0x9e5f0000,0x9e640f70,0x9f5c0000)
  from space 2624K, 0% used [0x9f850000,0x9f850000,0x9fae0000)
  to   space 2624K, 0% used [0x9f5c0000,0x9f5c0000,0x9f850000)
 PSOldGen        total 42944K, used 0K [0x74740000, 0x77130000, 0x9e5f0000)
  object space 42944K, 0% used [0x74740000,0x74740000,0x77130000)
 PSPermGen       total 16384K, used 1968K [0x6c740000, 0x6d740000, 0x74740000)
  object space 16384K, 12% used [0x6c740000,0x6c92c080,0x6d740000)

Code Cache  [0xb3600000, 0xb3840000, 0xb6600000)
 total_blobs=101 nmethods=0 adapters=69 free_code_cache=50034880 largest_free_block=0

Dynamic libraries:
08048000-08051000 r-xp 00000000 08:05 6034637    /usr/lib/jvm/java-6-openjdk-i386/jre/bin/java
08051000-08052000 r--p 00008000 08:05 6034637    /usr/lib/jvm/java-6-openjdk-i386/jre/bin/java
08052000-08053000 rw-p 00009000 08:05 6034637    /usr/lib/jvm/java-6-openjdk-i386/jre/bin/java
081b5000-081d6000 rw-p 00000000 00:00 0          [heap]
6b878000-6b8ef000 r-xp 00000000 08:05 3150504    /usr/lib/i386-linux-gnu/libgmp.so.10.0.2
6b8ef000-6b8f0000 r--p 00076000 08:05 3150504    /usr/lib/i386-linux-gnu/libgmp.so.10.0.2
6b8f0000-6b8f7000 rw-p 00077000 08:05 3150504    /usr/lib/i386-linux-gnu/libgmp.so.10.0.2
6b8f7000-6b8f8000 ---p 00000000 00:00 0 
6b8f8000-6b978000 rw-p 00000000 00:00 0 
6b978000-6b97b000 ---p 00000000 00:00 0 
6b97b000-6b9c9000 rw-p 00000000 00:00 0 
6b9c9000-6b9cc000 ---p 00000000 00:00 0 
6b9cc000-6ba4a000 rw-p 00000000 00:00 0 
6ba4a000-6ba4d000 ---p 00000000 00:00 0 
6ba4d000-6bacb000 rw-p 00000000 00:00 0 
6bacb000-6bace000 ---p 00000000 00:00 0 
6bace000-6bb1c000 rw-p 00000000 00:00 0 
6bb1c000-6bd1c000 r--p 00000000 08:05 3152888    /usr/lib/locale/locale-archive
6bd1c000-6bd1f000 ---p 00000000 00:00 0 
6bd1f000-6bd6d000 rw-p 00000000 00:00 0 
6bd6d000-6bf00000 r--s 037db000 08:05 6167155    /usr/lib/jvm/java-6-openjdk-i386/jre/lib/rt.jar
6bf00000-6bf21000 rw-p 00000000 00:00 0 
6bf21000-6c000000 ---p 00000000 00:00 0 
6c02e000-6c031000 ---p 00000000 00:00 0 
6c031000-6c07f000 rw-p 00000000 00:00 0 
6c07f000-6c080000 ---p 00000000 00:00 0 
6c080000-6c100000 rw-p 00000000 00:00 0 
6c100000-6c121000 rw-p 00000000 00:00 0 
6c121000-6c200000 ---p 00000000 00:00 0 
6c206000-6c240000 r-xp 00000000 08:05 12984509   /home/baptiste/git/ParserJNI/JNA/Java/libktb.so
6c240000-6c241000 r--p 0003a000 08:05 12984509   /home/baptiste/git/ParserJNI/JNA/Java/libktb.so
6c241000-6c242000 rw-p 0003b000 08:05 12984509   /home/baptiste/git/ParserJNI/JNA/Java/libktb.so
6c242000-6c276000 rw-p 00000000 00:00 0 
6c276000-6c277000 ---p 00000000 00:00 0 
6c277000-6c2f7000 rw-p 00000000 00:00 0 
6c2f7000-6c2f8000 ---p 00000000 00:00 0 
6c2f8000-6c380000 rw-p 00000000 00:00 0 
6c380000-6c3b8000 rw-p 00000000 00:00 0 
6c3b8000-6c3cd000 rw-p 00000000 00:00 0 
6c3cd000-6c508000 rw-p 00000000 00:00 0 
6c508000-6c510000 rw-p 00000000 00:00 0 
6c510000-6c548000 rw-p 00000000 00:00 0 
6c548000-6c55d000 rw-p 00000000 00:00 0 
6c55d000-6c697000 rw-p 00000000 00:00 0 
6c697000-6c6a2000 rw-p 00000000 00:00 0 
6c6a2000-6c73f000 rw-p 00000000 00:00 0 
6c73f000-6d740000 rw-p 00000000 00:00 0 
6d740000-74740000 rw-p 00000000 00:00 0 
74740000-77130000 rw-p 00000000 00:00 0 
77130000-9e5f0000 rw-p 00000000 00:00 0 
9e5f0000-9fae0000 rw-p 00000000 00:00 0 
9fae0000-b3540000 rw-p 00000000 00:00 0 
b3540000-b3549000 rw-p 00000000 00:00 0 
b3549000-b3600000 rw-p 00000000 00:00 0 
b3600000-b3840000 rwxp 00000000 00:00 0 
b3840000-b66dd000 rw-p 00000000 00:00 0 
b66dd000-b6700000 ---p 00000000 00:00 0 
b670a000-b6716000 r-xp 00000000 08:05 12976367   /home/baptiste/git/ParserJNI/JNA/Java/libarcanaJNI.so
b6716000-b6717000 r--p 0000b000 08:05 12976367   /home/baptiste/git/ParserJNI/JNA/Java/libarcanaJNI.so
b6717000-b6718000 rw-p 0000c000 08:05 12976367   /home/baptiste/git/ParserJNI/JNA/Java/libarcanaJNI.so
b6718000-b671b000 r--s 00077000 08:05 3411556    /usr/lib/jvm/java-6-openjdk-common/jre/lib/ext/localedata.jar
b671b000-b671e000 r--s 00031000 08:05 3416587    /usr/lib/jvm/java-6-openjdk-common/jre/lib/ext/sunjce_provider.jar
b671e000-b6729000 r-xp 00000000 08:05 10756485   /lib/i386-linux-gnu/libnss_files-2.15.so
b6729000-b672a000 r--p 0000a000 08:05 10756485   /lib/i386-linux-gnu/libnss_files-2.15.so
b672a000-b672b000 rw-p 0000b000 08:05 10756485   /lib/i386-linux-gnu/libnss_files-2.15.so
b672b000-b6735000 r-xp 00000000 08:05 10756489   /lib/i386-linux-gnu/libnss_nis-2.15.so
b6735000-b6736000 r--p 00009000 08:05 10756489   /lib/i386-linux-gnu/libnss_nis-2.15.so
b6736000-b6737000 rw-p 0000a000 08:05 10756489   /lib/i386-linux-gnu/libnss_nis-2.15.so
b6737000-b674d000 r-xp 00000000 08:05 10756501   /lib/i386-linux-gnu/libnsl-2.15.so
b674d000-b674e000 r--p 00015000 08:05 10756501   /lib/i386-linux-gnu/libnsl-2.15.so
b674e000-b674f000 rw-p 00016000 08:05 10756501   /lib/i386-linux-gnu/libnsl-2.15.so
b674f000-b6751000 rw-p 00000000 00:00 0 
b6751000-b6758000 r-xp 00000000 08:05 10756483   /lib/i386-linux-gnu/libnss_compat-2.15.so
b6758000-b6759000 r--p 00006000 08:05 10756483   /lib/i386-linux-gnu/libnss_compat-2.15.so
b6759000-b675a000 rw-p 00007000 08:05 10756483   /lib/i386-linux-gnu/libnss_compat-2.15.so
b675c000-b6760000 r--s 00039000 08:05 3410657    /usr/lib/jvm/java-6-openjdk-common/jre/lib/ext/sunpkcs11.jar
b6760000-b6767000 r-xp 00000000 08:05 6163400    /usr/lib/jvm/java-6-openjdk-i386/jre/lib/i386/libzip.so
b6767000-b6768000 r--p 00006000 08:05 6163400    /usr/lib/jvm/java-6-openjdk-i386/jre/lib/i386/libzip.so
b6768000-b6769000 rw-p 00007000 08:05 6163400    /usr/lib/jvm/java-6-openjdk-i386/jre/lib/i386/libzip.so
b6769000-b6771000 rw-s 00000000 08:05 4590735    /tmp/hsperfdata_baptiste/7119
b6771000-b6797000 r-xp 00000000 08:05 6163394    /usr/lib/jvm/java-6-openjdk-i386/jre/lib/i386/libjava.so
b6797000-b6798000 r--p 00025000 08:05 6163394    /usr/lib/jvm/java-6-openjdk-i386/jre/lib/i386/libjava.so
b6798000-b679a000 rw-p 00026000 08:05 6163394    /usr/lib/jvm/java-6-openjdk-i386/jre/lib/i386/libjava.so
b679a000-b67a1000 r-xp 00000000 08:05 10756488   /lib/i386-linux-gnu/librt-2.15.so
b67a1000-b67a2000 r--p 00006000 08:05 10756488   /lib/i386-linux-gnu/librt-2.15.so
b67a2000-b67a3000 rw-p 00007000 08:05 10756488   /lib/i386-linux-gnu/librt-2.15.so
b67a3000-b67a6000 ---p 00000000 00:00 0 
b67a6000-b67f4000 rw-p 00000000 00:00 0 
b67f4000-b6810000 r-xp 00000000 08:05 10748852   /lib/i386-linux-gnu/libgcc_s.so.1
b6810000-b6811000 r--p 0001b000 08:05 10748852   /lib/i386-linux-gnu/libgcc_s.so.1
b6811000-b6812000 rw-p 0001c000 08:05 10748852   /lib/i386-linux-gnu/libgcc_s.so.1
b6812000-b683c000 r-xp 00000000 08:05 10756492   /lib/i386-linux-gnu/libm-2.15.so
b683c000-b683d000 r--p 00029000 08:05 10756492   /lib/i386-linux-gnu/libm-2.15.so
b683d000-b683e000 rw-p 0002a000 08:05 10756492   /lib/i386-linux-gnu/libm-2.15.so
b683e000-b6916000 r-xp 00000000 08:05 3150797    /usr/lib/i386-linux-gnu/libstdc++.so.6.0.16
b6916000-b6917000 ---p 000d8000 08:05 3150797    /usr/lib/i386-linux-gnu/libstdc++.so.6.0.16
b6917000-b691b000 r--p 000d8000 08:05 3150797    /usr/lib/i386-linux-gnu/libstdc++.so.6.0.16
b691b000-b691c000 rw-p 000dc000 08:05 3150797    /usr/lib/i386-linux-gnu/libstdc++.so.6.0.16
b691c000-b6923000 rw-p 00000000 00:00 0 
b6923000-b7142000 r-xp 00000000 08:05 6164685    /usr/lib/jvm/java-6-openjdk-i386/jre/lib/i386/server/libjvm.so
b7142000-b7187000 r--p 0081f000 08:05 6164685    /usr/lib/jvm/java-6-openjdk-i386/jre/lib/i386/server/libjvm.so
b7187000-b7196000 rw-p 00864000 08:05 6164685    /usr/lib/jvm/java-6-openjdk-i386/jre/lib/i386/server/libjvm.so
b7196000-b75b2000 rw-p 00000000 00:00 0 
b75b2000-b75c6000 r-xp 00000000 08:05 10748942   /lib/i386-linux-gnu/libz.so.1.2.3.4
b75c6000-b75c7000 r--p 00013000 08:05 10748942   /lib/i386-linux-gnu/libz.so.1.2.3.4
b75c7000-b75c8000 rw-p 00014000 08:05 10748942   /lib/i386-linux-gnu/libz.so.1.2.3.4
b75c8000-b776b000 r-xp 00000000 08:05 10756481   /lib/i386-linux-gnu/libc-2.15.so
b776b000-b776d000 r--p 001a3000 08:05 10756481   /lib/i386-linux-gnu/libc-2.15.so
b776d000-b776e000 rw-p 001a5000 08:05 10756481   /lib/i386-linux-gnu/libc-2.15.so
b776e000-b7771000 rw-p 00000000 00:00 0 
b7771000-b7774000 r-xp 00000000 08:05 10756496   /lib/i386-linux-gnu/libdl-2.15.so
b7774000-b7775000 r--p 00002000 08:05 10756496   /lib/i386-linux-gnu/libdl-2.15.so
b7775000-b7776000 rw-p 00003000 08:05 10756496   /lib/i386-linux-gnu/libdl-2.15.so
b7776000-b777a000 r-xp 00000000 08:05 6163403    /usr/lib/jvm/java-6-openjdk-i386/jre/lib/i386/jli/libjli.so
b777a000-b777b000 r--p 00003000 08:05 6163403    /usr/lib/jvm/java-6-openjdk-i386/jre/lib/i386/jli/libjli.so
b777b000-b777c000 rw-p 00004000 08:05 6163403    /usr/lib/jvm/java-6-openjdk-i386/jre/lib/i386/jli/libjli.so
b777c000-b777d000 rw-p 00000000 00:00 0 
b777d000-b7794000 r-xp 00000000 08:05 10756490   /lib/i386-linux-gnu/libpthread-2.15.so
b7794000-b7795000 r--p 00016000 08:05 10756490   /lib/i386-linux-gnu/libpthread-2.15.so
b7795000-b7796000 rw-p 00017000 08:05 10756490   /lib/i386-linux-gnu/libpthread-2.15.so
b7796000-b7798000 rw-p 00000000 00:00 0 
b7799000-b779b000 r--s 0000f000 08:05 3416589    /usr/lib/jvm/java-6-openjdk-common/jre/lib/ext/pulse-java.jar
b779b000-b779c000 r--s 00007000 08:05 3415217    /usr/share/java/java-atk-wrapper.jar
b779c000-b779e000 r--s 00001000 08:05 3416588    /usr/lib/jvm/java-6-openjdk-common/jre/lib/ext/dnsns.jar
b779e000-b779f000 r--p 00858000 08:05 3152888    /usr/lib/locale/locale-archive
b779f000-b77a0000 rw-p 00000000 00:00 0 
b77a0000-b77a1000 r--p 00000000 00:00 0 
b77a1000-b77ac000 r-xp 00000000 08:05 6167144    /usr/lib/jvm/java-6-openjdk-i386/jre/lib/i386/libverify.so
b77ac000-b77ad000 ---p 0000b000 08:05 6167144    /usr/lib/jvm/java-6-openjdk-i386/jre/lib/i386/libverify.so
b77ad000-b77ae000 r--p 0000b000 08:05 6167144    /usr/lib/jvm/java-6-openjdk-i386/jre/lib/i386/libverify.so
b77ae000-b77af000 rw-p 0000c000 08:05 6167144    /usr/lib/jvm/java-6-openjdk-i386/jre/lib/i386/libverify.so
b77af000-b77b1000 rw-p 00000000 00:00 0 
b77b1000-b77b2000 r-xp 00000000 00:00 0          [vdso]
b77b2000-b77d2000 r-xp 00000000 08:05 10756493   /lib/i386-linux-gnu/ld-2.15.so
b77d2000-b77d3000 r--p 0001f000 08:05 10756493   /lib/i386-linux-gnu/ld-2.15.so
b77d3000-b77d4000 rw-p 00020000 08:05 10756493   /lib/i386-linux-gnu/ld-2.15.so
bfe2a000-bfe4b000 rw-p 00000000 00:00 0          [stack]

VM Arguments:
jvm_args: -Djava.library.path=. 
java_command: test
Launcher Type: SUN_STANDARD

Environment Variables:
PATH=/home/baptiste/local/bin:/usr/lib/lightdm/lightdm:/usr/local/sbin:/usr/local/bin:/usr/sbin:/usr/bin:/sbin:/bin:/usr/games
LD_LIBRARY_PATH=/usr/lib/jvm/java-6-openjdk-i386/jre/lib/i386/server:/usr/lib/jvm/java-6-openjdk-i386/jre/lib/i386:/usr/lib/jvm/java-6-openjdk-i386/jre/../lib/i386:.
SHELL=/bin/bash
DISPLAY=:0.0

Signal Handlers:
SIGSEGV: [libjvm.so+0x66b2b0], sa_mask[0]=0x7ffbfeff, sa_flags=0x10000004
SIGBUS: [libjvm.so+0x66b2b0], sa_mask[0]=0x7ffbfeff, sa_flags=0x10000004
SIGFPE: [libjvm.so+0x52e950], sa_mask[0]=0x7ffbfeff, sa_flags=0x10000004
SIGPIPE: [libjvm.so+0x52e950], sa_mask[0]=0x7ffbfeff, sa_flags=0x10000004
SIGXFSZ: [libjvm.so+0x52e950], sa_mask[0]=0x7ffbfeff, sa_flags=0x10000004
SIGILL: [libjvm.so+0x52e950], sa_mask[0]=0x7ffbfeff, sa_flags=0x10000004
SIGUSR1: SIG_DFL, sa_mask[0]=0x00000000, sa_flags=0x00000000
SIGUSR2: [libjvm.so+0x52e7e0], sa_mask[0]=0x00000000, sa_flags=0x10000004
SIGHUP: [libjvm.so+0x531770], sa_mask[0]=0x7ffbfeff, sa_flags=0x10000004
SIGINT: [libjvm.so+0x531770], sa_mask[0]=0x7ffbfeff, sa_flags=0x10000004
SIGTERM: [libjvm.so+0x531770], sa_mask[0]=0x7ffbfeff, sa_flags=0x10000004
SIGQUIT: [libjvm.so+0x531770], sa_mask[0]=0x7ffbfeff, sa_flags=0x10000004


---------------  S Y S T E M  ---------------

OS:Ubuntu 12.04 (precise)
uname:Linux 3.2.0-48-generic-pae #74-Ubuntu SMP Thu Jun 6 20:05:01 UTC 2013 i686
libc:glibc 2.15 NPTL 2.15 
rlimit: STACK 8192k, CORE 0k, NPROC 32049, NOFILE 4096, AS infinity
load average:2.25 2.39 2.15

/proc/meminfo:
MemTotal:        4116908 kB
MemFree:         2651496 kB
Buffers:          124764 kB
Cached:           713204 kB
SwapCached:            0 kB
Active:           899748 kB
Inactive:         474408 kB
Active(anon):     537140 kB
Inactive(anon):    19644 kB
Active(file):     362608 kB
Inactive(file):   454764 kB
Unevictable:          20 kB
Mlocked:              20 kB
HighTotal:       3276048 kB
HighFree:        2003560 kB
LowTotal:         840860 kB
LowFree:          647936 kB
SwapTotal:       3145724 kB
SwapFree:        3145724 kB
Dirty:               280 kB
Writeback:             0 kB
AnonPages:        536184 kB
Mapped:           161288 kB
Shmem:             20600 kB
Slab:              46816 kB
SReclaimable:      30824 kB
SUnreclaim:        15992 kB
KernelStack:        3032 kB
PageTables:         8344 kB
NFS_Unstable:          0 kB
Bounce:                0 kB
WritebackTmp:          0 kB
CommitLimit:     5204176 kB
Committed_AS:    2527016 kB
VmallocTotal:     122880 kB
VmallocUsed:       49960 kB
VmallocChunk:      63876 kB
HardwareCorrupted:     0 kB
AnonHugePages:         0 kB
HugePages_Total:       0
HugePages_Free:        0
HugePages_Rsvd:        0
HugePages_Surp:        0
Hugepagesize:       2048 kB
DirectMap4k:       53240 kB
DirectMap2M:      860160 kB


CPU:total 2 (2 cores per cpu, 1 threads per core) family 6 model 23 stepping 6, cmov, cx8, fxsr, mmx, sse, sse2, sse3, ssse3, sse4.1

Memory: 4k page, physical 4116908k(2651496k free), swap 3145724k(3145724k free)

vm_info: OpenJDK Server VM (20.0-b12) for linux-x86 JRE (1.6.0_27-b27), built on Apr 25 2013 14:59:06 by "buildd" with gcc 4.6.3

time: Sat Jun 29 16:31:12 2013
elapsed time: 0 seconds

