#
# A fatal error has been detected by the Java Runtime Environment:
#
#  SIGSEGV (0xb) at pc=0xb661fa3d, pid=3303, tid=3061074752
#
# JRE version: 6.0_27-b27
# Java VM: OpenJDK Server VM (20.0-b12 mixed mode linux-x86 )
# Derivative: IcedTea6 1.12.5
# Distribution: Ubuntu 12.04 LTS, package 6b27-1.12.5-0ubuntu0.12.04.1
# Problematic frame:
# C  [libarcanaJNI.so+0x5a3d]  JNI_ktb_prng_fill_buffer+0x21
#
# If you would like to submit a bug report, please include
# instructions how to reproduce the bug and visit:
#   https://bugs.launchpad.net/ubuntu/+source/openjdk-6/
# The crash happened outside the Java Virtual Machine in native code.
# See problematic frame for where to report the bug.
#

---------------  T H R E A D  ---------------

Current thread (0xb6505400):  JavaThread "main" [_thread_in_native, id=3304, stack(0xb66f4000,0xb6745000)]

siginfo:si_signo=SIGSEGV: si_errno=0, si_code=1 (SEGV_MAPERR), si_addr=0x00000000

Registers:
EAX=0x00000000, EBX=0x6c823a98, ECX=0xb6505520, EDX=0xb70ef34c
ESP=0xb6743f70, EBP=0xb6743fe8, ESI=0x6c823a98, EDI=0xb6505400
EIP=0xb661fa3d, EFLAGS=0x00010282, CR2=0x00000000

Top of Stack: (sp=0xb6743f70)
0xb6743f70:   b6505a68 b6744078 b6744040 b6e1d3f5
0xb6743f80:   b70d7ff4 b6505400 b6505a68 6c823a98
0xb6743f90:   00000032 00000000 00000000 00000000
0xb6743fa0:   6b819bf0 6b819c20 b6505400 6c825c10
0xb6743fb0:   6c825c10 b74fd8a0 b6744008 b662495a
0xb6743fc0:   b6505520 b6744040 b35124d4 b3502688
0xb6743fd0:   6c823a98 6c823a98 b6505400 b6744030
0xb6743fe0:   b350a548 b6505400 b6744030 b350a64a 

Instructions: (pc=0xb661fa3d)
0xb661fa1d:   89 e5 83 ec 78 8b 45 10 89 45 b0 8b 45 14 89 45
0xb661fa2d:   b4 8b 45 1c 89 45 a8 8b 45 20 89 45 ac 8b 45 b0
0xb661fa3d:   8b 00 89 45 d0 8b 45 b0 8b 55 08 89 50 04 8b 45
0xb661fa4d:   08 8b 00 8b 90 ac 02 00 00 8b 45 18 89 44 24 04 

Register to memory mapping:

EAX=0x00000000 is an unknown value
EBX=0x6c823a98 is an oop
{method} 
 - klass: {other class}
ECX=0xb6505520 is an unknown value
EDX=0xb70ef34c: <offset 0x87b34c> in /usr/lib/jvm/java-6-openjdk-i386/jre/lib/i386/server/libjvm.so at 0xb6874000
ESP=0xb6743f70 is pointing into the stack for thread: 0xb6505400
EBP=0xb6743fe8 is pointing into the stack for thread: 0xb6505400
ESI=0x6c823a98 is an oop
{method} 
 - klass: {other class}
EDI=0xb6505400 is a thread


Stack: [0xb66f4000,0xb6745000],  sp=0xb6743f70,  free space=319k
Native frames: (J=compiled Java code, j=interpreted, Vv=VM code, C=native code)
C  [libarcanaJNI.so+0x5a3d]  JNI_ktb_prng_fill_buffer+0x21
j  ArcanaJNI.ktb_prng_fill_buffer(J[BJ)LArcanaJNI$ktb_errno;+0
j  prng.main([Ljava/lang/String;)V+28
v  ~StubRoutines::call_stub
V  [libjvm.so+0x39b0b6]  JavaCalls::call_helper(JavaValue*, methodHandle*, JavaCallArguments*, Thread*)+0x2c6

Java frames: (J=compiled Java code, j=interpreted, Vv=VM code)
j  ArcanaJNI.ktb_prng_fill_buffer(J[BJ)LArcanaJNI$ktb_errno;+0
j  prng.main([Ljava/lang/String;)V+28
v  ~StubRoutines::call_stub

---------------  P R O C E S S  ---------------

Java Threads: ( => current thread )
  0xb65a4000 JavaThread "Low Memory Detector" daemon [_thread_blocked, id=3313, stack(0x6b8c4000,0x6b915000)]
  0xb65a2400 JavaThread "C2 CompilerThread1" daemon [_thread_blocked, id=3312, stack(0x6b915000,0x6b996000)]
  0xb65a0400 JavaThread "C2 CompilerThread0" daemon [_thread_blocked, id=3311, stack(0x6b996000,0x6ba17000)]
  0xb659ec00 JavaThread "Signal Dispatcher" daemon [_thread_blocked, id=3310, stack(0x6c02e000,0x6c07f000)]
  0xb658f400 JavaThread "Finalizer" daemon [_thread_blocked, id=3309, stack(0x6bc17000,0x6bc68000)]
  0xb658dc00 JavaThread "Reference Handler" daemon [_thread_blocked, id=3308, stack(0x6bc68000,0x6bcb9000)]
=>0xb6505400 JavaThread "main" [_thread_in_native, id=3304, stack(0xb66f4000,0xb6745000)]

Other Threads:
  0xb658ac00 VMThread [stack: 0x6bcb9000,0x6bd3a000] [id=3307]
  0xb65a5c00 WatcherThread [stack: 0x6b843000,0x6b8c4000] [id=3314]

VM state:not at safepoint (normal execution)

VM Mutex/Monitor currently owned by a thread: None

Heap
 PSYoungGen      total 18816K, used 323K [0x9e4f0000, 0x9f9e0000, 0xb3440000)
  eden space 16192K, 2% used [0x9e4f0000,0x9e540f70,0x9f4c0000)
  from space 2624K, 0% used [0x9f750000,0x9f750000,0x9f9e0000)
  to   space 2624K, 0% used [0x9f4c0000,0x9f4c0000,0x9f750000)
 PSOldGen        total 42944K, used 0K [0x74640000, 0x77030000, 0x9e4f0000)
  object space 42944K, 0% used [0x74640000,0x74640000,0x77030000)
 PSPermGen       total 16384K, used 1961K [0x6c640000, 0x6d640000, 0x74640000)
  object space 16384K, 11% used [0x6c640000,0x6c82a6d8,0x6d640000)

Code Cache  [0xb3500000, 0xb3740000, 0xb6500000)
 total_blobs=101 nmethods=0 adapters=69 free_code_cache=50034880 largest_free_block=0

Dynamic libraries:
08048000-08051000 r-xp 00000000 08:05 6034637    /usr/lib/jvm/java-6-openjdk-i386/jre/bin/java
08051000-08052000 r--p 00008000 08:05 6034637    /usr/lib/jvm/java-6-openjdk-i386/jre/bin/java
08052000-08053000 rw-p 00009000 08:05 6034637    /usr/lib/jvm/java-6-openjdk-i386/jre/bin/java
096cf000-096f0000 rw-p 00000000 00:00 0          [heap]
6b787000-6b7fe000 r-xp 00000000 08:05 3150504    /usr/lib/i386-linux-gnu/libgmp.so.10.0.2
6b7fe000-6b7ff000 r--p 00076000 08:05 3150504    /usr/lib/i386-linux-gnu/libgmp.so.10.0.2
6b7ff000-6b806000 rw-p 00077000 08:05 3150504    /usr/lib/i386-linux-gnu/libgmp.so.10.0.2
6b806000-6b840000 r-xp 00000000 08:05 12984509   /home/baptiste/git/ParserJNI/JNA/Java/libktb.so
6b840000-6b841000 r--p 0003a000 08:05 12984509   /home/baptiste/git/ParserJNI/JNA/Java/libktb.so
6b841000-6b842000 rw-p 0003b000 08:05 12984509   /home/baptiste/git/ParserJNI/JNA/Java/libktb.so
6b842000-6b843000 rw-p 00000000 00:00 0 
6b843000-6b844000 ---p 00000000 00:00 0 
6b844000-6b8c4000 rw-p 00000000 00:00 0 
6b8c4000-6b8c7000 ---p 00000000 00:00 0 
6b8c7000-6b915000 rw-p 00000000 00:00 0 
6b915000-6b918000 ---p 00000000 00:00 0 
6b918000-6b996000 rw-p 00000000 00:00 0 
6b996000-6b999000 ---p 00000000 00:00 0 
6b999000-6ba17000 rw-p 00000000 00:00 0 
6ba17000-6bc17000 r--p 00000000 08:05 3152888    /usr/lib/locale/locale-archive
6bc17000-6bc1a000 ---p 00000000 00:00 0 
6bc1a000-6bc68000 rw-p 00000000 00:00 0 
6bc68000-6bc6b000 ---p 00000000 00:00 0 
6bc6b000-6bcb9000 rw-p 00000000 00:00 0 
6bcb9000-6bcba000 ---p 00000000 00:00 0 
6bcba000-6bd6d000 rw-p 00000000 00:00 0 
6bd6d000-6bf00000 r--s 037db000 08:05 6167155    /usr/lib/jvm/java-6-openjdk-i386/jre/lib/rt.jar
6bf00000-6bf21000 rw-p 00000000 00:00 0 
6bf21000-6c000000 ---p 00000000 00:00 0 
6c02e000-6c031000 ---p 00000000 00:00 0 
6c031000-6c07f000 rw-p 00000000 00:00 0 
6c07f000-6c080000 ---p 00000000 00:00 0 
6c080000-6c100000 rw-p 00000000 00:00 0 
6c100000-6c121000 rw-p 00000000 00:00 0 
6c121000-6c200000 ---p 00000000 00:00 0 
6c237000-6c238000 ---p 00000000 00:00 0 
6c238000-6c2cd000 rw-p 00000000 00:00 0 
6c2cd000-6c408000 rw-p 00000000 00:00 0 
6c408000-6c410000 rw-p 00000000 00:00 0 
6c410000-6c448000 rw-p 00000000 00:00 0 
6c448000-6c45d000 rw-p 00000000 00:00 0 
6c45d000-6c597000 rw-p 00000000 00:00 0 
6c597000-6c5a2000 rw-p 00000000 00:00 0 
6c5a2000-6c63f000 rw-p 00000000 00:00 0 
6c63f000-6d640000 rw-p 00000000 00:00 0 
6d640000-74640000 rw-p 00000000 00:00 0 
74640000-77030000 rw-p 00000000 00:00 0 
77030000-9e4f0000 rw-p 00000000 00:00 0 
9e4f0000-9f9e0000 rw-p 00000000 00:00 0 
9f9e0000-b3440000 rw-p 00000000 00:00 0 
b3440000-b3449000 rw-p 00000000 00:00 0 
b3449000-b3500000 rw-p 00000000 00:00 0 
b3500000-b3740000 rwxp 00000000 00:00 0 
b3740000-b65dd000 rw-p 00000000 00:00 0 
b65dd000-b6600000 ---p 00000000 00:00 0 
b661a000-b6627000 r-xp 00000000 08:05 12976347   /home/baptiste/git/ParserJNI/JNA/Java/libarcanaJNI.so
b6627000-b6628000 r--p 0000c000 08:05 12976347   /home/baptiste/git/ParserJNI/JNA/Java/libarcanaJNI.so
b6628000-b6629000 rw-p 0000d000 08:05 12976347   /home/baptiste/git/ParserJNI/JNA/Java/libarcanaJNI.so
b6629000-b662c000 r--s 00077000 08:05 3411556    /usr/lib/jvm/java-6-openjdk-common/jre/lib/ext/localedata.jar
b662c000-b662f000 r--s 00031000 08:05 3416587    /usr/lib/jvm/java-6-openjdk-common/jre/lib/ext/sunjce_provider.jar
b662f000-b6637000 rw-p 00000000 00:00 0 
b6637000-b666f000 rw-p 00000000 00:00 0 
b666f000-b667a000 r-xp 00000000 08:05 10756485   /lib/i386-linux-gnu/libnss_files-2.15.so
b667a000-b667b000 r--p 0000a000 08:05 10756485   /lib/i386-linux-gnu/libnss_files-2.15.so
b667b000-b667c000 rw-p 0000b000 08:05 10756485   /lib/i386-linux-gnu/libnss_files-2.15.so
b667c000-b6686000 r-xp 00000000 08:05 10756489   /lib/i386-linux-gnu/libnss_nis-2.15.so
b6686000-b6687000 r--p 00009000 08:05 10756489   /lib/i386-linux-gnu/libnss_nis-2.15.so
b6687000-b6688000 rw-p 0000a000 08:05 10756489   /lib/i386-linux-gnu/libnss_nis-2.15.so
b6688000-b669e000 r-xp 00000000 08:05 10756501   /lib/i386-linux-gnu/libnsl-2.15.so
b669e000-b669f000 r--p 00015000 08:05 10756501   /lib/i386-linux-gnu/libnsl-2.15.so
b669f000-b66a0000 rw-p 00016000 08:05 10756501   /lib/i386-linux-gnu/libnsl-2.15.so
b66a0000-b66a2000 rw-p 00000000 00:00 0 
b66a2000-b66a9000 r-xp 00000000 08:05 10756483   /lib/i386-linux-gnu/libnss_compat-2.15.so
b66a9000-b66aa000 r--p 00006000 08:05 10756483   /lib/i386-linux-gnu/libnss_compat-2.15.so
b66aa000-b66ab000 rw-p 00007000 08:05 10756483   /lib/i386-linux-gnu/libnss_compat-2.15.so
b66ad000-b66b1000 r--s 00039000 08:05 3410657    /usr/lib/jvm/java-6-openjdk-common/jre/lib/ext/sunpkcs11.jar
b66b1000-b66b8000 r-xp 00000000 08:05 6163400    /usr/lib/jvm/java-6-openjdk-i386/jre/lib/i386/libzip.so
b66b8000-b66b9000 r--p 00006000 08:05 6163400    /usr/lib/jvm/java-6-openjdk-i386/jre/lib/i386/libzip.so
b66b9000-b66ba000 rw-p 00007000 08:05 6163400    /usr/lib/jvm/java-6-openjdk-i386/jre/lib/i386/libzip.so
b66ba000-b66c2000 rw-s 00000000 08:05 4590735    /tmp/hsperfdata_baptiste/3303
b66c2000-b66e8000 r-xp 00000000 08:05 6163394    /usr/lib/jvm/java-6-openjdk-i386/jre/lib/i386/libjava.so
b66e8000-b66e9000 r--p 00025000 08:05 6163394    /usr/lib/jvm/java-6-openjdk-i386/jre/lib/i386/libjava.so
b66e9000-b66eb000 rw-p 00026000 08:05 6163394    /usr/lib/jvm/java-6-openjdk-i386/jre/lib/i386/libjava.so
b66eb000-b66f2000 r-xp 00000000 08:05 10756488   /lib/i386-linux-gnu/librt-2.15.so
b66f2000-b66f3000 r--p 00006000 08:05 10756488   /lib/i386-linux-gnu/librt-2.15.so
b66f3000-b66f4000 rw-p 00007000 08:05 10756488   /lib/i386-linux-gnu/librt-2.15.so
b66f4000-b66f7000 ---p 00000000 00:00 0 
b66f7000-b6745000 rw-p 00000000 00:00 0 
b6745000-b6761000 r-xp 00000000 08:05 10748852   /lib/i386-linux-gnu/libgcc_s.so.1
b6761000-b6762000 r--p 0001b000 08:05 10748852   /lib/i386-linux-gnu/libgcc_s.so.1
b6762000-b6763000 rw-p 0001c000 08:05 10748852   /lib/i386-linux-gnu/libgcc_s.so.1
b6763000-b678d000 r-xp 00000000 08:05 10756492   /lib/i386-linux-gnu/libm-2.15.so
b678d000-b678e000 r--p 00029000 08:05 10756492   /lib/i386-linux-gnu/libm-2.15.so
b678e000-b678f000 rw-p 0002a000 08:05 10756492   /lib/i386-linux-gnu/libm-2.15.so
b678f000-b6867000 r-xp 00000000 08:05 3150797    /usr/lib/i386-linux-gnu/libstdc++.so.6.0.16
b6867000-b6868000 ---p 000d8000 08:05 3150797    /usr/lib/i386-linux-gnu/libstdc++.so.6.0.16
b6868000-b686c000 r--p 000d8000 08:05 3150797    /usr/lib/i386-linux-gnu/libstdc++.so.6.0.16
b686c000-b686d000 rw-p 000dc000 08:05 3150797    /usr/lib/i386-linux-gnu/libstdc++.so.6.0.16
b686d000-b6874000 rw-p 00000000 00:00 0 
b6874000-b7093000 r-xp 00000000 08:05 6164685    /usr/lib/jvm/java-6-openjdk-i386/jre/lib/i386/server/libjvm.so
b7093000-b70d8000 r--p 0081f000 08:05 6164685    /usr/lib/jvm/java-6-openjdk-i386/jre/lib/i386/server/libjvm.so
b70d8000-b70e7000 rw-p 00864000 08:05 6164685    /usr/lib/jvm/java-6-openjdk-i386/jre/lib/i386/server/libjvm.so
b70e7000-b7503000 rw-p 00000000 00:00 0 
b7503000-b7517000 r-xp 00000000 08:05 10748942   /lib/i386-linux-gnu/libz.so.1.2.3.4
b7517000-b7518000 r--p 00013000 08:05 10748942   /lib/i386-linux-gnu/libz.so.1.2.3.4
b7518000-b7519000 rw-p 00014000 08:05 10748942   /lib/i386-linux-gnu/libz.so.1.2.3.4
b7519000-b76bc000 r-xp 00000000 08:05 10756481   /lib/i386-linux-gnu/libc-2.15.so
b76bc000-b76be000 r--p 001a3000 08:05 10756481   /lib/i386-linux-gnu/libc-2.15.so
b76be000-b76bf000 rw-p 001a5000 08:05 10756481   /lib/i386-linux-gnu/libc-2.15.so
b76bf000-b76c2000 rw-p 00000000 00:00 0 
b76c2000-b76c5000 r-xp 00000000 08:05 10756496   /lib/i386-linux-gnu/libdl-2.15.so
b76c5000-b76c6000 r--p 00002000 08:05 10756496   /lib/i386-linux-gnu/libdl-2.15.so
b76c6000-b76c7000 rw-p 00003000 08:05 10756496   /lib/i386-linux-gnu/libdl-2.15.so
b76c7000-b76cb000 r-xp 00000000 08:05 6163403    /usr/lib/jvm/java-6-openjdk-i386/jre/lib/i386/jli/libjli.so
b76cb000-b76cc000 r--p 00003000 08:05 6163403    /usr/lib/jvm/java-6-openjdk-i386/jre/lib/i386/jli/libjli.so
b76cc000-b76cd000 rw-p 00004000 08:05 6163403    /usr/lib/jvm/java-6-openjdk-i386/jre/lib/i386/jli/libjli.so
b76cd000-b76ce000 rw-p 00000000 00:00 0 
b76ce000-b76e5000 r-xp 00000000 08:05 10756490   /lib/i386-linux-gnu/libpthread-2.15.so
b76e5000-b76e6000 r--p 00016000 08:05 10756490   /lib/i386-linux-gnu/libpthread-2.15.so
b76e6000-b76e7000 rw-p 00017000 08:05 10756490   /lib/i386-linux-gnu/libpthread-2.15.so
b76e7000-b76e9000 rw-p 00000000 00:00 0 
b76ea000-b76ec000 r--s 0000f000 08:05 3416589    /usr/lib/jvm/java-6-openjdk-common/jre/lib/ext/pulse-java.jar
b76ec000-b76ed000 r--s 00007000 08:05 3415217    /usr/share/java/java-atk-wrapper.jar
b76ed000-b76ef000 r--s 00001000 08:05 3416588    /usr/lib/jvm/java-6-openjdk-common/jre/lib/ext/dnsns.jar
b76ef000-b76f0000 r--p 00858000 08:05 3152888    /usr/lib/locale/locale-archive
b76f0000-b76f1000 rw-p 00000000 00:00 0 
b76f1000-b76f2000 r--p 00000000 00:00 0 
b76f2000-b76fd000 r-xp 00000000 08:05 6167144    /usr/lib/jvm/java-6-openjdk-i386/jre/lib/i386/libverify.so
b76fd000-b76fe000 ---p 0000b000 08:05 6167144    /usr/lib/jvm/java-6-openjdk-i386/jre/lib/i386/libverify.so
b76fe000-b76ff000 r--p 0000b000 08:05 6167144    /usr/lib/jvm/java-6-openjdk-i386/jre/lib/i386/libverify.so
b76ff000-b7700000 rw-p 0000c000 08:05 6167144    /usr/lib/jvm/java-6-openjdk-i386/jre/lib/i386/libverify.so
b7700000-b7702000 rw-p 00000000 00:00 0 
b7702000-b7703000 r-xp 00000000 00:00 0          [vdso]
b7703000-b7723000 r-xp 00000000 08:05 10756493   /lib/i386-linux-gnu/ld-2.15.so
b7723000-b7724000 r--p 0001f000 08:05 10756493   /lib/i386-linux-gnu/ld-2.15.so
b7724000-b7725000 rw-p 00020000 08:05 10756493   /lib/i386-linux-gnu/ld-2.15.so
bf841000-bf862000 rw-p 00000000 00:00 0          [stack]

VM Arguments:
jvm_args: -Djava.library.path=. 
java_command: prng
Launcher Type: SUN_STANDARD

Environment Variables:
PATH=/home/baptiste/local/bin:/usr/lib/lightdm/lightdm:/usr/local/sbin:/usr/local/bin:/usr/sbin:/usr/bin:/sbin:/bin:/usr/games
LD_LIBRARY_PATH=/usr/lib/jvm/java-6-openjdk-i386/jre/lib/i386/server:/usr/lib/jvm/java-6-openjdk-i386/jre/lib/i386:/usr/lib/jvm/java-6-openjdk-i386/jre/../lib/i386:.
SHELL=/bin/bash
DISPLAY=:0.0

Signal Handlers:
SIGSEGV: [libjvm.so+0x66b2b0], sa_mask[0]=0x7ffbfeff, sa_flags=0x10000004
SIGBUS: [libjvm.so+0x66b2b0], sa_mask[0]=0x7ffbfeff, sa_flags=0x10000004
SIGFPE: [libjvm.so+0x52e950], sa_mask[0]=0x7ffbfeff, sa_flags=0x10000004
SIGPIPE: [libjvm.so+0x52e950], sa_mask[0]=0x7ffbfeff, sa_flags=0x10000004
SIGXFSZ: [libjvm.so+0x52e950], sa_mask[0]=0x7ffbfeff, sa_flags=0x10000004
SIGILL: [libjvm.so+0x52e950], sa_mask[0]=0x7ffbfeff, sa_flags=0x10000004
SIGUSR1: SIG_DFL, sa_mask[0]=0x00000000, sa_flags=0x00000000
SIGUSR2: [libjvm.so+0x52e7e0], sa_mask[0]=0x00000000, sa_flags=0x10000004
SIGHUP: [libjvm.so+0x531770], sa_mask[0]=0x7ffbfeff, sa_flags=0x10000004
SIGINT: [libjvm.so+0x531770], sa_mask[0]=0x7ffbfeff, sa_flags=0x10000004
SIGTERM: [libjvm.so+0x531770], sa_mask[0]=0x7ffbfeff, sa_flags=0x10000004
SIGQUIT: [libjvm.so+0x531770], sa_mask[0]=0x7ffbfeff, sa_flags=0x10000004


---------------  S Y S T E M  ---------------

OS:Ubuntu 12.04 (precise)
uname:Linux 3.2.0-48-generic-pae #74-Ubuntu SMP Thu Jun 6 20:05:01 UTC 2013 i686
libc:glibc 2.15 NPTL 2.15 
rlimit: STACK 8192k, CORE 0k, NPROC 32049, NOFILE 4096, AS infinity
load average:2.14 1.69 1.14

/proc/meminfo:
MemTotal:        4116908 kB
MemFree:         2515808 kB
Buffers:          110036 kB
Cached:           687676 kB
SwapCached:            0 kB
Active:           954896 kB
Inactive:         530656 kB
Active(anon):     688832 kB
Inactive(anon):     9052 kB
Active(file):     266064 kB
Inactive(file):   521604 kB
Unevictable:          20 kB
Mlocked:              20 kB
HighTotal:       3276048 kB
HighFree:        1874972 kB
LowTotal:         840860 kB
LowFree:          640836 kB
SwapTotal:       3145724 kB
SwapFree:        3145724 kB
Dirty:               192 kB
Writeback:             0 kB
AnonPages:        687924 kB
Mapped:           194352 kB
Shmem:             10020 kB
Slab:              50156 kB
SReclaimable:      32996 kB
SUnreclaim:        17160 kB
KernelStack:        3504 kB
PageTables:        10720 kB
NFS_Unstable:          0 kB
Bounce:                0 kB
WritebackTmp:          0 kB
CommitLimit:     5204176 kB
Committed_AS:    3161892 kB
VmallocTotal:     122880 kB
VmallocUsed:       50116 kB
VmallocChunk:      63364 kB
HardwareCorrupted:     0 kB
AnonHugePages:         0 kB
HugePages_Total:       0
HugePages_Free:        0
HugePages_Rsvd:        0
HugePages_Surp:        0
Hugepagesize:       2048 kB
DirectMap4k:       61432 kB
DirectMap2M:      851968 kB


CPU:total 2 (2 cores per cpu, 1 threads per core) family 6 model 23 stepping 6, cmov, cx8, fxsr, mmx, sse, sse2, sse3, ssse3, sse4.1

Memory: 4k page, physical 4116908k(2515808k free), swap 3145724k(3145724k free)

vm_info: OpenJDK Server VM (20.0-b12) for linux-x86 JRE (1.6.0_27-b27), built on Apr 25 2013 14:59:06 by "buildd" with gcc 4.6.3

time: Sun Jun 30 11:44:45 2013
elapsed time: 0 seconds

