#
# A fatal error has been detected by the Java Runtime Environment:
#
#  SIGSEGV (0xb) at pc=0xb6cf4eb1, pid=7095, tid=3061889856
#
# JRE version: 6.0_27-b27
# Java VM: OpenJDK Server VM (20.0-b12 mixed mode linux-x86 )
# Derivative: IcedTea6 1.12.5
# Distribution: Ubuntu 12.04 LTS, package 6b27-1.12.5-0ubuntu0.12.04.1
# Problematic frame:
# V  [libjvm.so+0x3b9eb1]  ThreadInVMfromNative::ThreadInVMfromNative(JavaThread*)+0x21
#
# If you would like to submit a bug report, please include
# instructions how to reproduce the bug and visit:
#   https://bugs.launchpad.net/ubuntu/+source/openjdk-6/
# The crash happened outside the Java Virtual Machine in native code.
# See problematic frame for where to report the bug.
#

---------------  T H R E A D  ---------------

Current thread (0xb6605400):  JavaThread "main" [_thread_in_native, id=7096, stack(0xb67bb000,0xb680c000)]

siginfo:si_signo=SIGSEGV: si_errno=0, si_code=1 (SEGV_MAPERR), si_addr=0x0000015c

Registers:
EAX=0xb71b6344, EBX=0xb719eff4, ECX=0xb77b7000, EDX=0xb6cedcc0
ESP=0xb680af10, EBP=0xb66a71e0, ESI=0x00000000, EDI=0xb680af98
EIP=0xb6cf4eb1, EFLAGS=0x00210292, CR2=0x0000015c

Top of Stack: (sp=0xb680af10)
0xb680af10:   b6605a78 b6605a74 6c745e38 b779ed10
0xb680af20:   6b945ff4 b719eff4 00000000 b6cedd1b
0xb680af30:   b680af98 00000000 b680b008 b71935c8
0xb680af40:   6c92ab60 b6605400 6c21dc36 00cf4f3a
0xb680af50:   b668bfe8 6c92ab60 b6605400 b6cf4f3a
0xb680af60:   b719eff4 b719eff4 b680af98 b6cd26c8
0xb680af70:   b719eff4 b719eff4 b680afa8 b6ce6e3d
0xb680af80:   b680afa8 00000000 b6605400 00000000 

Instructions: (pc=0xb6cf4eb1)
0xb6cf4e91:   53 83 ec 14 e8 00 00 00 00 5b 81 c3 5a a1 4a 00
0xb6cf4ea1:   8b 44 24 20 8b 74 24 24 89 30 8b 83 8c d1 ff ff
0xb6cf4eb1:   c7 86 5c 01 00 00 05 00 00 00 83 38 01 7e 10 8b
0xb6cf4ec1:   83 24 e0 ff ff 80 38 00 74 35 f0 83 04 24 00 8b 

Register to memory mapping:

EAX=0xb71b6344: <offset 0x87b344> in /usr/lib/jvm/java-6-openjdk-i386/jre/lib/i386/server/libjvm.so at 0xb693b000
EBX=0xb719eff4: <offset 0x863ff4> in /usr/lib/jvm/java-6-openjdk-i386/jre/lib/i386/server/libjvm.so at 0xb693b000
ECX=0xb77b7000 is an unknown value
EDX=0xb6cedcc0: <offset 0x3b2cc0> in /usr/lib/jvm/java-6-openjdk-i386/jre/lib/i386/server/libjvm.so at 0xb693b000
ESP=0xb680af10 is pointing into the stack for thread: 0xb6605400
EBP=0xb66a71e0 is an unknown value
ESI=0x00000000 is an unknown value
EDI=0xb680af98 is pointing into the stack for thread: 0xb6605400


Stack: [0xb67bb000,0xb680c000],  sp=0xb680af10,  free space=319k
Native frames: (J=compiled Java code, j=interpreted, Vv=VM code, C=native code)
V  [libjvm.so+0x3b9eb1]  ThreadInVMfromNative::ThreadInVMfromNative(JavaThread*)+0x21

Java frames: (J=compiled Java code, j=interpreted, Vv=VM code)
j  ArcanaJNI.ktb_sign_init(LArcanaJNI$AddressWrapper;LArcanaJNI$ktb_hash_algo_t;)LArcanaJNI$ktb_errno;+0
j  test.main([Ljava/lang/String;)V+26
v  ~StubRoutines::call_stub

---------------  P R O C E S S  ---------------

Java Threads: ( => current thread )
  0xb66a4000 JavaThread "Low Memory Detector" daemon [_thread_blocked, id=7105, stack(0x6b9c9000,0x6ba1a000)]
  0xb66a2400 JavaThread "C2 CompilerThread1" daemon [_thread_blocked, id=7104, stack(0x6ba1a000,0x6ba9b000)]
  0xb66a0400 JavaThread "C2 CompilerThread0" daemon [_thread_blocked, id=7103, stack(0x6ba9b000,0x6bb1c000)]
  0xb669ec00 JavaThread "Signal Dispatcher" daemon [_thread_blocked, id=7102, stack(0x6bb1c000,0x6bb6d000)]
  0xb668f400 JavaThread "Finalizer" daemon [_thread_blocked, id=7101, stack(0x6c02e000,0x6c07f000)]
  0xb668dc00 JavaThread "Reference Handler" daemon [_thread_blocked, id=7100, stack(0x6c225000,0x6c276000)]
=>0xb6605400 JavaThread "main" [_thread_in_native, id=7096, stack(0xb67bb000,0xb680c000)]

Other Threads:
  0xb668ac00 VMThread [stack: 0x6c07f000,0x6c100000] [id=7099]
  0xb66a5c00 WatcherThread [stack: 0x6b948000,0x6b9c9000] [id=7106]

VM state:not at safepoint (normal execution)

VM Mutex/Monitor currently owned by a thread: None

Heap
 PSYoungGen      total 18816K, used 323K [0x9e5f0000, 0x9fae0000, 0xb3540000)
  eden space 16192K, 2% used [0x9e5f0000,0x9e640f70,0x9f5c0000)
  from space 2624K, 0% used [0x9f850000,0x9f850000,0x9fae0000)
  to   space 2624K, 0% used [0x9f5c0000,0x9f5c0000,0x9f850000)
 PSOldGen        total 42944K, used 0K [0x74740000, 0x77130000, 0x9e5f0000)
  object space 42944K, 0% used [0x74740000,0x74740000,0x77130000)
 PSPermGen       total 16384K, used 1968K [0x6c740000, 0x6d740000, 0x74740000)
  object space 16384K, 12% used [0x6c740000,0x6c92c080,0x6d740000)

Code Cache  [0xb3600000, 0xb3840000, 0xb6600000)
 total_blobs=101 nmethods=0 adapters=69 free_code_cache=50034880 largest_free_block=0

Dynamic libraries:
08048000-08051000 r-xp 00000000 08:05 6034637    /usr/lib/jvm/java-6-openjdk-i386/jre/bin/java
08051000-08052000 r--p 00008000 08:05 6034637    /usr/lib/jvm/java-6-openjdk-i386/jre/bin/java
08052000-08053000 rw-p 00009000 08:05 6034637    /usr/lib/jvm/java-6-openjdk-i386/jre/bin/java
09d88000-09da9000 rw-p 00000000 00:00 0          [heap]
6b88c000-6b903000 r-xp 00000000 08:05 3150504    /usr/lib/i386-linux-gnu/libgmp.so.10.0.2
6b903000-6b904000 r--p 00076000 08:05 3150504    /usr/lib/i386-linux-gnu/libgmp.so.10.0.2
6b904000-6b90b000 rw-p 00077000 08:05 3150504    /usr/lib/i386-linux-gnu/libgmp.so.10.0.2
6b90b000-6b945000 r-xp 00000000 08:05 12984509   /home/baptiste/git/ParserJNI/JNA/Java/libktb.so
6b945000-6b946000 r--p 0003a000 08:05 12984509   /home/baptiste/git/ParserJNI/JNA/Java/libktb.so
6b946000-6b947000 rw-p 0003b000 08:05 12984509   /home/baptiste/git/ParserJNI/JNA/Java/libktb.so
6b947000-6b948000 rw-p 00000000 00:00 0 
6b948000-6b949000 ---p 00000000 00:00 0 
6b949000-6b9c9000 rw-p 00000000 00:00 0 
6b9c9000-6b9cc000 ---p 00000000 00:00 0 
6b9cc000-6ba1a000 rw-p 00000000 00:00 0 
6ba1a000-6ba1d000 ---p 00000000 00:00 0 
6ba1d000-6ba9b000 rw-p 00000000 00:00 0 
6ba9b000-6ba9e000 ---p 00000000 00:00 0 
6ba9e000-6bb1c000 rw-p 00000000 00:00 0 
6bb1c000-6bb1f000 ---p 00000000 00:00 0 
6bb1f000-6bb6d000 rw-p 00000000 00:00 0 
6bb6d000-6bd6d000 r--p 00000000 08:05 3152888    /usr/lib/locale/locale-archive
6bd6d000-6bf00000 r--s 037db000 08:05 6167155    /usr/lib/jvm/java-6-openjdk-i386/jre/lib/rt.jar
6bf00000-6bf21000 rw-p 00000000 00:00 0 
6bf21000-6c000000 ---p 00000000 00:00 0 
6c02e000-6c031000 ---p 00000000 00:00 0 
6c031000-6c07f000 rw-p 00000000 00:00 0 
6c07f000-6c080000 ---p 00000000 00:00 0 
6c080000-6c100000 rw-p 00000000 00:00 0 
6c100000-6c121000 rw-p 00000000 00:00 0 
6c121000-6c200000 ---p 00000000 00:00 0 
6c214000-6c220000 r-xp 00000000 08:05 12976367   /home/baptiste/git/ParserJNI/JNA/Java/libarcanaJNI.so
6c220000-6c221000 r--p 0000b000 08:05 12976367   /home/baptiste/git/ParserJNI/JNA/Java/libarcanaJNI.so
6c221000-6c222000 rw-p 0000c000 08:05 12976367   /home/baptiste/git/ParserJNI/JNA/Java/libarcanaJNI.so
6c222000-6c225000 r--s 00077000 08:05 3411556    /usr/lib/jvm/java-6-openjdk-common/jre/lib/ext/localedata.jar
6c225000-6c228000 ---p 00000000 00:00 0 
6c228000-6c276000 rw-p 00000000 00:00 0 
6c276000-6c277000 ---p 00000000 00:00 0 
6c277000-6c2f7000 rw-p 00000000 00:00 0 
6c2f7000-6c2f8000 ---p 00000000 00:00 0 
6c2f8000-6c380000 rw-p 00000000 00:00 0 
6c380000-6c3b8000 rw-p 00000000 00:00 0 
6c3b8000-6c3cd000 rw-p 00000000 00:00 0 
6c3cd000-6c508000 rw-p 00000000 00:00 0 
6c508000-6c510000 rw-p 00000000 00:00 0 
6c510000-6c548000 rw-p 00000000 00:00 0 
6c548000-6c55d000 rw-p 00000000 00:00 0 
6c55d000-6c697000 rw-p 00000000 00:00 0 
6c697000-6c6a2000 rw-p 00000000 00:00 0 
6c6a2000-6c73f000 rw-p 00000000 00:00 0 
6c73f000-6d740000 rw-p 00000000 00:00 0 
6d740000-74740000 rw-p 00000000 00:00 0 
74740000-77130000 rw-p 00000000 00:00 0 
77130000-9e5f0000 rw-p 00000000 00:00 0 
9e5f0000-9fae0000 rw-p 00000000 00:00 0 
9fae0000-b3540000 rw-p 00000000 00:00 0 
b3540000-b3549000 rw-p 00000000 00:00 0 
b3549000-b3600000 rw-p 00000000 00:00 0 
b3600000-b3840000 rwxp 00000000 00:00 0 
b3840000-b66dd000 rw-p 00000000 00:00 0 
b66dd000-b6700000 ---p 00000000 00:00 0 
b6700000-b6703000 r--s 00031000 08:05 3416587    /usr/lib/jvm/java-6-openjdk-common/jre/lib/ext/sunjce_provider.jar
b6703000-b6736000 rw-p 00000000 00:00 0 
b6736000-b6741000 r-xp 00000000 08:05 10756485   /lib/i386-linux-gnu/libnss_files-2.15.so
b6741000-b6742000 r--p 0000a000 08:05 10756485   /lib/i386-linux-gnu/libnss_files-2.15.so
b6742000-b6743000 rw-p 0000b000 08:05 10756485   /lib/i386-linux-gnu/libnss_files-2.15.so
b6743000-b674d000 r-xp 00000000 08:05 10756489   /lib/i386-linux-gnu/libnss_nis-2.15.so
b674d000-b674e000 r--p 00009000 08:05 10756489   /lib/i386-linux-gnu/libnss_nis-2.15.so
b674e000-b674f000 rw-p 0000a000 08:05 10756489   /lib/i386-linux-gnu/libnss_nis-2.15.so
b674f000-b6765000 r-xp 00000000 08:05 10756501   /lib/i386-linux-gnu/libnsl-2.15.so
b6765000-b6766000 r--p 00015000 08:05 10756501   /lib/i386-linux-gnu/libnsl-2.15.so
b6766000-b6767000 rw-p 00016000 08:05 10756501   /lib/i386-linux-gnu/libnsl-2.15.so
b6767000-b6769000 rw-p 00000000 00:00 0 
b6769000-b6770000 r-xp 00000000 08:05 10756483   /lib/i386-linux-gnu/libnss_compat-2.15.so
b6770000-b6771000 r--p 00006000 08:05 10756483   /lib/i386-linux-gnu/libnss_compat-2.15.so
b6771000-b6772000 rw-p 00007000 08:05 10756483   /lib/i386-linux-gnu/libnss_compat-2.15.so
b6774000-b6778000 r--s 00039000 08:05 3410657    /usr/lib/jvm/java-6-openjdk-common/jre/lib/ext/sunpkcs11.jar
b6778000-b677f000 r-xp 00000000 08:05 6163400    /usr/lib/jvm/java-6-openjdk-i386/jre/lib/i386/libzip.so
b677f000-b6780000 r--p 00006000 08:05 6163400    /usr/lib/jvm/java-6-openjdk-i386/jre/lib/i386/libzip.so
b6780000-b6781000 rw-p 00007000 08:05 6163400    /usr/lib/jvm/java-6-openjdk-i386/jre/lib/i386/libzip.so
b6781000-b6789000 rw-s 00000000 08:05 4590735    /tmp/hsperfdata_baptiste/7095
b6789000-b67af000 r-xp 00000000 08:05 6163394    /usr/lib/jvm/java-6-openjdk-i386/jre/lib/i386/libjava.so
b67af000-b67b0000 r--p 00025000 08:05 6163394    /usr/lib/jvm/java-6-openjdk-i386/jre/lib/i386/libjava.so
b67b0000-b67b2000 rw-p 00026000 08:05 6163394    /usr/lib/jvm/java-6-openjdk-i386/jre/lib/i386/libjava.so
b67b2000-b67b9000 r-xp 00000000 08:05 10756488   /lib/i386-linux-gnu/librt-2.15.so
b67b9000-b67ba000 r--p 00006000 08:05 10756488   /lib/i386-linux-gnu/librt-2.15.so
b67ba000-b67bb000 rw-p 00007000 08:05 10756488   /lib/i386-linux-gnu/librt-2.15.so
b67bb000-b67be000 ---p 00000000 00:00 0 
b67be000-b680c000 rw-p 00000000 00:00 0 
b680c000-b6828000 r-xp 00000000 08:05 10748852   /lib/i386-linux-gnu/libgcc_s.so.1
b6828000-b6829000 r--p 0001b000 08:05 10748852   /lib/i386-linux-gnu/libgcc_s.so.1
b6829000-b682a000 rw-p 0001c000 08:05 10748852   /lib/i386-linux-gnu/libgcc_s.so.1
b682a000-b6854000 r-xp 00000000 08:05 10756492   /lib/i386-linux-gnu/libm-2.15.so
b6854000-b6855000 r--p 00029000 08:05 10756492   /lib/i386-linux-gnu/libm-2.15.so
b6855000-b6856000 rw-p 0002a000 08:05 10756492   /lib/i386-linux-gnu/libm-2.15.so
b6856000-b692e000 r-xp 00000000 08:05 3150797    /usr/lib/i386-linux-gnu/libstdc++.so.6.0.16
b692e000-b692f000 ---p 000d8000 08:05 3150797    /usr/lib/i386-linux-gnu/libstdc++.so.6.0.16
b692f000-b6933000 r--p 000d8000 08:05 3150797    /usr/lib/i386-linux-gnu/libstdc++.so.6.0.16
b6933000-b6934000 rw-p 000dc000 08:05 3150797    /usr/lib/i386-linux-gnu/libstdc++.so.6.0.16
b6934000-b693b000 rw-p 00000000 00:00 0 
b693b000-b715a000 r-xp 00000000 08:05 6164685    /usr/lib/jvm/java-6-openjdk-i386/jre/lib/i386/server/libjvm.so
b715a000-b719f000 r--p 0081f000 08:05 6164685    /usr/lib/jvm/java-6-openjdk-i386/jre/lib/i386/server/libjvm.so
b719f000-b71ae000 rw-p 00864000 08:05 6164685    /usr/lib/jvm/java-6-openjdk-i386/jre/lib/i386/server/libjvm.so
b71ae000-b75ca000 rw-p 00000000 00:00 0 
b75ca000-b75de000 r-xp 00000000 08:05 10748942   /lib/i386-linux-gnu/libz.so.1.2.3.4
b75de000-b75df000 r--p 00013000 08:05 10748942   /lib/i386-linux-gnu/libz.so.1.2.3.4
b75df000-b75e0000 rw-p 00014000 08:05 10748942   /lib/i386-linux-gnu/libz.so.1.2.3.4
b75e0000-b7783000 r-xp 00000000 08:05 10756481   /lib/i386-linux-gnu/libc-2.15.so
b7783000-b7785000 r--p 001a3000 08:05 10756481   /lib/i386-linux-gnu/libc-2.15.so
b7785000-b7786000 rw-p 001a5000 08:05 10756481   /lib/i386-linux-gnu/libc-2.15.so
b7786000-b7789000 rw-p 00000000 00:00 0 
b7789000-b778c000 r-xp 00000000 08:05 10756496   /lib/i386-linux-gnu/libdl-2.15.so
b778c000-b778d000 r--p 00002000 08:05 10756496   /lib/i386-linux-gnu/libdl-2.15.so
b778d000-b778e000 rw-p 00003000 08:05 10756496   /lib/i386-linux-gnu/libdl-2.15.so
b778e000-b7792000 r-xp 00000000 08:05 6163403    /usr/lib/jvm/java-6-openjdk-i386/jre/lib/i386/jli/libjli.so
b7792000-b7793000 r--p 00003000 08:05 6163403    /usr/lib/jvm/java-6-openjdk-i386/jre/lib/i386/jli/libjli.so
b7793000-b7794000 rw-p 00004000 08:05 6163403    /usr/lib/jvm/java-6-openjdk-i386/jre/lib/i386/jli/libjli.so
b7794000-b7795000 rw-p 00000000 00:00 0 
b7795000-b77ac000 r-xp 00000000 08:05 10756490   /lib/i386-linux-gnu/libpthread-2.15.so
b77ac000-b77ad000 r--p 00016000 08:05 10756490   /lib/i386-linux-gnu/libpthread-2.15.so
b77ad000-b77ae000 rw-p 00017000 08:05 10756490   /lib/i386-linux-gnu/libpthread-2.15.so
b77ae000-b77b0000 rw-p 00000000 00:00 0 
b77b1000-b77b3000 r--s 0000f000 08:05 3416589    /usr/lib/jvm/java-6-openjdk-common/jre/lib/ext/pulse-java.jar
b77b3000-b77b4000 r--s 00007000 08:05 3415217    /usr/share/java/java-atk-wrapper.jar
b77b4000-b77b6000 r--s 00001000 08:05 3416588    /usr/lib/jvm/java-6-openjdk-common/jre/lib/ext/dnsns.jar
b77b6000-b77b7000 r--p 00858000 08:05 3152888    /usr/lib/locale/locale-archive
b77b7000-b77b8000 rw-p 00000000 00:00 0 
b77b8000-b77b9000 r--p 00000000 00:00 0 
b77b9000-b77c4000 r-xp 00000000 08:05 6167144    /usr/lib/jvm/java-6-openjdk-i386/jre/lib/i386/libverify.so
b77c4000-b77c5000 ---p 0000b000 08:05 6167144    /usr/lib/jvm/java-6-openjdk-i386/jre/lib/i386/libverify.so
b77c5000-b77c6000 r--p 0000b000 08:05 6167144    /usr/lib/jvm/java-6-openjdk-i386/jre/lib/i386/libverify.so
b77c6000-b77c7000 rw-p 0000c000 08:05 6167144    /usr/lib/jvm/java-6-openjdk-i386/jre/lib/i386/libverify.so
b77c7000-b77c9000 rw-p 00000000 00:00 0 
b77c9000-b77ca000 r-xp 00000000 00:00 0          [vdso]
b77ca000-b77ea000 r-xp 00000000 08:05 10756493   /lib/i386-linux-gnu/ld-2.15.so
b77ea000-b77eb000 r--p 0001f000 08:05 10756493   /lib/i386-linux-gnu/ld-2.15.so
b77eb000-b77ec000 rw-p 00020000 08:05 10756493   /lib/i386-linux-gnu/ld-2.15.so
bff64000-bff85000 rw-p 00000000 00:00 0          [stack]

VM Arguments:
jvm_args: -Djava.library.path=. 
java_command: test
Launcher Type: SUN_STANDARD

Environment Variables:
PATH=/home/baptiste/local/bin:/usr/lib/lightdm/lightdm:/usr/local/sbin:/usr/local/bin:/usr/sbin:/usr/bin:/sbin:/bin:/usr/games
LD_LIBRARY_PATH=/usr/lib/jvm/java-6-openjdk-i386/jre/lib/i386/server:/usr/lib/jvm/java-6-openjdk-i386/jre/lib/i386:/usr/lib/jvm/java-6-openjdk-i386/jre/../lib/i386:.
SHELL=/bin/bash
DISPLAY=:0.0

Signal Handlers:
SIGSEGV: [libjvm.so+0x66b2b0], sa_mask[0]=0x7ffbfeff, sa_flags=0x10000004
SIGBUS: [libjvm.so+0x66b2b0], sa_mask[0]=0x7ffbfeff, sa_flags=0x10000004
SIGFPE: [libjvm.so+0x52e950], sa_mask[0]=0x7ffbfeff, sa_flags=0x10000004
SIGPIPE: [libjvm.so+0x52e950], sa_mask[0]=0x7ffbfeff, sa_flags=0x10000004
SIGXFSZ: [libjvm.so+0x52e950], sa_mask[0]=0x7ffbfeff, sa_flags=0x10000004
SIGILL: [libjvm.so+0x52e950], sa_mask[0]=0x7ffbfeff, sa_flags=0x10000004
SIGUSR1: SIG_DFL, sa_mask[0]=0x00000000, sa_flags=0x00000000
SIGUSR2: [libjvm.so+0x52e7e0], sa_mask[0]=0x00000000, sa_flags=0x10000004
SIGHUP: [libjvm.so+0x531770], sa_mask[0]=0x7ffbfeff, sa_flags=0x10000004
SIGINT: [libjvm.so+0x531770], sa_mask[0]=0x7ffbfeff, sa_flags=0x10000004
SIGTERM: [libjvm.so+0x531770], sa_mask[0]=0x7ffbfeff, sa_flags=0x10000004
SIGQUIT: [libjvm.so+0x531770], sa_mask[0]=0x7ffbfeff, sa_flags=0x10000004


---------------  S Y S T E M  ---------------

OS:Ubuntu 12.04 (precise)
uname:Linux 3.2.0-48-generic-pae #74-Ubuntu SMP Thu Jun 6 20:05:01 UTC 2013 i686
libc:glibc 2.15 NPTL 2.15 
rlimit: STACK 8192k, CORE 0k, NPROC 32049, NOFILE 4096, AS infinity
load average:2.31 2.41 2.15

/proc/meminfo:
MemTotal:        4116908 kB
MemFree:         2654872 kB
Buffers:          124696 kB
Cached:           713180 kB
SwapCached:            0 kB
Active:           896728 kB
Inactive:         474256 kB
Active(anon):     534060 kB
Inactive(anon):    19644 kB
Active(file):     362668 kB
Inactive(file):   454612 kB
Unevictable:          20 kB
Mlocked:              20 kB
HighTotal:       3276048 kB
HighFree:        2006784 kB
LowTotal:         840860 kB
LowFree:          648088 kB
SwapTotal:       3145724 kB
SwapFree:        3145724 kB
Dirty:                96 kB
Writeback:             0 kB
AnonPages:        533076 kB
Mapped:           161288 kB
Shmem:             20600 kB
Slab:              46808 kB
SReclaimable:      30824 kB
SUnreclaim:        15984 kB
KernelStack:        2984 kB
PageTables:         8344 kB
NFS_Unstable:          0 kB
Bounce:                0 kB
WritebackTmp:          0 kB
CommitLimit:     5204176 kB
Committed_AS:    2523248 kB
VmallocTotal:     122880 kB
VmallocUsed:       49960 kB
VmallocChunk:      63876 kB
HardwareCorrupted:     0 kB
AnonHugePages:         0 kB
HugePages_Total:       0
HugePages_Free:        0
HugePages_Rsvd:        0
HugePages_Surp:        0
Hugepagesize:       2048 kB
DirectMap4k:       53240 kB
DirectMap2M:      860160 kB


CPU:total 2 (2 cores per cpu, 1 threads per core) family 6 model 23 stepping 6, cmov, cx8, fxsr, mmx, sse, sse2, sse3, ssse3, sse4.1

Memory: 4k page, physical 4116908k(2654872k free), swap 3145724k(3145724k free)

vm_info: OpenJDK Server VM (20.0-b12) for linux-x86 JRE (1.6.0_27-b27), built on Apr 25 2013 14:59:06 by "buildd" with gcc 4.6.3

time: Sat Jun 29 16:30:53 2013
elapsed time: 0 seconds

