#
# A fatal error has been detected by the Java Runtime Environment:
#
#  SIGSEGV (0xb) at pc=0xb6c3249e, pid=12764, tid=3061132096
#
# JRE version: 6.0_27-b27
# Java VM: OpenJDK Server VM (20.0-b12 mixed mode linux-x86 )
# Derivative: IcedTea6 1.12.5
# Distribution: Ubuntu 12.04 LTS, package 6b27-1.12.5-0ubuntu0.12.04.1
# Problematic frame:
# V  [libjvm.so+0x3b049e]  jni_CallStaticObjectMethod+0x7e
#
# If you would like to submit a bug report, please include
# instructions how to reproduce the bug and visit:
#   https://bugs.launchpad.net/ubuntu/+source/openjdk-6/
#

---------------  T H R E A D  ---------------

Current thread (0xb6605400):  JavaThread "main" [_thread_in_vm, id=12765, stack(0xb6702000,0xb6753000)]

siginfo:si_signo=SIGSEGV: si_errno=0, si_code=1 (SEGV_MAPERR), si_addr=0x00000000

Registers:
EAX=0xb6605400, EBX=0xb70e5ff4, ECX=0xb76fe000, EDX=0xb6605400
ESP=0xb6751f50, EBP=0x00000000, ESI=0xb6605400, EDI=0xb6751fa8
EIP=0xb6c3249e, EFLAGS=0x00210286, CR2=0x00000000

Top of Stack: (sp=0xb6751f50)
0xb6751f50:   b6751f8c b6605400 6c2300dd 01000000
0xb6751f60:   b6605400 b6752018 8082d3a2 b6c3bf3a
0xb6751f70:   00000000 b6752018 00000000 b6c196c8
0xb6751f80:   b70e5ff4 b70e5ff4 b6751fb8 b6605400
0xb6751f90:   b6605a68 00000504 b6f2d76c 6b7c2ed0
0xb6751fa0:   6b7c2edf 6b83d976 b6605400 b6605400
0xb6751fb0:   6b84cbf0 6b84cc20 b6605400 6c895ba8
0xb6751fc0:   6c895ba8 b6605400 b6752018 6c22fed4 

Instructions: (pc=0xb6c3249e)
0xb6c3247e:   89 74 24 5c 89 74 24 3c c7 44 24 40 00 00 00 00
0xb6c3248e:   85 c0 74 0c 8d 44 24 3c 89 04 24 e8 52 29 1c 00
0xb6c3249e:   8b 45 00 c7 44 24 4c 0c 00 00 00 8d 94 24 8c 00
0xb6c324ae:   00 00 8b 48 08 8b 40 0c 66 8b 49 2a 81 e1 ff ff 

Register to memory mapping:

EAX=0xb6605400 is a thread
EBX=0xb70e5ff4: <offset 0x863ff4> in /usr/lib/jvm/java-6-openjdk-i386/jre/lib/i386/server/libjvm.so at 0xb6882000
ECX=0xb76fe000 is an unknown value
EDX=0xb6605400 is a thread
ESP=0xb6751f50 is pointing into the stack for thread: 0xb6605400
EBP=0x00000000 is an unknown value
ESI=0xb6605400 is a thread
EDI=0xb6751fa8 is pointing into the stack for thread: 0xb6605400


Stack: [0xb6702000,0xb6753000],  sp=0xb6751f50,  free space=319k
Native frames: (J=compiled Java code, j=interpreted, Vv=VM code, C=native code)
V  [libjvm.so+0x3b049e]  jni_CallStaticObjectMethod+0x7e

[error occurred during error reporting (printing native stack), id 0xb]

Java frames: (J=compiled Java code, j=interpreted, Vv=VM code)
j  ArcanaJNI.ktb_init()LArcanaJNI$ktb_errno;+0
j  test.main([Ljava/lang/String;)V+9
v  ~StubRoutines::call_stub

---------------  P R O C E S S  ---------------

Java Threads: ( => current thread )
  0xb66a4000 JavaThread "Low Memory Detector" daemon [_thread_blocked, id=12774, stack(0x6b8f7000,0x6b948000)]
  0xb66a2400 JavaThread "C2 CompilerThread1" daemon [_thread_blocked, id=12773, stack(0x6b948000,0x6b9c9000)]
  0xb66a0400 JavaThread "C2 CompilerThread0" daemon [_thread_blocked, id=12772, stack(0x6b9c9000,0x6ba4a000)]
  0xb669ec00 JavaThread "Signal Dispatcher" daemon [_thread_blocked, id=12771, stack(0x6c02e000,0x6c07f000)]
  0xb668f400 JavaThread "Finalizer" daemon [_thread_blocked, id=12770, stack(0x6bc4a000,0x6bc9b000)]
  0xb668dc00 JavaThread "Reference Handler" daemon [_thread_blocked, id=12769, stack(0x6bc9b000,0x6bcec000)]
=>0xb6605400 JavaThread "main" [_thread_in_vm, id=12765, stack(0xb6702000,0xb6753000)]

Other Threads:
  0xb668ac00 VMThread [stack: 0x6bcec000,0x6bd6d000] [id=12768]
  0xb66a5c00 WatcherThread [stack: 0x6b876000,0x6b8f7000] [id=12775]

VM state:not at safepoint (normal execution)

VM Mutex/Monitor currently owned by a thread: None

Heap
 PSYoungGen      total 18816K, used 323K [0x9e560000, 0x9fa50000, 0xb34b0000)
  eden space 16192K, 2% used [0x9e560000,0x9e5b0f70,0x9f530000)
  from space 2624K, 0% used [0x9f7c0000,0x9f7c0000,0x9fa50000)
  to   space 2624K, 0% used [0x9f530000,0x9f530000,0x9f7c0000)
 PSOldGen        total 42944K, used 0K [0x746b0000, 0x770a0000, 0x9e560000)
  object space 42944K, 0% used [0x746b0000,0x746b0000,0x770a0000)
 PSPermGen       total 16384K, used 1961K [0x6c6b0000, 0x6d6b0000, 0x746b0000)
  object space 16384K, 11% used [0x6c6b0000,0x6c89a670,0x6d6b0000)

Code Cache  [0xb357b000, 0xb37bb000, 0xb657b000)
 total_blobs=101 nmethods=0 adapters=69 free_code_cache=50034880 largest_free_block=0

Dynamic libraries:
08048000-08051000 r-xp 00000000 08:05 6034637    /usr/lib/jvm/java-6-openjdk-i386/jre/bin/java
08051000-08052000 r--p 00008000 08:05 6034637    /usr/lib/jvm/java-6-openjdk-i386/jre/bin/java
08052000-08053000 rw-p 00009000 08:05 6034637    /usr/lib/jvm/java-6-openjdk-i386/jre/bin/java
08055000-08076000 rw-p 00000000 00:00 0          [heap]
6b5ff000-6b7ba000 rw-p 00000000 00:00 0 
6b7ba000-6b831000 r-xp 00000000 08:05 3150504    /usr/lib/i386-linux-gnu/libgmp.so.10.0.2
6b831000-6b832000 r--p 00076000 08:05 3150504    /usr/lib/i386-linux-gnu/libgmp.so.10.0.2
6b832000-6b839000 rw-p 00077000 08:05 3150504    /usr/lib/i386-linux-gnu/libgmp.so.10.0.2
6b839000-6b873000 r-xp 00000000 08:05 12984509   /home/baptiste/git/ParserJNI/JNA/Java/libktb.so
6b873000-6b874000 r--p 0003a000 08:05 12984509   /home/baptiste/git/ParserJNI/JNA/Java/libktb.so
6b874000-6b875000 rw-p 0003b000 08:05 12984509   /home/baptiste/git/ParserJNI/JNA/Java/libktb.so
6b875000-6b876000 rw-p 00000000 00:00 0 
6b876000-6b877000 ---p 00000000 00:00 0 
6b877000-6b8f7000 rw-p 00000000 00:00 0 
6b8f7000-6b8fa000 ---p 00000000 00:00 0 
6b8fa000-6b948000 rw-p 00000000 00:00 0 
6b948000-6b94b000 ---p 00000000 00:00 0 
6b94b000-6b9c9000 rw-p 00000000 00:00 0 
6b9c9000-6b9cc000 ---p 00000000 00:00 0 
6b9cc000-6ba4a000 rw-p 00000000 00:00 0 
6ba4a000-6bc4a000 r--p 00000000 08:05 3152888    /usr/lib/locale/locale-archive
6bc4a000-6bc4d000 ---p 00000000 00:00 0 
6bc4d000-6bc9b000 rw-p 00000000 00:00 0 
6bc9b000-6bc9e000 ---p 00000000 00:00 0 
6bc9e000-6bcec000 rw-p 00000000 00:00 0 
6bcec000-6bced000 ---p 00000000 00:00 0 
6bced000-6bd6d000 rw-p 00000000 00:00 0 
6bd6d000-6bf00000 r--s 037db000 08:05 6167155    /usr/lib/jvm/java-6-openjdk-i386/jre/lib/rt.jar
6bf00000-6bf21000 rw-p 00000000 00:00 0 
6bf21000-6c000000 ---p 00000000 00:00 0 
6c02e000-6c031000 ---p 00000000 00:00 0 
6c031000-6c07f000 rw-p 00000000 00:00 0 
6c07f000-6c080000 ---p 00000000 00:00 0 
6c080000-6c100000 rw-p 00000000 00:00 0 
6c100000-6c121000 rw-p 00000000 00:00 0 
6c121000-6c200000 ---p 00000000 00:00 0 
6c227000-6c232000 r-xp 00000000 08:05 12976367   /home/baptiste/git/ParserJNI/JNA/Java/libarcanaJNI.so
6c232000-6c233000 r--p 0000a000 08:05 12976367   /home/baptiste/git/ParserJNI/JNA/Java/libarcanaJNI.so
6c233000-6c234000 rw-p 0000b000 08:05 12976367   /home/baptiste/git/ParserJNI/JNA/Java/libarcanaJNI.so
6c234000-6c267000 rw-p 00000000 00:00 0 
6c267000-6c268000 ---p 00000000 00:00 0 
6c268000-6c2f0000 rw-p 00000000 00:00 0 
6c2f0000-6c328000 rw-p 00000000 00:00 0 
6c328000-6c33d000 rw-p 00000000 00:00 0 
6c33d000-6c478000 rw-p 00000000 00:00 0 
6c478000-6c480000 rw-p 00000000 00:00 0 
6c480000-6c4b8000 rw-p 00000000 00:00 0 
6c4b8000-6c4cd000 rw-p 00000000 00:00 0 
6c4cd000-6c607000 rw-p 00000000 00:00 0 
6c607000-6c612000 rw-p 00000000 00:00 0 
6c612000-6c6af000 rw-p 00000000 00:00 0 
6c6af000-6d6b0000 rw-p 00000000 00:00 0 
6d6b0000-746b0000 rw-p 00000000 00:00 0 
746b0000-770a0000 rw-p 00000000 00:00 0 
770a0000-9e560000 rw-p 00000000 00:00 0 
9e560000-9fa50000 rw-p 00000000 00:00 0 
9fa50000-b34b0000 rw-p 00000000 00:00 0 
b34b5000-b34b8000 r--s 00077000 08:05 3411556    /usr/lib/jvm/java-6-openjdk-common/jre/lib/ext/localedata.jar
b34b8000-b34bb000 r--s 00031000 08:05 3416587    /usr/lib/jvm/java-6-openjdk-common/jre/lib/ext/sunjce_provider.jar
b34bb000-b34c4000 rw-p 00000000 00:00 0 
b34c4000-b357b000 rw-p 00000000 00:00 0 
b357b000-b37bb000 rwxp 00000000 00:00 0 
b37bb000-b657b000 rw-p 00000000 00:00 0 
b657b000-b6586000 r-xp 00000000 08:05 10756485   /lib/i386-linux-gnu/libnss_files-2.15.so
b6586000-b6587000 r--p 0000a000 08:05 10756485   /lib/i386-linux-gnu/libnss_files-2.15.so
b6587000-b6588000 rw-p 0000b000 08:05 10756485   /lib/i386-linux-gnu/libnss_files-2.15.so
b6588000-b6592000 r-xp 00000000 08:05 10756489   /lib/i386-linux-gnu/libnss_nis-2.15.so
b6592000-b6593000 r--p 00009000 08:05 10756489   /lib/i386-linux-gnu/libnss_nis-2.15.so
b6593000-b6594000 rw-p 0000a000 08:05 10756489   /lib/i386-linux-gnu/libnss_nis-2.15.so
b6594000-b65aa000 r-xp 00000000 08:05 10756501   /lib/i386-linux-gnu/libnsl-2.15.so
b65aa000-b65ab000 r--p 00015000 08:05 10756501   /lib/i386-linux-gnu/libnsl-2.15.so
b65ab000-b65ac000 rw-p 00016000 08:05 10756501   /lib/i386-linux-gnu/libnsl-2.15.so
b65ac000-b65ae000 rw-p 00000000 00:00 0 
b65ae000-b65b5000 r-xp 00000000 08:05 10756483   /lib/i386-linux-gnu/libnss_compat-2.15.so
b65b5000-b65b6000 r--p 00006000 08:05 10756483   /lib/i386-linux-gnu/libnss_compat-2.15.so
b65b6000-b65b7000 rw-p 00007000 08:05 10756483   /lib/i386-linux-gnu/libnss_compat-2.15.so
b65b9000-b65bd000 r--s 00039000 08:05 3410657    /usr/lib/jvm/java-6-openjdk-common/jre/lib/ext/sunpkcs11.jar
b65bd000-b65c4000 r-xp 00000000 08:05 6163400    /usr/lib/jvm/java-6-openjdk-i386/jre/lib/i386/libzip.so
b65c4000-b65c5000 r--p 00006000 08:05 6163400    /usr/lib/jvm/java-6-openjdk-i386/jre/lib/i386/libzip.so
b65c5000-b65c6000 rw-p 00007000 08:05 6163400    /usr/lib/jvm/java-6-openjdk-i386/jre/lib/i386/libzip.so
b65c6000-b65ce000 rw-s 00000000 08:05 4594912    /tmp/hsperfdata_baptiste/12764
b65ce000-b65f4000 r-xp 00000000 08:05 6163394    /usr/lib/jvm/java-6-openjdk-i386/jre/lib/i386/libjava.so
b65f4000-b65f5000 r--p 00025000 08:05 6163394    /usr/lib/jvm/java-6-openjdk-i386/jre/lib/i386/libjava.so
b65f5000-b65f7000 rw-p 00026000 08:05 6163394    /usr/lib/jvm/java-6-openjdk-i386/jre/lib/i386/libjava.so
b65f7000-b65fe000 r-xp 00000000 08:05 10756488   /lib/i386-linux-gnu/librt-2.15.so
b65fe000-b65ff000 r--p 00006000 08:05 10756488   /lib/i386-linux-gnu/librt-2.15.so
b65ff000-b6600000 rw-p 00007000 08:05 10756488   /lib/i386-linux-gnu/librt-2.15.so
b6600000-b66dd000 rw-p 00000000 00:00 0 
b66dd000-b6700000 ---p 00000000 00:00 0 
b6702000-b6705000 ---p 00000000 00:00 0 
b6705000-b6753000 rw-p 00000000 00:00 0 
b6753000-b676f000 r-xp 00000000 08:05 10748852   /lib/i386-linux-gnu/libgcc_s.so.1
b676f000-b6770000 r--p 0001b000 08:05 10748852   /lib/i386-linux-gnu/libgcc_s.so.1
b6770000-b6771000 rw-p 0001c000 08:05 10748852   /lib/i386-linux-gnu/libgcc_s.so.1
b6771000-b679b000 r-xp 00000000 08:05 10756492   /lib/i386-linux-gnu/libm-2.15.so
b679b000-b679c000 r--p 00029000 08:05 10756492   /lib/i386-linux-gnu/libm-2.15.so
b679c000-b679d000 rw-p 0002a000 08:05 10756492   /lib/i386-linux-gnu/libm-2.15.so
b679d000-b6875000 r-xp 00000000 08:05 3150797    /usr/lib/i386-linux-gnu/libstdc++.so.6.0.16
b6875000-b6876000 ---p 000d8000 08:05 3150797    /usr/lib/i386-linux-gnu/libstdc++.so.6.0.16
b6876000-b687a000 r--p 000d8000 08:05 3150797    /usr/lib/i386-linux-gnu/libstdc++.so.6.0.16
b687a000-b687b000 rw-p 000dc000 08:05 3150797    /usr/lib/i386-linux-gnu/libstdc++.so.6.0.16
b687b000-b6882000 rw-p 00000000 00:00 0 
b6882000-b70a1000 r-xp 00000000 08:05 6164685    /usr/lib/jvm/java-6-openjdk-i386/jre/lib/i386/server/libjvm.so
b70a1000-b70e6000 r--p 0081f000 08:05 6164685    /usr/lib/jvm/java-6-openjdk-i386/jre/lib/i386/server/libjvm.so
b70e6000-b70f5000 rw-p 00864000 08:05 6164685    /usr/lib/jvm/java-6-openjdk-i386/jre/lib/i386/server/libjvm.so
b70f5000-b7511000 rw-p 00000000 00:00 0 
b7511000-b7525000 r-xp 00000000 08:05 10748942   /lib/i386-linux-gnu/libz.so.1.2.3.4
b7525000-b7526000 r--p 00013000 08:05 10748942   /lib/i386-linux-gnu/libz.so.1.2.3.4
b7526000-b7527000 rw-p 00014000 08:05 10748942   /lib/i386-linux-gnu/libz.so.1.2.3.4
b7527000-b76ca000 r-xp 00000000 08:05 10756481   /lib/i386-linux-gnu/libc-2.15.so
b76ca000-b76cc000 r--p 001a3000 08:05 10756481   /lib/i386-linux-gnu/libc-2.15.so
b76cc000-b76cd000 rw-p 001a5000 08:05 10756481   /lib/i386-linux-gnu/libc-2.15.so
b76cd000-b76d0000 rw-p 00000000 00:00 0 
b76d0000-b76d3000 r-xp 00000000 08:05 10756496   /lib/i386-linux-gnu/libdl-2.15.so
b76d3000-b76d4000 r--p 00002000 08:05 10756496   /lib/i386-linux-gnu/libdl-2.15.so
b76d4000-b76d5000 rw-p 00003000 08:05 10756496   /lib/i386-linux-gnu/libdl-2.15.so
b76d5000-b76d9000 r-xp 00000000 08:05 6163403    /usr/lib/jvm/java-6-openjdk-i386/jre/lib/i386/jli/libjli.so
b76d9000-b76da000 r--p 00003000 08:05 6163403    /usr/lib/jvm/java-6-openjdk-i386/jre/lib/i386/jli/libjli.so
b76da000-b76db000 rw-p 00004000 08:05 6163403    /usr/lib/jvm/java-6-openjdk-i386/jre/lib/i386/jli/libjli.so
b76db000-b76dc000 rw-p 00000000 00:00 0 
b76dc000-b76f3000 r-xp 00000000 08:05 10756490   /lib/i386-linux-gnu/libpthread-2.15.so
b76f3000-b76f4000 r--p 00016000 08:05 10756490   /lib/i386-linux-gnu/libpthread-2.15.so
b76f4000-b76f5000 rw-p 00017000 08:05 10756490   /lib/i386-linux-gnu/libpthread-2.15.so
b76f5000-b76f8000 rw-p 00000000 00:00 0 
b76f8000-b76fa000 r--s 0000f000 08:05 3416589    /usr/lib/jvm/java-6-openjdk-common/jre/lib/ext/pulse-java.jar
b76fa000-b76fb000 r--s 00007000 08:05 3415217    /usr/share/java/java-atk-wrapper.jar
b76fb000-b76fd000 r--s 00001000 08:05 3416588    /usr/lib/jvm/java-6-openjdk-common/jre/lib/ext/dnsns.jar
b76fd000-b76fe000 r--p 00858000 08:05 3152888    /usr/lib/locale/locale-archive
b76fe000-b76ff000 rw-p 00000000 00:00 0 
b76ff000-b7700000 r--p 00000000 00:00 0 
b7700000-b770b000 r-xp 00000000 08:05 6167144    /usr/lib/jvm/java-6-openjdk-i386/jre/lib/i386/libverify.so
b770b000-b770c000 ---p 0000b000 08:05 6167144    /usr/lib/jvm/java-6-openjdk-i386/jre/lib/i386/libverify.so
b770c000-b770d000 r--p 0000b000 08:05 6167144    /usr/lib/jvm/java-6-openjdk-i386/jre/lib/i386/libverify.so
b770d000-b770e000 rw-p 0000c000 08:05 6167144    /usr/lib/jvm/java-6-openjdk-i386/jre/lib/i386/libverify.so
b770e000-b7710000 rw-p 00000000 00:00 0 
b7710000-b7711000 r-xp 00000000 00:00 0          [vdso]
b7711000-b7731000 r-xp 00000000 08:05 10756493   /lib/i386-linux-gnu/ld-2.15.so
b7731000-b7732000 r--p 0001f000 08:05 10756493   /lib/i386-linux-gnu/ld-2.15.so
b7732000-b7733000 rw-p 00020000 08:05 10756493   /lib/i386-linux-gnu/ld-2.15.so
bf906000-bf927000 rw-p 00000000 00:00 0          [stack]

VM Arguments:
jvm_args: -Djava.library.path=. 
java_command: test
Launcher Type: SUN_STANDARD

Environment Variables:
PATH=/home/baptiste/local/bin:/usr/lib/lightdm/lightdm:/usr/local/sbin:/usr/local/bin:/usr/sbin:/usr/bin:/sbin:/bin:/usr/games
LD_LIBRARY_PATH=/usr/lib/jvm/java-6-openjdk-i386/jre/lib/i386/server:/usr/lib/jvm/java-6-openjdk-i386/jre/lib/i386:/usr/lib/jvm/java-6-openjdk-i386/jre/../lib/i386:.
SHELL=/bin/bash
DISPLAY=:0.0

Signal Handlers:
SIGSEGV: [libjvm.so+0x66b2b0], sa_mask[0]=0x7ffbfeff, sa_flags=0x10000004
SIGBUS: [libjvm.so+0x66b2b0], sa_mask[0]=0x7ffbfeff, sa_flags=0x10000004
SIGFPE: [libjvm.so+0x52e950], sa_mask[0]=0x7ffbfeff, sa_flags=0x10000004
SIGPIPE: [libjvm.so+0x52e950], sa_mask[0]=0x7ffbfeff, sa_flags=0x10000004
SIGXFSZ: [libjvm.so+0x52e950], sa_mask[0]=0x7ffbfeff, sa_flags=0x10000004
SIGILL: [libjvm.so+0x52e950], sa_mask[0]=0x7ffbfeff, sa_flags=0x10000004
SIGUSR1: SIG_DFL, sa_mask[0]=0x00000000, sa_flags=0x00000000
SIGUSR2: [libjvm.so+0x52e7e0], sa_mask[0]=0x00000000, sa_flags=0x10000004
SIGHUP: [libjvm.so+0x531770], sa_mask[0]=0x7ffbfeff, sa_flags=0x10000004
SIGINT: [libjvm.so+0x531770], sa_mask[0]=0x7ffbfeff, sa_flags=0x10000004
SIGTERM: [libjvm.so+0x531770], sa_mask[0]=0x7ffbfeff, sa_flags=0x10000004
SIGQUIT: [libjvm.so+0x531770], sa_mask[0]=0x7ffbfeff, sa_flags=0x10000004


---------------  S Y S T E M  ---------------

OS:Ubuntu 12.04 (precise)
uname:Linux 3.2.0-48-generic-pae #74-Ubuntu SMP Thu Jun 6 20:05:01 UTC 2013 i686
libc:glibc 2.15 NPTL 2.15 
rlimit: STACK 8192k, CORE 0k, NPROC 32049, NOFILE 4096, AS infinity
load average:0.64 0.59 0.42

/proc/meminfo:
MemTotal:        4116908 kB
MemFree:         2088636 kB
Buffers:          135720 kB
Cached:          1035384 kB
SwapCached:            0 kB
Active:          1102796 kB
Inactive:         818132 kB
Active(anon):     750780 kB
Inactive(anon):     2292 kB
Active(file):     352016 kB
Inactive(file):   815840 kB
Unevictable:          20 kB
Mlocked:              20 kB
HighTotal:       3276048 kB
HighFree:        1466268 kB
LowTotal:         840860 kB
LowFree:          622368 kB
SwapTotal:       3145724 kB
SwapFree:        3145724 kB
Dirty:               144 kB
Writeback:             0 kB
AnonPages:        749960 kB
Mapped:           149160 kB
Shmem:              3252 kB
Slab:              57160 kB
SReclaimable:      40248 kB
SUnreclaim:        16912 kB
KernelStack:        3088 kB
PageTables:        10356 kB
NFS_Unstable:          0 kB
Bounce:                0 kB
WritebackTmp:          0 kB
CommitLimit:     5204176 kB
Committed_AS:    2857028 kB
VmallocTotal:     122880 kB
VmallocUsed:       49976 kB
VmallocChunk:      64388 kB
HardwareCorrupted:     0 kB
AnonHugePages:         0 kB
HugePages_Total:       0
HugePages_Free:        0
HugePages_Rsvd:        0
HugePages_Surp:        0
Hugepagesize:       2048 kB
DirectMap4k:       51192 kB
DirectMap2M:      862208 kB


CPU:total 2 (2 cores per cpu, 1 threads per core) family 6 model 23 stepping 6, cmov, cx8, fxsr, mmx, sse, sse2, sse3, ssse3, sse4.1

Memory: 4k page, physical 4116908k(2088636k free), swap 3145724k(3145724k free)

vm_info: OpenJDK Server VM (20.0-b12) for linux-x86 JRE (1.6.0_27-b27), built on Apr 25 2013 14:59:06 by "buildd" with gcc 4.6.3

time: Sat Jun 29 02:02:05 2013
elapsed time: 0 seconds

