#
# A fatal error has been detected by the Java Runtime Environment:
#
#  SIGSEGV (0xb) at pc=0xb6c8beb1, pid=6959, tid=3061459776
#
# JRE version: 6.0_27-b27
# Java VM: OpenJDK Server VM (20.0-b12 mixed mode linux-x86 )
# Derivative: IcedTea6 1.12.5
# Distribution: Ubuntu 12.04 LTS, package 6b27-1.12.5-0ubuntu0.12.04.1
# Problematic frame:
# V  [libjvm.so+0x3b9eb1]  ThreadInVMfromNative::ThreadInVMfromNative(JavaThread*)+0x21
#
# If you would like to submit a bug report, please include
# instructions how to reproduce the bug and visit:
#   https://bugs.launchpad.net/ubuntu/+source/openjdk-6/
# The crash happened outside the Java Virtual Machine in native code.
# See problematic frame for where to report the bug.
#

---------------  T H R E A D  ---------------

Current thread (0xb6605400):  JavaThread "main" [_thread_in_native, id=6960, stack(0xb6752000,0xb67a3000)]

siginfo:si_signo=SIGSEGV: si_errno=0, si_code=1 (SEGV_MAPERR), si_addr=0x0000015c

Registers:
EAX=0xb714d344, EBX=0xb7135ff4, ECX=0xb774e000, EDX=0xb6c84cc0
ESP=0xb67a1ef0, EBP=0xb66af620, ESI=0x00000000, EDI=0xb67a1f78
EIP=0xb6c8beb1, EFLAGS=0x00210292, CR2=0x0000015c

Top of Stack: (sp=0xb67a1ef0)
0xb67a1ef0:   b6605a78 b6605a74 6c705e38 b7735d10
0xb67a1f00:   6b8f4ff4 b7135ff4 00000000 b6c84d1b
0xb67a1f10:   b67a1f78 00000000 b67a2008 b712a5c8
0xb67a1f20:   6c8eab60 b6605400 6c029d86 00c8bf3a
0xb67a1f30:   b668bfe8 6c8eab60 b6605400 b6c8bf3a
0xb67a1f40:   b7135ff4 b7135ff4 b67a1f78 b6c696c8
0xb67a1f50:   b7135ff4 b7135ff4 b67a1f88 b6c7de3d
0xb67a1f60:   b67a1f88 00000000 b6605400 00000000 

Instructions: (pc=0xb6c8beb1)
0xb6c8be91:   53 83 ec 14 e8 00 00 00 00 5b 81 c3 5a a1 4a 00
0xb6c8bea1:   8b 44 24 20 8b 74 24 24 89 30 8b 83 8c d1 ff ff
0xb6c8beb1:   c7 86 5c 01 00 00 05 00 00 00 83 38 01 7e 10 8b
0xb6c8bec1:   83 24 e0 ff ff 80 38 00 74 35 f0 83 04 24 00 8b 

Register to memory mapping:

EAX=0xb714d344: <offset 0x87b344> in /usr/lib/jvm/java-6-openjdk-i386/jre/lib/i386/server/libjvm.so at 0xb68d2000
EBX=0xb7135ff4: <offset 0x863ff4> in /usr/lib/jvm/java-6-openjdk-i386/jre/lib/i386/server/libjvm.so at 0xb68d2000
ECX=0xb774e000 is an unknown value
EDX=0xb6c84cc0: <offset 0x3b2cc0> in /usr/lib/jvm/java-6-openjdk-i386/jre/lib/i386/server/libjvm.so at 0xb68d2000
ESP=0xb67a1ef0 is pointing into the stack for thread: 0xb6605400
EBP=0xb66af620 is an unknown value
ESI=0x00000000 is an unknown value
EDI=0xb67a1f78 is pointing into the stack for thread: 0xb6605400


Stack: [0xb6752000,0xb67a3000],  sp=0xb67a1ef0,  free space=319k
Native frames: (J=compiled Java code, j=interpreted, Vv=VM code, C=native code)
V  [libjvm.so+0x3b9eb1]  ThreadInVMfromNative::ThreadInVMfromNative(JavaThread*)+0x21
C  0xb6605520

Java frames: (J=compiled Java code, j=interpreted, Vv=VM code)
j  ArcanaJNI.ktb_sign_init(LArcanaJNI$AddressWrapper;LArcanaJNI$ktb_hash_algo_t;)LArcanaJNI$ktb_errno;+0
j  test.main([Ljava/lang/String;)V+26
v  ~StubRoutines::call_stub

---------------  P R O C E S S  ---------------

Java Threads: ( => current thread )
  0xb66a4000 JavaThread "Low Memory Detector" daemon [_thread_blocked, id=6969, stack(0x6b978000,0x6b9c9000)]
  0xb66a2400 JavaThread "C2 CompilerThread1" daemon [_thread_blocked, id=6968, stack(0x6b9c9000,0x6ba4a000)]
  0xb66a0400 JavaThread "C2 CompilerThread0" daemon [_thread_blocked, id=6967, stack(0x6ba4a000,0x6bacb000)]
  0xb669ec00 JavaThread "Signal Dispatcher" daemon [_thread_blocked, id=6966, stack(0x6bacb000,0x6bb1c000)]
  0xb668f400 JavaThread "Finalizer" daemon [_thread_blocked, id=6965, stack(0x6bd1c000,0x6bd6d000)]
  0xb668dc00 JavaThread "Reference Handler" daemon [_thread_blocked, id=6964, stack(0x6c02e000,0x6c07f000)]
=>0xb6605400 JavaThread "main" [_thread_in_native, id=6960, stack(0xb6752000,0xb67a3000)]

Other Threads:
  0xb668ac00 VMThread [stack: 0x6c07f000,0x6c100000] [id=6963]
  0xb66a6000 WatcherThread [stack: 0x6b8f7000,0x6b978000] [id=6970]

VM state:not at safepoint (normal execution)

VM Mutex/Monitor currently owned by a thread: None

Heap
 PSYoungGen      total 18816K, used 323K [0x9e5b0000, 0x9faa0000, 0xb3500000)
  eden space 16192K, 2% used [0x9e5b0000,0x9e600f70,0x9f580000)
  from space 2624K, 0% used [0x9f810000,0x9f810000,0x9faa0000)
  to   space 2624K, 0% used [0x9f580000,0x9f580000,0x9f810000)
 PSOldGen        total 42944K, used 0K [0x74700000, 0x770f0000, 0x9e5b0000)
  object space 42944K, 0% used [0x74700000,0x74700000,0x770f0000)
 PSPermGen       total 16384K, used 1968K [0x6c700000, 0x6d700000, 0x74700000)
  object space 16384K, 12% used [0x6c700000,0x6c8ec080,0x6d700000)

Code Cache  [0xb35cd000, 0xb380d000, 0xb65cd000)
 total_blobs=101 nmethods=0 adapters=69 free_code_cache=50034880 largest_free_block=0

Dynamic libraries:
08048000-08051000 r-xp 00000000 08:05 6034637    /usr/lib/jvm/java-6-openjdk-i386/jre/bin/java
08051000-08052000 r--p 00008000 08:05 6034637    /usr/lib/jvm/java-6-openjdk-i386/jre/bin/java
08052000-08053000 rw-p 00009000 08:05 6034637    /usr/lib/jvm/java-6-openjdk-i386/jre/bin/java
08986000-089a7000 rw-p 00000000 00:00 0          [heap]
6b83b000-6b8b2000 r-xp 00000000 08:05 3150504    /usr/lib/i386-linux-gnu/libgmp.so.10.0.2
6b8b2000-6b8b3000 r--p 00076000 08:05 3150504    /usr/lib/i386-linux-gnu/libgmp.so.10.0.2
6b8b3000-6b8ba000 rw-p 00077000 08:05 3150504    /usr/lib/i386-linux-gnu/libgmp.so.10.0.2
6b8ba000-6b8f4000 r-xp 00000000 08:05 12984509   /home/baptiste/git/ParserJNI/JNA/Java/libktb.so
6b8f4000-6b8f5000 r--p 0003a000 08:05 12984509   /home/baptiste/git/ParserJNI/JNA/Java/libktb.so
6b8f5000-6b8f6000 rw-p 0003b000 08:05 12984509   /home/baptiste/git/ParserJNI/JNA/Java/libktb.so
6b8f6000-6b8f7000 rw-p 00000000 00:00 0 
6b8f7000-6b8f8000 ---p 00000000 00:00 0 
6b8f8000-6b978000 rw-p 00000000 00:00 0 
6b978000-6b97b000 ---p 00000000 00:00 0 
6b97b000-6b9c9000 rw-p 00000000 00:00 0 
6b9c9000-6b9cc000 ---p 00000000 00:00 0 
6b9cc000-6ba4a000 rw-p 00000000 00:00 0 
6ba4a000-6ba4d000 ---p 00000000 00:00 0 
6ba4d000-6bacb000 rw-p 00000000 00:00 0 
6bacb000-6bace000 ---p 00000000 00:00 0 
6bace000-6bb1c000 rw-p 00000000 00:00 0 
6bb1c000-6bd1c000 r--p 00000000 08:05 3152888    /usr/lib/locale/locale-archive
6bd1c000-6bd1f000 ---p 00000000 00:00 0 
6bd1f000-6bd6d000 rw-p 00000000 00:00 0 
6bd6d000-6bf00000 r--s 037db000 08:05 6167155    /usr/lib/jvm/java-6-openjdk-i386/jre/lib/rt.jar
6bf00000-6bf21000 rw-p 00000000 00:00 0 
6bf21000-6c000000 ---p 00000000 00:00 0 
6c020000-6c02c000 r-xp 00000000 08:05 12976367   /home/baptiste/git/ParserJNI/JNA/Java/libarcanaJNI.so
6c02c000-6c02d000 r--p 0000b000 08:05 12976367   /home/baptiste/git/ParserJNI/JNA/Java/libarcanaJNI.so
6c02d000-6c02e000 rw-p 0000c000 08:05 12976367   /home/baptiste/git/ParserJNI/JNA/Java/libarcanaJNI.so
6c02e000-6c031000 ---p 00000000 00:00 0 
6c031000-6c07f000 rw-p 00000000 00:00 0 
6c07f000-6c080000 ---p 00000000 00:00 0 
6c080000-6c100000 rw-p 00000000 00:00 0 
6c100000-6c121000 rw-p 00000000 00:00 0 
6c121000-6c200000 ---p 00000000 00:00 0 
6c203000-6c236000 rw-p 00000000 00:00 0 
6c236000-6c237000 ---p 00000000 00:00 0 
6c237000-6c2b7000 rw-p 00000000 00:00 0 
6c2b7000-6c2b8000 ---p 00000000 00:00 0 
6c2b8000-6c340000 rw-p 00000000 00:00 0 
6c340000-6c378000 rw-p 00000000 00:00 0 
6c378000-6c38d000 rw-p 00000000 00:00 0 
6c38d000-6c4c8000 rw-p 00000000 00:00 0 
6c4c8000-6c4d0000 rw-p 00000000 00:00 0 
6c4d0000-6c508000 rw-p 00000000 00:00 0 
6c508000-6c51d000 rw-p 00000000 00:00 0 
6c51d000-6c657000 rw-p 00000000 00:00 0 
6c657000-6c662000 rw-p 00000000 00:00 0 
6c662000-6c6ff000 rw-p 00000000 00:00 0 
6c6ff000-6d700000 rw-p 00000000 00:00 0 
6d700000-74700000 rw-p 00000000 00:00 0 
74700000-770f0000 rw-p 00000000 00:00 0 
770f0000-9e5b0000 rw-p 00000000 00:00 0 
9e5b0000-9faa0000 rw-p 00000000 00:00 0 
9faa0000-b3500000 rw-p 00000000 00:00 0 
b3507000-b350a000 r--s 00077000 08:05 3411556    /usr/lib/jvm/java-6-openjdk-common/jre/lib/ext/localedata.jar
b350a000-b350d000 r--s 00031000 08:05 3416587    /usr/lib/jvm/java-6-openjdk-common/jre/lib/ext/sunjce_provider.jar
b350d000-b3516000 rw-p 00000000 00:00 0 
b3516000-b35cd000 rw-p 00000000 00:00 0 
b35cd000-b380d000 rwxp 00000000 00:00 0 
b380d000-b65cd000 rw-p 00000000 00:00 0 
b65cd000-b65d8000 r-xp 00000000 08:05 10756485   /lib/i386-linux-gnu/libnss_files-2.15.so
b65d8000-b65d9000 r--p 0000a000 08:05 10756485   /lib/i386-linux-gnu/libnss_files-2.15.so
b65d9000-b65da000 rw-p 0000b000 08:05 10756485   /lib/i386-linux-gnu/libnss_files-2.15.so
b65da000-b65e4000 r-xp 00000000 08:05 10756489   /lib/i386-linux-gnu/libnss_nis-2.15.so
b65e4000-b65e5000 r--p 00009000 08:05 10756489   /lib/i386-linux-gnu/libnss_nis-2.15.so
b65e5000-b65e6000 rw-p 0000a000 08:05 10756489   /lib/i386-linux-gnu/libnss_nis-2.15.so
b65e6000-b65fc000 r-xp 00000000 08:05 10756501   /lib/i386-linux-gnu/libnsl-2.15.so
b65fc000-b65fd000 r--p 00015000 08:05 10756501   /lib/i386-linux-gnu/libnsl-2.15.so
b65fd000-b65fe000 rw-p 00016000 08:05 10756501   /lib/i386-linux-gnu/libnsl-2.15.so
b65fe000-b6600000 rw-p 00000000 00:00 0 
b6600000-b66de000 rw-p 00000000 00:00 0 
b66de000-b6700000 ---p 00000000 00:00 0 
b6700000-b6707000 r-xp 00000000 08:05 10756483   /lib/i386-linux-gnu/libnss_compat-2.15.so
b6707000-b6708000 r--p 00006000 08:05 10756483   /lib/i386-linux-gnu/libnss_compat-2.15.so
b6708000-b6709000 rw-p 00007000 08:05 10756483   /lib/i386-linux-gnu/libnss_compat-2.15.so
b670b000-b670f000 r--s 00039000 08:05 3410657    /usr/lib/jvm/java-6-openjdk-common/jre/lib/ext/sunpkcs11.jar
b670f000-b6716000 r-xp 00000000 08:05 6163400    /usr/lib/jvm/java-6-openjdk-i386/jre/lib/i386/libzip.so
b6716000-b6717000 r--p 00006000 08:05 6163400    /usr/lib/jvm/java-6-openjdk-i386/jre/lib/i386/libzip.so
b6717000-b6718000 rw-p 00007000 08:05 6163400    /usr/lib/jvm/java-6-openjdk-i386/jre/lib/i386/libzip.so
b6718000-b6720000 rw-s 00000000 08:05 4590735    /tmp/hsperfdata_baptiste/6959
b6720000-b6746000 r-xp 00000000 08:05 6163394    /usr/lib/jvm/java-6-openjdk-i386/jre/lib/i386/libjava.so
b6746000-b6747000 r--p 00025000 08:05 6163394    /usr/lib/jvm/java-6-openjdk-i386/jre/lib/i386/libjava.so
b6747000-b6749000 rw-p 00026000 08:05 6163394    /usr/lib/jvm/java-6-openjdk-i386/jre/lib/i386/libjava.so
b6749000-b6750000 r-xp 00000000 08:05 10756488   /lib/i386-linux-gnu/librt-2.15.so
b6750000-b6751000 r--p 00006000 08:05 10756488   /lib/i386-linux-gnu/librt-2.15.so
b6751000-b6752000 rw-p 00007000 08:05 10756488   /lib/i386-linux-gnu/librt-2.15.so
b6752000-b6755000 ---p 00000000 00:00 0 
b6755000-b67a3000 rw-p 00000000 00:00 0 
b67a3000-b67bf000 r-xp 00000000 08:05 10748852   /lib/i386-linux-gnu/libgcc_s.so.1
b67bf000-b67c0000 r--p 0001b000 08:05 10748852   /lib/i386-linux-gnu/libgcc_s.so.1
b67c0000-b67c1000 rw-p 0001c000 08:05 10748852   /lib/i386-linux-gnu/libgcc_s.so.1
b67c1000-b67eb000 r-xp 00000000 08:05 10756492   /lib/i386-linux-gnu/libm-2.15.so
b67eb000-b67ec000 r--p 00029000 08:05 10756492   /lib/i386-linux-gnu/libm-2.15.so
b67ec000-b67ed000 rw-p 0002a000 08:05 10756492   /lib/i386-linux-gnu/libm-2.15.so
b67ed000-b68c5000 r-xp 00000000 08:05 3150797    /usr/lib/i386-linux-gnu/libstdc++.so.6.0.16
b68c5000-b68c6000 ---p 000d8000 08:05 3150797    /usr/lib/i386-linux-gnu/libstdc++.so.6.0.16
b68c6000-b68ca000 r--p 000d8000 08:05 3150797    /usr/lib/i386-linux-gnu/libstdc++.so.6.0.16
b68ca000-b68cb000 rw-p 000dc000 08:05 3150797    /usr/lib/i386-linux-gnu/libstdc++.so.6.0.16
b68cb000-b68d2000 rw-p 00000000 00:00 0 
b68d2000-b70f1000 r-xp 00000000 08:05 6164685    /usr/lib/jvm/java-6-openjdk-i386/jre/lib/i386/server/libjvm.so
b70f1000-b7136000 r--p 0081f000 08:05 6164685    /usr/lib/jvm/java-6-openjdk-i386/jre/lib/i386/server/libjvm.so
b7136000-b7145000 rw-p 00864000 08:05 6164685    /usr/lib/jvm/java-6-openjdk-i386/jre/lib/i386/server/libjvm.so
b7145000-b7561000 rw-p 00000000 00:00 0 
b7561000-b7575000 r-xp 00000000 08:05 10748942   /lib/i386-linux-gnu/libz.so.1.2.3.4
b7575000-b7576000 r--p 00013000 08:05 10748942   /lib/i386-linux-gnu/libz.so.1.2.3.4
b7576000-b7577000 rw-p 00014000 08:05 10748942   /lib/i386-linux-gnu/libz.so.1.2.3.4
b7577000-b771a000 r-xp 00000000 08:05 10756481   /lib/i386-linux-gnu/libc-2.15.so
b771a000-b771c000 r--p 001a3000 08:05 10756481   /lib/i386-linux-gnu/libc-2.15.so
b771c000-b771d000 rw-p 001a5000 08:05 10756481   /lib/i386-linux-gnu/libc-2.15.so
b771d000-b7720000 rw-p 00000000 00:00 0 
b7720000-b7723000 r-xp 00000000 08:05 10756496   /lib/i386-linux-gnu/libdl-2.15.so
b7723000-b7724000 r--p 00002000 08:05 10756496   /lib/i386-linux-gnu/libdl-2.15.so
b7724000-b7725000 rw-p 00003000 08:05 10756496   /lib/i386-linux-gnu/libdl-2.15.so
b7725000-b7729000 r-xp 00000000 08:05 6163403    /usr/lib/jvm/java-6-openjdk-i386/jre/lib/i386/jli/libjli.so
b7729000-b772a000 r--p 00003000 08:05 6163403    /usr/lib/jvm/java-6-openjdk-i386/jre/lib/i386/jli/libjli.so
b772a000-b772b000 rw-p 00004000 08:05 6163403    /usr/lib/jvm/java-6-openjdk-i386/jre/lib/i386/jli/libjli.so
b772b000-b772c000 rw-p 00000000 00:00 0 
b772c000-b7743000 r-xp 00000000 08:05 10756490   /lib/i386-linux-gnu/libpthread-2.15.so
b7743000-b7744000 r--p 00016000 08:05 10756490   /lib/i386-linux-gnu/libpthread-2.15.so
b7744000-b7745000 rw-p 00017000 08:05 10756490   /lib/i386-linux-gnu/libpthread-2.15.so
b7745000-b7747000 rw-p 00000000 00:00 0 
b7748000-b774a000 r--s 0000f000 08:05 3416589    /usr/lib/jvm/java-6-openjdk-common/jre/lib/ext/pulse-java.jar
b774a000-b774b000 r--s 00007000 08:05 3415217    /usr/share/java/java-atk-wrapper.jar
b774b000-b774d000 r--s 00001000 08:05 3416588    /usr/lib/jvm/java-6-openjdk-common/jre/lib/ext/dnsns.jar
b774d000-b774e000 r--p 00858000 08:05 3152888    /usr/lib/locale/locale-archive
b774e000-b774f000 rw-p 00000000 00:00 0 
b774f000-b7750000 r--p 00000000 00:00 0 
b7750000-b775b000 r-xp 00000000 08:05 6167144    /usr/lib/jvm/java-6-openjdk-i386/jre/lib/i386/libverify.so
b775b000-b775c000 ---p 0000b000 08:05 6167144    /usr/lib/jvm/java-6-openjdk-i386/jre/lib/i386/libverify.so
b775c000-b775d000 r--p 0000b000 08:05 6167144    /usr/lib/jvm/java-6-openjdk-i386/jre/lib/i386/libverify.so
b775d000-b775e000 rw-p 0000c000 08:05 6167144    /usr/lib/jvm/java-6-openjdk-i386/jre/lib/i386/libverify.so
b775e000-b7760000 rw-p 00000000 00:00 0 
b7760000-b7761000 r-xp 00000000 00:00 0          [vdso]
b7761000-b7781000 r-xp 00000000 08:05 10756493   /lib/i386-linux-gnu/ld-2.15.so
b7781000-b7782000 r--p 0001f000 08:05 10756493   /lib/i386-linux-gnu/ld-2.15.so
b7782000-b7783000 rw-p 00020000 08:05 10756493   /lib/i386-linux-gnu/ld-2.15.so
bffa0000-bffc1000 rw-p 00000000 00:00 0          [stack]

VM Arguments:
jvm_args: -Djava.library.path=. 
java_command: test
Launcher Type: SUN_STANDARD

Environment Variables:
PATH=/home/baptiste/local/bin:/usr/lib/lightdm/lightdm:/usr/local/sbin:/usr/local/bin:/usr/sbin:/usr/bin:/sbin:/bin:/usr/games
LD_LIBRARY_PATH=/usr/lib/jvm/java-6-openjdk-i386/jre/lib/i386/server:/usr/lib/jvm/java-6-openjdk-i386/jre/lib/i386:/usr/lib/jvm/java-6-openjdk-i386/jre/../lib/i386:.
SHELL=/bin/bash
DISPLAY=:0.0

Signal Handlers:
SIGSEGV: [libjvm.so+0x66b2b0], sa_mask[0]=0x7ffbfeff, sa_flags=0x10000004
SIGBUS: [libjvm.so+0x66b2b0], sa_mask[0]=0x7ffbfeff, sa_flags=0x10000004
SIGFPE: [libjvm.so+0x52e950], sa_mask[0]=0x7ffbfeff, sa_flags=0x10000004
SIGPIPE: [libjvm.so+0x52e950], sa_mask[0]=0x7ffbfeff, sa_flags=0x10000004
SIGXFSZ: [libjvm.so+0x52e950], sa_mask[0]=0x7ffbfeff, sa_flags=0x10000004
SIGILL: [libjvm.so+0x52e950], sa_mask[0]=0x7ffbfeff, sa_flags=0x10000004
SIGUSR1: SIG_DFL, sa_mask[0]=0x00000000, sa_flags=0x00000000
SIGUSR2: [libjvm.so+0x52e7e0], sa_mask[0]=0x00000000, sa_flags=0x10000004
SIGHUP: [libjvm.so+0x531770], sa_mask[0]=0x7ffbfeff, sa_flags=0x10000004
SIGINT: [libjvm.so+0x531770], sa_mask[0]=0x7ffbfeff, sa_flags=0x10000004
SIGTERM: [libjvm.so+0x531770], sa_mask[0]=0x7ffbfeff, sa_flags=0x10000004
SIGQUIT: [libjvm.so+0x531770], sa_mask[0]=0x7ffbfeff, sa_flags=0x10000004


---------------  S Y S T E M  ---------------

OS:Ubuntu 12.04 (precise)
uname:Linux 3.2.0-48-generic-pae #74-Ubuntu SMP Thu Jun 6 20:05:01 UTC 2013 i686
libc:glibc 2.15 NPTL 2.15 
rlimit: STACK 8192k, CORE 0k, NPROC 32049, NOFILE 4096, AS infinity
load average:2.88 2.47 2.15

/proc/meminfo:
MemTotal:        4116908 kB
MemFree:         2659868 kB
Buffers:          124220 kB
Cached:           712844 kB
SwapCached:            0 kB
Active:           886820 kB
Inactive:         479480 kB
Active(anon):     530188 kB
Inactive(anon):    19644 kB
Active(file):     356632 kB
Inactive(file):   459836 kB
Unevictable:          20 kB
Mlocked:              20 kB
HighTotal:       3276048 kB
HighFree:        2011124 kB
LowTotal:         840860 kB
LowFree:          648744 kB
SwapTotal:       3145724 kB
SwapFree:        3145724 kB
Dirty:               116 kB
Writeback:             0 kB
AnonPages:        529128 kB
Mapped:           161076 kB
Shmem:             20600 kB
Slab:              46864 kB
SReclaimable:      30908 kB
SUnreclaim:        15956 kB
KernelStack:        2968 kB
PageTables:         8456 kB
NFS_Unstable:          0 kB
Bounce:                0 kB
WritebackTmp:          0 kB
CommitLimit:     5204176 kB
Committed_AS:    2511264 kB
VmallocTotal:     122880 kB
VmallocUsed:       49960 kB
VmallocChunk:      63876 kB
HardwareCorrupted:     0 kB
AnonHugePages:         0 kB
HugePages_Total:       0
HugePages_Free:        0
HugePages_Rsvd:        0
HugePages_Surp:        0
Hugepagesize:       2048 kB
DirectMap4k:       53240 kB
DirectMap2M:      860160 kB


CPU:total 2 (2 cores per cpu, 1 threads per core) family 6 model 23 stepping 6, cmov, cx8, fxsr, mmx, sse, sse2, sse3, ssse3, sse4.1

Memory: 4k page, physical 4116908k(2659868k free), swap 3145724k(3145724k free)

vm_info: OpenJDK Server VM (20.0-b12) for linux-x86 JRE (1.6.0_27-b27), built on Apr 25 2013 14:59:06 by "buildd" with gcc 4.6.3

time: Sat Jun 29 16:29:40 2013
elapsed time: 0 seconds

